<?xml version="1.0" encoding="utf-8"?><testsuites name="pytest tests"><testsuite name="pytest" errors="0" failures="1" skipped="0" tests="29" time="5.443" timestamp="2026-07-20T06:27:32.812741+00:00" hostname="agent-env-76fe2d30-fcd7-45b5-8fb4-0ddf9ce5af8c"><testcase classname="backend.tests.test_iter76_tc_batch.TestJobEdit" name="test_update_date_cabs_window_reprice" time="0.391" /><testcase classname="backend.tests.test_iter76_tc_batch.TestJobEdit" name="test_update_status_valid" time="0.104" /><testcase classname="backend.tests.test_iter76_tc_batch.TestJobEdit" name="test_update_status_invalid" time="0.093" /><testcase classname="backend.tests.test_iter76_tc_batch.TestJobEdit" name="test_update_tech_ids_filters_invalid" time="0.144" /><testcase classname="backend.tests.test_iter76_tc_batch.TestJobEdit" name="test_update_empty_payload_400" time="0.094"><failure message="assert 200 == 400&#10; +  where 200 = &lt;Response [200]&gt;.status_code">backend/tests/test_iter76_tc_batch.py:78: in test_update_empty_payload_400
    assert r.status_code == 400
E   assert 200 == 400
E    +  where 200 = &lt;Response [200]&gt;.status_code</failure></testcase><testcase classname="backend.tests.test_iter76_tc_batch.TestJobEdit" name="test_delete_and_404" time="0.141" /><testcase classname="backend.tests.test_iter76_tc_batch.TestTechEdit" name="test_update_tech_fields" time="0.147" /><testcase classname="backend.tests.test_iter76_tc_batch.TestTechEdit" name="test_update_tech_bad_role" time="0.092" /><testcase classname="backend.tests.test_iter76_tc_batch.TestTechEdit" name="test_update_tech_404" time="0.057" /><testcase classname="backend.tests.test_iter76_tc_batch.TestSchedule42" name="test_42_day_bucket" time="0.050" /><testcase classname="backend.tests.test_iter76_tc_batch.TestSchedule42" name="test_clamped_at_45" time="0.050" /><testcase classname="backend.tests.test_iter76_tc_batch.TestReviewEngine" name="test_settings_roundtrip" time="0.095" /><testcase classname="backend.tests.test_iter76_tc_batch.TestReviewEngine" name="test_review_request_no_phone_skipped" time="0.187" /><testcase classname="backend.tests.test_iter76_tc_batch.TestReviewEngine" name="test_review_request_with_phone_sms_logged" time="0.577" /><testcase classname="backend.tests.test_iter76_tc_batch.TestScentCard" name="test_create_scent_card_link" time="0.177" /><testcase classname="backend.tests.test_iter76_tc_batch.TestScentCard" name="test_public_get_scent_menu" time="0.248" /><testcase classname="backend.tests.test_iter76_tc_batch.TestScentCard" name="test_public_submit_reprice_and_added_total" time="0.347" /><testcase classname="backend.tests.test_iter76_tc_batch.TestScentCard" name="test_public_submit_invalid_scent" time="0.244" /><testcase classname="backend.tests.test_iter76_tc_batch.TestScentCard" name="test_public_locked_when_completed" time="0.460" /><testcase classname="backend.tests.test_iter76_tc_batch.TestScentCard" name="test_bad_token_404" time="0.097" /><testcase classname="backend.tests.test_iter76_tc_batch.TestReminderBothLinks" name="test_reminder_body_has_reschedule_and_scent" time="0.410" /><testcase classname="backend.tests.test_iter76_tc_batch.TestInventory" name="test_inventory_seed_9_items" time="0.048" /><testcase classname="backend.tests.test_iter76_tc_batch.TestInventory" name="test_adjust_positive_and_negative" time="0.145" /><testcase classname="backend.tests.test_iter76_tc_batch.TestInventory" name="test_adjust_zero_400" time="0.094" /><testcase classname="backend.tests.test_iter76_tc_batch.TestInventory" name="test_adjust_over_500_400" time="0.131" /><testcase classname="backend.tests.test_iter76_tc_batch.TestInventory" name="test_adjust_floors_at_zero" time="0.190" /><testcase classname="backend.tests.test_iter76_tc_batch.TestInventory" name="test_consume_once_on_completion" time="0.435" /><testcase classname="backend.tests.test_iter76_tc_batch" name="test_delete_job_missing_404" time="0.059" /><testcase classname="backend.tests.test_iter76_tc_batch" name="test_scent_card_job_missing_404" time="0.046" /></testsuite></testsuites>