<?xml version="1.0" encoding="utf-8"?><testsuites name="pytest tests"><testsuite name="pytest" errors="0" failures="0" skipped="0" tests="15" time="4.887" timestamp="2026-05-20T00:48:58.709028+00:00" hostname="agent-env-76fe2d30-fcd7-45b5-8fb4-0ddf9ce5af8c"><testcase classname="backend.tests.test_iter31_invite_links.TestAdminAuth" name="test_create_requires_admin" time="0.147" /><testcase classname="backend.tests.test_iter31_invite_links.TestAdminAuth" name="test_create_validation_empty_firm" time="0.102" /><testcase classname="backend.tests.test_iter31_invite_links.TestAdminCrud" name="test_list_invite_links" time="0.211" /><testcase classname="backend.tests.test_iter31_invite_links.TestAdminCrud" name="test_disable_and_delete" time="0.552" /><testcase classname="backend.tests.test_iter31_invite_links.TestPublic" name="test_summary_valid" time="0.127" /><testcase classname="backend.tests.test_iter31_invite_links.TestPublic" name="test_summary_invalid_404" time="0.099" /><testcase classname="backend.tests.test_iter31_invite_links.TestPublic" name="test_log_visit_increments" time="0.231" /><testcase classname="backend.tests.test_iter31_invite_links.TestPublic" name="test_deck_pdf_personalized" time="0.411" /><testcase classname="backend.tests.test_iter31_invite_links.TestPublic" name="test_one_pager_pdf_personalized" time="0.381" /><testcase classname="backend.tests.test_iter31_invite_links.TestPublic" name="test_data_room_zip_personalized" time="0.503" /><testcase classname="backend.tests.test_iter31_invite_links.TestRegression" name="test_non_personalized_summary_still_works" time="0.109" /><testcase classname="backend.tests.test_iter31_invite_links.TestRegression" name="test_non_personalized_pdfs" time="0.563" /><testcase classname="backend.tests.test_iter31_invite_links.TestRegression" name="test_non_personalized_zip" time="0.505" /><testcase classname="backend.tests.test_iter31_invite_links.TestRegression" name="test_orisei_endpoints_intact" time="0.400" /><testcase classname="backend.tests.test_iter31_invite_links.TestCapHit" name="test_max_visits_cap_returns_423" time="0.524" /></testsuite></testsuites>