<?xml version="1.0" encoding="utf-8"?><testsuites name="pytest tests"><testsuite name="pytest" errors="0" failures="1" skipped="0" tests="22" time="4.009" timestamp="2026-05-11T11:54:48.280701+00:00" hostname="agent-env-76fe2d30-fcd7-45b5-8fb4-0ddf9ce5af8c"><testcase classname="backend.tests.test_equipment_v17.TestEquipmentUpload" name="test_upload_xlsx_success" time="0.994" /><testcase classname="backend.tests.test_equipment_v17.TestEquipmentUpload" name="test_upload_rejects_non_xlsx" time="0.187" /><testcase classname="backend.tests.test_equipment_v17.TestEquipmentReports" name="test_list_reports" time="0.128" /><testcase classname="backend.tests.test_equipment_v17.TestEquipmentReports" name="test_get_report_by_id" time="0.059" /><testcase classname="backend.tests.test_equipment_v17.TestEquipmentReports" name="test_get_report_404" time="0.056" /><testcase classname="backend.tests.test_equipment_v17.TestAnalytics" name="test_analytics_has_all_fields" time="0.064" /><testcase classname="backend.tests.test_equipment_v17.TestRbacDelete" name="test_delete_forbidden_for_dispatcher" time="0.462" /><testcase classname="backend.tests.test_equipment_v17.TestRbacDelete" name="test_delete_forbidden_for_auditor" time="0.583" /><testcase classname="backend.tests.test_equipment_v17.TestRbacDelete" name="test_delete_admin_ok" time="0.129" /><testcase classname="backend.tests.test_documents_v16.TestDocumentCreateAmend" name="test_create_document_defaults" time="0.058" /><testcase classname="backend.tests.test_documents_v16.TestDocumentCreateAmend" name="test_amend_document_records_diff" time="0.079" /><testcase classname="backend.tests.test_documents_v16.TestDocumentCreateAmend" name="test_amend_404" time="0.067" /><testcase classname="backend.tests.test_documents_v16.TestDocumentEmail" name="test_email_returns_mailto_and_logs" time="0.058"><failure message="AssertionError: assert 'Bill of Lading' in 'Tennant · BILL OF LADING (Rev 2) · TEST_REF_001'">backend/tests/test_documents_v16.py:95: in test_email_returns_mailto_and_logs
    assert "Bill of Lading" in j["subject"]
E   AssertionError: assert 'Bill of Lading' in 'Tennant · BILL OF LADING (Rev 2) · TEST_REF_001'</failure></testcase><testcase classname="backend.tests.test_documents_v16.TestDocumentEmail" name="test_email_404" time="0.068" /><testcase classname="backend.tests.test_documents_v16.TestGenerateBolFromShipment" name="test_generate_bol_admin" time="0.280" /><testcase classname="backend.tests.test_documents_v16.TestGenerateBolFromShipment" name="test_generate_bol_404" time="0.074" /><testcase classname="backend.tests.test_documents_v16.TestGenerateBolFromShipment" name="test_generate_bol_rbac_auditor_forbidden" time="0.135" /><testcase classname="backend.tests.test_documents_v16.TestListDocuments" name="test_list_includes_new_fields" time="0.067" /><testcase classname="backend.tests.test_documents_v16.TestPdf" name="test_pdf_reflects_latest_data" time="0.082" /><testcase classname="backend.tests.test_documents_v16.TestRegressionSmoke" name="test_shipments_list" time="0.073" /><testcase classname="backend.tests.test_documents_v16.TestRegressionSmoke" name="test_workbook_tabs" time="0.062" /><testcase classname="backend.tests.test_documents_v16.TestRegressionSmoke" name="test_kpis" time="0.065" /></testsuite></testsuites>