<?xml version="1.0" encoding="utf-8"?><testsuites name="pytest tests"><testsuite name="pytest" errors="0" failures="0" skipped="0" tests="8" time="2.301" timestamp="2026-06-18T02:52:45.855097+00:00" hostname="agent-env-76fe2d30-fcd7-45b5-8fb4-0ddf9ce5af8c"><testcase classname="backend.tests.test_iter44_book_load_mirror.TestBookLoadMirror" name="test_create_shipment_mirrors_to_brokerage_bookings" time="1.210" /><testcase classname="backend.tests.test_iter44_book_load_mirror.TestBookLoadMirror" name="test_workflow_checklist_for_new_booking" time="0.055" /><testcase classname="backend.tests.test_iter44_book_load_mirror.TestDataStatus" name="test_data_status_shape" time="0.061" /><testcase classname="backend.tests.test_iter44_book_load_mirror.TestBackfillSampleFlags" name="test_backfill_is_idempotent" time="0.524" /><testcase classname="backend.tests.test_iter44_book_load_mirror.TestBackfillSampleFlags" name="test_backfill_admin_only" time="0.057" /><testcase classname="backend.tests.test_iter44_book_load_mirror.TestClearSampleData" name="test_clear_requires_confirm" time="0.055" /><testcase classname="backend.tests.test_iter44_book_load_mirror.TestClearSampleData" name="test_clear_admin_only" time="0.048" /><testcase classname="backend.tests.test_iter44_book_load_mirror.TestClearSampleData" name="test_clear_preserves_real_book_load_rows" time="0.246" /></testsuite></testsuites>