<?xml version="1.0" encoding="utf-8"?><testsuites name="pytest tests"><testsuite name="pytest" errors="0" failures="1" skipped="0" tests="13" time="2.339" timestamp="2026-07-25T10:19:27.318850+00:00" hostname="agent-env-76fe2d30-fcd7-45b5-8fb4-0ddf9ce5af8c"><testcase classname="backend.tests.test_iter79_loadboard_gateway.TestBoards" name="test_list_boards" time="0.131" /><testcase classname="backend.tests.test_iter79_loadboard_gateway.TestBoards" name="test_board_test_no_credentials" time="0.244" /><testcase classname="backend.tests.test_iter79_loadboard_gateway.TestBoards" name="test_board_test_unknown_404" time="0.050" /><testcase classname="backend.tests.test_iter79_loadboard_gateway.TestFeed" name="test_ingest_and_dedup" time="0.144" /><testcase classname="backend.tests.test_iter79_loadboard_gateway.TestFeed" name="test_feed" time="0.046" /><testcase classname="backend.tests.test_iter79_loadboard_gateway.TestOutbox" name="test_outbox_lists_queued" time="0.046" /><testcase classname="backend.tests.test_iter79_loadboard_gateway.TestOutbox" name="test_outbox_flush_no_key" time="0.044" /><testcase classname="backend.tests.test_iter79_loadboard_gateway.TestOutbox" name="test_actions_has_queued" time="0.045" /><testcase classname="backend.tests.test_iter79_loadboard_gateway.TestAutopilotE2E" name="test_booking_creates_outbox_and_action" time="1.383" /><testcase classname="backend.tests.test_iter79_loadboard_gateway.TestConnections" name="test_providers_has_convoy_and_booking_email" time="0.043"><failure message="AssertionError: truckstop lacks booking_email field: {'client_id', 'integration_id', 'client_secret'}&#10;assert 'booking_email' in {'client_id', 'client_secret', 'integration_id'}">E   AssertionError: truckstop lacks booking_email field: {'client_id', 'integration_id', 'client_secret'}
    assert 'booking_email' in {'client_id', 'client_secret', 'integration_id'}</failure></testcase><testcase classname="backend.tests.test_iter79_loadboard_gateway.TestRegression" name="test_gateway_status_chain" time="0.043" /><testcase classname="backend.tests.test_iter79_loadboard_gateway.TestRegression" name="test_self_repair_sweep" time="0.049" /><testcase classname="backend.tests.test_iter79_loadboard_gateway.TestRegression" name="test_ops_backups_list" time="0.044" /></testsuite></testsuites>