<?xml version="1.0" encoding="utf-8"?><testsuites name="pytest tests"><testsuite name="pytest" errors="0" failures="0" skipped="0" tests="10" time="0.812" timestamp="2026-05-12T11:03:06.938916+00:00" hostname="agent-env-76fe2d30-fcd7-45b5-8fb4-0ddf9ce5af8c"><testcase classname="backend.tests.test_iter16.TestSuppliers" name="test_list_suppliers_seed" time="0.135" /><testcase classname="backend.tests.test_iter16.TestSuppliers" name="test_create_and_delete_custom_supplier" time="0.200" /><testcase classname="backend.tests.test_iter16.TestSuppliers" name="test_create_supplier_requires_name" time="0.048" /><testcase classname="backend.tests.test_iter16.TestSuppliers" name="test_delete_seed_supplier_returns_404" time="0.050" /><testcase classname="backend.tests.test_iter16.TestDrivers" name="test_list_drivers" time="0.050" /><testcase classname="backend.tests.test_iter16.TestDrivers" name="test_create_driver" time="0.102" /><testcase classname="backend.tests.test_iter16.TestTrailers" name="test_list_trailers" time="0.047" /><testcase classname="backend.tests.test_iter16.TestTrailers" name="test_create_trailer" time="0.047" /><testcase classname="backend.tests.test_iter16.TestManualV2" name="test_manual_cover_v2" time="0.054" /><testcase classname="backend.tests.test_iter16.TestManualV2" name="test_manual_has_new_feature_slides" time="0.053" /></testsuite></testsuites>