<?xml version="1.0" encoding="utf-8"?><testsuites name="pytest tests"><testsuite name="pytest" errors="0" failures="0" skipped="0" tests="18" time="3.614" timestamp="2026-07-13T10:45:17.609032+00:00" hostname="agent-env-76fe2d30-fcd7-45b5-8fb4-0ddf9ce5af8c"><testcase classname="backend.tests.test_iter63_hunter_ltl_ar.TestLoadHunter" name="test_scan_returns_winners_with_components" time="0.278" /><testcase classname="backend.tests.test_iter63_hunter_ltl_ar.TestLoadHunter" name="test_get_winners" time="0.093" /><testcase classname="backend.tests.test_iter63_hunter_ltl_ar.TestLoadHunter" name="test_book_and_dismiss_winner" time="0.432" /><testcase classname="backend.tests.test_iter63_hunter_ltl_ar.TestLoadHunter" name="test_config_mode_switch" time="0.291" /><testcase classname="backend.tests.test_iter63_hunter_ltl_ar.TestLoadHunter" name="test_config_auto_book_and_scan_books" time="0.220" /><testcase classname="backend.tests.test_iter63_hunter_ltl_ar.TestLoadHunter" name="test_risk_registry_has_kraft" time="0.097" /><testcase classname="backend.tests.test_iter63_hunter_ltl_ar.TestLoadHunter" name="test_audit_and_compliance_and_stats" time="0.294" /><testcase classname="backend.tests.test_iter63_hunter_ltl_ar.TestLTL" name="test_cards_autoseed_six" time="0.095" /><testcase classname="backend.tests.test_iter63_hunter_ltl_ar.TestLTL" name="test_quote_returns_six_ranked" time="0.102" /><testcase classname="backend.tests.test_iter63_hunter_ltl_ar.TestLTL" name="test_inline_update_card_discount" time="0.309" /><testcase classname="backend.tests.test_iter63_hunter_ltl_ar.TestLTL" name="test_quotes_history" time="0.096" /><testcase classname="backend.tests.test_iter63_hunter_ltl_ar.TestAR" name="test_aging_buckets" time="0.103" /><testcase classname="backend.tests.test_iter63_hunter_ltl_ar.TestAR" name="test_auto_invoice_idempotent" time="0.201" /><testcase classname="backend.tests.test_iter63_hunter_ltl_ar.TestAR" name="test_sync_risk" time="0.095" /><testcase classname="backend.tests.test_iter63_hunter_ltl_ar.TestAR" name="test_mark_paid_and_remind" time="0.343" /><testcase classname="backend.tests.test_iter63_hunter_ltl_ar.TestAR" name="test_dunning_list" time="0.102" /><testcase classname="backend.tests.test_iter63_hunter_ltl_ar" name="test_ops_kpis_daily_series" time="0.105" /><testcase classname="backend.tests.test_iter63_hunter_ltl_ar" name="test_carrier_brochure_pdf" time="0.302" /></testsuite></testsuites>