<?xml version="1.0" encoding="utf-8"?><testsuites name="pytest tests"><testsuite name="pytest" errors="0" failures="0" skipped="0" tests="15" time="2.623" timestamp="2026-07-20T05:14:26.822281+00:00" hostname="agent-env-76fe2d30-fcd7-45b5-8fb4-0ddf9ce5af8c"><testcase classname="backend.tests.test_iter74_tc_fleet_offers.TestFleetUnits" name="test_units_seed_and_shape" time="0.187" /><testcase classname="backend.tests.test_iter74_tc_fleet_offers.TestFleetUnits" name="test_units_filter_by_client" time="0.238" /><testcase classname="backend.tests.test_iter74_tc_fleet_offers.TestFleetUnits" name="test_add_unit_unknown_client_404" time="0.104" /><testcase classname="backend.tests.test_iter74_tc_fleet_offers.TestFleetUnits" name="test_add_unit_derives_cadence" time="0.229" /><testcase classname="backend.tests.test_iter74_tc_fleet_offers.TestFleetUnits" name="test_mark_cleaned_updates_metrics" time="0.105" /><testcase classname="backend.tests.test_iter74_tc_fleet_offers.TestFleetUnits" name="test_cadence_range_guard" time="0.400" /><testcase classname="backend.tests.test_iter74_tc_fleet_offers.TestFleetUnits" name="test_cadence_404_unknown_unit" time="0.103" /><testcase classname="backend.tests.test_iter74_tc_fleet_offers.TestFleetUnits" name="test_delete_unit" time="0.200" /><testcase classname="backend.tests.test_iter74_tc_fleet_offers.TestAiSchedule" name="test_schedule_no_ai" time="0.100" /><testcase classname="backend.tests.test_iter74_tc_fleet_offers.TestAiSchedule" name="test_schedule_days_clamp" time="0.106" /><testcase classname="backend.tests.test_iter74_tc_fleet_offers.TestOffers" name="test_offers_list_shape" time="0.136" /><testcase classname="backend.tests.test_iter74_tc_fleet_offers.TestOffers" name="test_send_offer_400_when_no_resend" time="0.199" /><testcase classname="backend.tests.test_iter74_tc_fleet_offers.TestOffers" name="test_send_all_400_when_no_resend" time="0.106" /><testcase classname="backend.tests.test_iter74_tc_fleet_offers.TestOffers" name="test_delete_offer" time="0.358" /><testcase classname="backend.tests.test_iter74_tc_fleet_offers" name="test_zzz_cleanup" time="0.000" /></testsuite></testsuites>