<?xml version="1.0" encoding="utf-8"?><testsuites name="pytest tests"><testsuite name="pytest" errors="0" failures="1" skipped="0" tests="19" time="2.367" timestamp="2026-07-22T22:07:23.772056+00:00" hostname="agent-env-76fe2d30-fcd7-45b5-8fb4-0ddf9ce5af8c"><testcase classname="backend.tests.test_iter77_broker_autopilot_backhaul.TestStatus" name="test_status_ok" time="0.218" /><testcase classname="backend.tests.test_iter77_broker_autopilot_backhaul.TestStatus" name="test_new_loads_have_drivers" time="0.061" /><testcase classname="backend.tests.test_iter77_broker_autopilot_backhaul.TestStatus" name="test_stats_sourced_excludes_backhaul" time="0.054" /><testcase classname="backend.tests.test_iter77_broker_autopilot_backhaul.TestDrivers" name="test_list" time="0.054" /><testcase classname="backend.tests.test_iter77_broker_autopilot_backhaul.TestDrivers" name="test_create_edit_delete" time="0.384" /><testcase classname="backend.tests.test_iter77_broker_autopilot_backhaul.TestDrivers" name="test_unknown_driver_404" time="0.101" /><testcase classname="backend.tests.test_iter77_broker_autopilot_backhaul.TestDrivers" name="test_unknown_carrier_404" time="0.049" /><testcase classname="backend.tests.test_iter77_broker_autopilot_backhaul.TestRunCycle" name="test_run_cycle_ok" time="0.058" /><testcase classname="backend.tests.test_iter77_broker_autopilot_backhaul.TestRunCycle" name="test_daily_cap_excludes_backhauls" time="0.049" /><testcase classname="backend.tests.test_iter77_broker_autopilot_backhaul.TestBackhaul" name="test_backhaul_endpoint" time="0.086" /><testcase classname="backend.tests.test_iter77_broker_autopilot_backhaul.TestBackhaul" name="test_hunt_shape_when_present" time="0.048" /><testcase classname="backend.tests.test_iter77_broker_autopilot_backhaul.TestBackhaul" name="test_backhaul_loads_link_to_hunts" time="0.059" /><testcase classname="backend.tests.test_iter77_broker_autopilot_backhaul.TestPdfDocs" name="test_ratecon_pdf" time="0.199" /><testcase classname="backend.tests.test_iter77_broker_autopilot_backhaul.TestPdfDocs" name="test_ratecon_400_before_stage" time="0.114" /><testcase classname="backend.tests.test_iter77_broker_autopilot_backhaul.TestPdfDocs" name="test_bol_pdf_available_at_or_past" time="0.169" /><testcase classname="backend.tests.test_iter77_broker_autopilot_backhaul.TestPdfDocs" name="test_pod_pdf_available_at_or_past_delivered" time="0.155" /><testcase classname="backend.tests.test_iter77_broker_autopilot_backhaul.TestPdfDocs" name="test_driver_embedded_in_pdf" time="0.168"><failure message="AssertionError: driver name 'Darnell Griggs' not found in ratecon PDF bytes for AP-4257EC&#10;assert (b'Darnell' in b'%PDF-1.4\n%\x93\x8c\x8b\x9e ReportLab Generated PDF document (opensource)\n1 0 obj\n&lt;&lt;\n/F1 2 0 R /F2 5 0 R /F3 6 0 R /F4 7 0 R\n&gt;&gt;\nendobj\n2 0 obj\n&lt;&lt;\n/BaseFont /Helvetica /Encoding /WinAnsiEncoding /Name /F1 /Subtype /Type1 /Type /Font\n&gt;&gt;\nendobj\n3 0 obj\n&lt;&lt;\n/BitsPerComponent 8 /ColorSpace /DeviceRGB /Filter [ /ASCII85Decode /FlateDecode ] /Height 300 /Length 203224 /SMask 4 0 R \n  /Subtype /Image /Type /XObject /Width 300\n&gt;&gt;\nstream\nGas`+#@LP3[PrZa45f=)7V&gt;P3l+PGZb3cm7HW(2=5S:805t+1,O&lt;Q.u8kU;&amp;6KfhXNX-o@r?d(le=$\'Ep\\t22^A#&gt;8]hq*Ws0_Sbqj__coDahp1*P?(H_8&quot;\'g2!hJ.bj\'.\\_U#I$U/J\'lLXk,LPG9T^HVr&amp;iFdC[f]Vk:i7Dj[i,Uk!?EXT_G[KqK%hF!&quot;?75[!m=C!eV\\B%i4;-&quot;QA7Pi&gt;JR=PBi#DH(:d7&lt;76`;*^#*4K8)%P,V$VfAMVM+d`$1&gt;jonMhP*5O\\sT$$n86a+HSFq#13&gt;d1Ok0?65^8pBLp.iTC]+K6Dn0&quot;.bX)`l:KY3THH8hoc,f6e648FG&amp;`B-Zf!s#L+.+,4jdI^fVWg&gt;$f\\dD$,89Cbmn1$r_;sGDC&lt;m=!2@i(DH3Q?6:QOY9D=)qsH-[^E6e9j7U!s*nWGSXs)5Jhc&amp;#8RL;dspB*bndCgZ.&quot;cPl`_ri$X*XSX%@&lt;PH&amp;/f50+/^0dr&amp;&amp;\\7RfgS:L_&amp;DlSd=!B!k4[^:_YZdaN&amp;L&amp;%-lpLKm&lt;T\':N)BF;o3p7kl10)/4f.d,9^*,5a,0Z_&quot;h,?e@G`)f%kJ=&gt;+l0@!P^UWb3uhQ+KUuTu1&amp;(3Zk4h9Q(RW3]1W6G)qS&gt;;X+l!eh(&gt;fY]6\'jCO=Hk]Lmg/(9&amp;G.b:7b?#QVu)JnHeEkfm^&amp;uN`q=u[K&amp;aZj\\e,q\\+PuX5a;VY%]=UR\'8+3c@O1lc&quot;8GA&amp;0L[9_&amp;c@[0+)_UPpJ_oTN`pM...Oa-ml\'/bo6^C*NhjSTLmlMQMT\'$pRNX(-14!U&lt;DSJ`&gt;(6Uj5d*=mQgG?js(m^SDrFN9ZPFD($-mYl+Z4#92i46fu%YNa=lY]P)2HdooW&gt;eCNnSag7us&quot;GMes(i#m&gt;kmJ$(bg;5,S_Sl:6IbG2[c1/ZT#6CL%6cg(p&lt;G@6A-V0#&amp;aXT=VhW$.h%-6gOL7XD`Tr_(]+Z9Y&gt;LHPo=o,BrY7(M3T((;F1h:DL5=1$nD_Un?FW,UKr[kZR\'jt:\'[5N)Y]IIE\\KWCa.nbX6?TPh&gt;g`EjW*Z&amp;`nGk(++cHhM,ru3kl[S7\\FLbh-Cf`K&lt;,Q/R#0+u2W,bk3a3F6_%k\\-MBb)BRLUQ!4I3%J#\'\\/Z/.UZ#Wb\\Nl!.Rqadoir;BIF5lG&lt;d5FBCnZ,eM@\\eL#MhB^b][,H)aCU8?FLKU$E*cP&amp;7E=[6$)J2j_DqQ\'&quot;-+6jf&quot;9=_tY`191jUf&quot;:aU)&gt;:*%N^:mYW-s%KE..*(7K\'cdk[5R\\aq&quot;$(5,]&lt;FSb1&amp;Pck7Q?sk9$BXB(Hs`bsk*0)P22mHheB-Bp\\#7Eoq(2LB(Csu)^-J4?^L+JW#jRZ(Y8tsnpHl\\!coNZnfj1;8e[g?HT\'d%VPqX2h,PsikANJQ,BnBQoLXG\'Oefj^/EIu&lt;7]k)\'+Mt?==P0j%+X?Ru#~&gt;endstream\nendobj\nxref\n0 13\n0000000000 65535 f \n0000000061 00000 n \n0000000122 00000 n \n0000000229 00000 n \n0000203659 00000 n \n0000208409 00000 n \n0000208521 00000 n \n0000208598 00000 n \n0000208713 00000 n \n0000208971 00000 n \n0000209040 00000 n \n0000209302 00000 n \n0000209362 00000 n \ntrailer\n&lt;&lt;\n/ID \n[&lt;8d2d365c950859a6f55118c1d6abb9b0&gt;&lt;8d2d365c950859a6f55118c1d6abb9b0&gt;]\n% ReportLab generated PDF document -- digest (opensource)\n\n/Info 10 0 R\n/Root 9 0 R\n/Size 13\n&gt;&gt;\nstartxref\n211251\n%%EOF\n' or b'Griggs' in b'%PDF-1.4\n%\x93\x8c\x8b\x9e ReportLab Generated PDF document (opensource)\n1 0 obj\n&lt;&lt;\n/F1 2 0 R /F2 5 0 R /F3 6 0 R /F4 7 0 R\n&gt;&gt;\nendobj\n2 0 obj\n&lt;&lt;\n/BaseFont /Helvetica /Encoding /WinAnsiEncoding /Name /F1 /Subtype /Type1 /Type /Font\n&gt;&gt;\nendobj\n3 0 obj\n&lt;&lt;\n/BitsPerComponent 8 /ColorSpace /DeviceRGB /Filter [ /ASCII85Decode /FlateDecode ] /Height 300 /Length 203224 /SMask 4 0 R \n  /Subtype /Image /Type /XObject /Width 300\n&gt;&gt;\nstream\nGas`+#@LP3[PrZa45f=)7V&gt;P3l+PGZb3cm7HW(2=5S:805t+1,O&lt;Q.u8kU;&amp;6KfhXNX-o@r?d(le=$\'Ep\\t22^A#&gt;8]hq*Ws0_Sbqj__coDahp1*P?(H_8&quot;\'g2!hJ.bj\'.\\_U#I$U/J\'lLXk,LPG9T^HVr&amp;iFdC[f]Vk:i7Dj[i,Uk!?EXT_G[KqK%hF!&quot;?75[!m=C!eV\\B%i4;-&quot;QA7Pi&gt;JR=PBi#DH(:d7&lt;76`;*^#*4K8)%P,V$VfAMVM+d`$1&gt;jonMhP*5O\\sT$$n86a+HSFq#13&gt;d1Ok0?65^8pBLp.iTC]+K6Dn0&quot;.bX)`l:KY3THH8hoc,f6e648FG&amp;`B-Zf!s#L+.+,4jdI^fVWg&gt;$f\\dD$,89Cbmn1$r_;sGDC&lt;m=!2@i(DH3Q?6:QOY9D=)qsH-[^E6e9j7U!s*nWGSXs)5Jhc&amp;#8RL;dspB*bndCgZ.&quot;cPl`_ri$X*XSX%@&lt;PH&amp;/f50+/^0dr&amp;&amp;\\7RfgS:L_&amp;DlSd=!B!k4[^:_YZdaN&amp;L&amp;%-lpLKm&lt;T\':N)BF;o3p7kl10)/4f.d,9^*,5a,0Z_&quot;h,?e@G`)f%kJ=&gt;+l0@!P^UWb3uhQ+KUuTu1&amp;(3Zk4h9Q(RW3]1W6G)qS&gt;;X+l!eh(&gt;fY]6\'jCO=Hk]Lmg/(9&amp;G.b:7b?#QVu)JnHeEkfm^&amp;uN`q=u[K&amp;aZj\\e,q\\+PuX5a;VY%]=UR\'8+3c@O1lc&quot;8GA&amp;0L[9_&amp;c@[0+)_UPpJ_oTN`pM...Oa-ml\'/bo6^C*NhjSTLmlMQMT\'$pRNX(-14!U&lt;DSJ`&gt;(6Uj5d*=mQgG?js(m^SDrFN9ZPFD($-mYl+Z4#92i46fu%YNa=lY]P)2HdooW&gt;eCNnSag7us&quot;GMes(i#m&gt;kmJ$(bg;5,S_Sl:6IbG2[c1/ZT#6CL%6cg(p&lt;G@6A-V0#&amp;aXT=VhW$.h%-6gOL7XD`Tr_(]+Z9Y&gt;LHPo=o,BrY7(M3T((;F1h:DL5=1$nD_Un?FW,UKr[kZR\'jt:\'[5N)Y]IIE\\KWCa.nbX6?TPh&gt;g`EjW*Z&amp;`nGk(++cHhM,ru3kl[S7\\FLbh-Cf`K&lt;,Q/R#0+u2W,bk3a3F6_%k\\-MBb)BRLUQ!4I3%J#\'\\/Z/.UZ#Wb\\Nl!.Rqadoir;BIF5lG&lt;d5FBCnZ,eM@\\eL#MhB^b][,H)aCU8?FLKU$E*cP&amp;7E=[6$)J2j_DqQ\'&quot;-+6jf&quot;9=_tY`191jUf&quot;:aU)&gt;:*%N^:mYW-s%KE..*(7K\'cdk[5R\\aq&quot;$(5,]&lt;FSb1&amp;Pck7Q?sk9$BXB(Hs`bsk*0)P22mHheB-Bp\\#7Eoq(2LB(Csu)^-J4?^L+JW#jRZ(Y8tsnpHl\\!coNZnfj1;8e[g?HT\'d%VPqX2h,PsikANJQ,BnBQoLXG\'Oefj^/EIu&lt;7]k)\'+Mt?==P0j%+X?Ru#~&gt;endstream\nendobj\nxref\n0 13\n0000000000 65535 f \n0000000061 00000 n \n0000000122 00000 n \n0000000229 00000 n \n0000203659 00000 n \n0000208409 00000 n \n0000208521 00000 n \n0000208598 00000 n \n0000208713 00000 n \n0000208971 00000 n \n0000209040 00000 n \n0000209302 00000 n \n0000209362 00000 n \ntrailer\n&lt;&lt;\n/ID \n[&lt;8d2d365c950859a6f55118c1d6abb9b0&gt;&lt;8d2d365c950859a6f55118c1d6abb9b0&gt;]\n% ReportLab generated PDF document -- digest (opensource)\n\n/Info 10 0 R\n/Root 9 0 R\n/Size 13\n&gt;&gt;\nstartxref\n211251\n%%EOF\n')&#10; +  where b'Darnell' = &lt;built-in method encode of str object at 0xf8afb77b6f70&gt;()&#10; +    where &lt;built-in method encode of str object at 0xf8afb77b6f70&gt; = 'Darnell'.encode&#10; +  and   b'Griggs' = &lt;built-in method encode of str object at 0xf8afb778bc30&gt;()&#10; +    where &lt;built-in method encode of str object at 0xf8afb778bc30&gt; = 'Griggs'.encode">backend/tests/test_iter77_broker_autopilot_backhaul.py:241: in test_driver_embedded_in_pdf
    assert (first.encode() in blob) or (last.encode() in blob), \
E   AssertionError: driver name 'Darnell Griggs' not found in ratecon PDF bytes for AP-4257EC
E   assert (b'Darnell' in b'%PDF-1.4\n%\x93\x8c\x8b\x9e ReportLab Generated PDF document (opensource)\n1 0 obj\n&lt;&lt;\n/F1 2 0 R /F2 5 0 R /F3 6 0 R /F4 7 0 R\n&gt;&gt;\nendobj\n2 0 obj\n&lt;&lt;\n/BaseFont /Helvetica /Encoding /WinAnsiEncoding /Name /F1 /Subtype /Type1 /Type /Font\n&gt;&gt;\nendobj\n3 0 obj\n&lt;&lt;\n/BitsPerComponent 8 /ColorSpace /DeviceRGB /Filter [ /ASCII85Decode /FlateDecode ] /Height 300 /Length 203224 /SMask 4 0 R \n  /Subtype /Image /Type /XObject /Width 300\n&gt;&gt;\nstream\nGas`+#@LP3[PrZa45f=)7V&gt;P3l+PGZb3cm7HW(2=5S:805t+1,O&lt;Q.u8kU;&amp;6KfhXNX-o@r?d(le=$\'Ep\\t22^A#&gt;8]hq*Ws0_Sbqj__coDahp1*P?(H_8"\'g2!hJ.bj\'.\\_U#I$U/J\'lLXk,LPG9T^HVr&amp;iFdC[f]Vk:i7Dj[i,Uk!?EXT_G[KqK%hF!"?75[!m=C!eV\\B%i4;-"QA7Pi&gt;JR=PBi#DH(:d7&lt;76`;*^#*4K8)%P,V$VfAMVM+d`$1&gt;jonMhP*5O\\sT$$n86a+HSFq#13&gt;d1Ok0?65^8pBLp.iTC]+K6Dn0".bX)`l:KY3THH8hoc,f6e648FG&amp;`B-Zf!s#L+.+,4jdI^fVWg&gt;$f\\dD$,89Cbmn1$r_;sGDC&lt;m=!2@i(DH3Q?6:QOY9D=)qsH-[^E6e9j7U!s*nWGSXs)5Jhc&amp;#8RL;dspB*bndCgZ."cPl`_ri$X*XSX%@&lt;PH&amp;/f50+/^0dr&amp;&amp;\\7RfgS:L_&amp;DlSd=!B!k4[^:_YZdaN&amp;L&amp;%-lpLKm&lt;T\':N)BF;o3p7kl10)/4f.d,9^*,5a,0Z_"h,?e@G`)f%kJ=&gt;+l0@!P^UWb3uhQ+KUuTu1&amp;(3Zk4h9Q(RW3]1W6G)qS&gt;;X+l!eh(&gt;fY]6\'jCO=Hk]Lmg/(9&amp;G.b:7b?#QVu)JnHeEkfm^&amp;uN`q=u[K&amp;aZj\\e,q\\+PuX5a;VY%]=UR\'8+3c@O1lc"8GA&amp;0L[9_&amp;c@[0+)_UPpJ_oTN`pM...Oa-ml\'/bo6^C*NhjSTLmlMQMT\'$pRNX(-14!U&lt;DSJ`&gt;(6Uj5d*=mQgG?js(m^SDrFN9ZPFD($-mYl+Z4#92i46fu%YNa=lY]P)2HdooW&gt;eCNnSag7us"GMes(i#m&gt;kmJ$(bg;5,S_Sl:6IbG2[c1/ZT#6CL%6cg(p&lt;G@6A-V0#&amp;aXT=VhW$.h%-6gOL7XD`Tr_(]+Z9Y&gt;LHPo=o,BrY7(M3T((;F1h:DL5=1$nD_Un?FW,UKr[kZR\'jt:\'[5N)Y]IIE\\KWCa.nbX6?TPh&gt;g`EjW*Z&amp;`nGk(++cHhM,ru3kl[S7\\FLbh-Cf`K&lt;,Q/R#0+u2W,bk3a3F6_%k\\-MBb)BRLUQ!4I3%J#\'\\/Z/.UZ#Wb\\Nl!.Rqadoir;BIF5lG&lt;d5FBCnZ,eM@\\eL#MhB^b][,H)aCU8?FLKU$E*cP&amp;7E=[6$)J2j_DqQ\'"-+6jf"9=_tY`191jUf":aU)&gt;:*%N^:mYW-s%KE..*(7K\'cdk[5R\\aq"$(5,]&lt;FSb1&amp;Pck7Q?sk9$BXB(Hs`bsk*0)P22mHheB-Bp\\#7Eoq(2LB(Csu)^-J4?^L+JW#jRZ(Y8tsnpHl\\!coNZnfj1;8e[g?HT\'d%VPqX2h,PsikANJQ,BnBQoLXG\'Oefj^/EIu&lt;7]k)\'+Mt?==P0j%+X?Ru#~&gt;endstream\nendobj\nxref\n0 13\n0000000000 65535 f \n0000000061 00000 n \n0000000122 00000 n \n0000000229 00000 n \n0000203659 00000 n \n0000208409 00000 n \n0000208521 00000 n \n0000208598 00000 n \n0000208713 00000 n \n0000208971 00000 n \n0000209040 00000 n \n0000209302 00000 n \n0000209362 00000 n \ntrailer\n&lt;&lt;\n/ID \n[&lt;8d2d365c950859a6f55118c1d6abb9b0&gt;&lt;8d2d365c950859a6f55118c1d6abb9b0&gt;]\n% ReportLab generated PDF document -- digest (opensource)\n\n/Info 10 0 R\n/Root 9 0 R\n/Size 13\n&gt;&gt;\nstartxref\n211251\n%%EOF\n' or b'Griggs' in b'%PDF-1.4\n%\x93\x8c\x8b\x9e ReportLab Generated PDF document (opensource)\n1 0 obj\n&lt;&lt;\n/F1 2 0 R /F2 5 0 R /F3 6 0 R /F4 7 0 R\n&gt;&gt;\nendobj\n2 0 obj\n&lt;&lt;\n/BaseFont /Helvetica /Encoding /WinAnsiEncoding /Name /F1 /Subtype /Type1 /Type /Font\n&gt;&gt;\nendobj\n3 0 obj\n&lt;&lt;\n/BitsPerComponent 8 /ColorSpace /DeviceRGB /Filter [ /ASCII85Decode /FlateDecode ] /Height 300 /Length 203224 /SMask 4 0 R \n  /Subtype /Image /Type /XObject /Width 300\n&gt;&gt;\nstream\nGas`+#@LP3[PrZa45f=)7V&gt;P3l+PGZb3cm7HW(2=5S:805t+1,O&lt;Q.u8kU;&amp;6KfhXNX-o@r?d(le=$\'Ep\\t22^A#&gt;8]hq*Ws0_Sbqj__coDahp1*P?(H_8"\'g2!hJ.bj\'.\\_U#I$U/J\'lLXk,LPG9T^HVr&amp;iFdC[f]Vk:i7Dj[i,Uk!?EXT_G[KqK%hF!"?75[!m=C!eV\\B%i4;-"QA7Pi&gt;JR=PBi#DH(:d7&lt;76`;*^#*4K8)%P,V$VfAMVM+d`$1&gt;jonMhP*5O\\sT$$n86a+HSFq#13&gt;d1Ok0?65^8pBLp.iTC]+K6Dn0".bX)`l:KY3THH8hoc,f6e648FG&amp;`B-Zf!s#L+.+,4jdI^fVWg&gt;$f\\dD$,89Cbmn1$r_;sGDC&lt;m=!2@i(DH3Q?6:QOY9D=)qsH-[^E6e9j7U!s*nWGSXs)5Jhc&amp;#8RL;dspB*bndCgZ."cPl`_ri$X*XSX%@&lt;PH&amp;/f50+/^0dr&amp;&amp;\\7RfgS:L_&amp;DlSd=!B!k4[^:_YZdaN&amp;L&amp;%-lpLKm&lt;T\':N)BF;o3p7kl10)/4f.d,9^*,5a,0Z_"h,?e@G`)f%kJ=&gt;+l0@!P^UWb3uhQ+KUuTu1&amp;(3Zk4h9Q(RW3]1W6G)qS&gt;;X+l!eh(&gt;fY]6\'jCO=Hk]Lmg/(9&amp;G.b:7b?#QVu)JnHeEkfm^&amp;uN`q=u[K&amp;aZj\\e,q\\+PuX5a;VY%]=UR\'8+3c@O1lc"8GA&amp;0L[9_&amp;c@[0+)_UPpJ_oTN`pM...Oa-ml\'/bo6^C*NhjSTLmlMQMT\'$pRNX(-14!U&lt;DSJ`&gt;(6Uj5d*=mQgG?js(m^SDrFN9ZPFD($-mYl+Z4#92i46fu%YNa=lY]P)2HdooW&gt;eCNnSag7us"GMes(i#m&gt;kmJ$(bg;5,S_Sl:6IbG2[c1/ZT#6CL%6cg(p&lt;G@6A-V0#&amp;aXT=VhW$.h%-6gOL7XD`Tr_(]+Z9Y&gt;LHPo=o,BrY7(M3T((;F1h:DL5=1$nD_Un?FW,UKr[kZR\'jt:\'[5N)Y]IIE\\KWCa.nbX6?TPh&gt;g`EjW*Z&amp;`nGk(++cHhM,ru3kl[S7\\FLbh-Cf`K&lt;,Q/R#0+u2W,bk3a3F6_%k\\-MBb)BRLUQ!4I3%J#\'\\/Z/.UZ#Wb\\Nl!.Rqadoir;BIF5lG&lt;d5FBCnZ,eM@\\eL#MhB^b][,H)aCU8?FLKU$E*cP&amp;7E=[6$)J2j_DqQ\'"-+6jf"9=_tY`191jUf":aU)&gt;:*%N^:mYW-s%KE..*(7K\'cdk[5R\\aq"$(5,]&lt;FSb1&amp;Pck7Q?sk9$BXB(Hs`bsk*0)P22mHheB-Bp\\#7Eoq(2LB(Csu)^-J4?^L+JW#jRZ(Y8tsnpHl\\!coNZnfj1;8e[g?HT\'d%VPqX2h,PsikANJQ,BnBQoLXG\'Oefj^/EIu&lt;7]k)\'+Mt?==P0j%+X?Ru#~&gt;endstream\nendobj\nxref\n0 13\n0000000000 65535 f \n0000000061 00000 n \n0000000122 00000 n \n0000000229 00000 n \n0000203659 00000 n \n0000208409 00000 n \n0000208521 00000 n \n0000208598 00000 n \n0000208713 00000 n \n0000208971 00000 n \n0000209040 00000 n \n0000209302 00000 n \n0000209362 00000 n \ntrailer\n&lt;&lt;\n/ID \n[&lt;8d2d365c950859a6f55118c1d6abb9b0&gt;&lt;8d2d365c950859a6f55118c1d6abb9b0&gt;]\n% ReportLab generated PDF document -- digest (opensource)\n\n/Info 10 0 R\n/Root 9 0 R\n/Size 13\n&gt;&gt;\nstartxref\n211251\n%%EOF\n')
E    +  where b'Darnell' = &lt;built-in method encode of str object at 0xf8afb77b6f70&gt;()
E    +    where &lt;built-in method encode of str object at 0xf8afb77b6f70&gt; = 'Darnell'.encode
E    +  and   b'Griggs' = &lt;built-in method encode of str object at 0xf8afb778bc30&gt;()
E    +    where &lt;built-in method encode of str object at 0xf8afb778bc30&gt; = 'Griggs'.encode</failure></testcase><testcase classname="backend.tests.test_iter77_broker_autopilot_backhaul.TestConfigRegression" name="test_daily_limit_toggle" time="0.208" /><testcase classname="backend.tests.test_iter77_broker_autopilot_backhaul.TestConfigRegression" name="test_enabled_stays_true" time="0.052" /></testsuite></testsuites>