<?xml version="1.0" encoding="utf-8"?><testsuites name="pytest tests"><testsuite name="pytest" errors="0" failures="0" skipped="0" tests="15" time="4.584" timestamp="2026-06-18T01:34:05.095792+00:00" hostname="agent-env-76fe2d30-fcd7-45b5-8fb4-0ddf9ce5af8c"><testcase classname="backend.tests.test_iter42_doc_vault.TestDocVaultListStats" name="test_list_default" time="0.150" /><testcase classname="backend.tests.test_iter42_doc_vault.TestDocVaultListStats" name="test_list_filter_doc_type_bol" time="0.049" /><testcase classname="backend.tests.test_iter42_doc_vault.TestDocVaultListStats" name="test_list_filter_limit" time="0.052" /><testcase classname="backend.tests.test_iter42_doc_vault.TestDocVaultListStats" name="test_stats_shape" time="0.048" /><testcase classname="backend.tests.test_iter42_doc_vault.TestBolAutoArchive" name="test_bol_pdf_creates_archive_and_versions" time="1.553" /><testcase classname="backend.tests.test_iter42_doc_vault.TestRateConfAutoArchive" name="test_rate_con_pdf_archives" time="0.848" /><testcase classname="backend.tests.test_iter42_doc_vault.TestQuoteAutoArchive" name="test_quote_pdf_archives" time="0.831" /><testcase classname="backend.tests.test_iter42_doc_vault.TestArchiveDetailFlows" name="test_get_metadata" time="0.589" /><testcase classname="backend.tests.test_iter42_doc_vault.TestArchiveDetailFlows" name="test_metadata_404" time="0.046" /><testcase classname="backend.tests.test_iter42_doc_vault.TestArchiveDetailFlows" name="test_file_stream_pdf" time="0.056" /><testcase classname="backend.tests.test_iter42_doc_vault.TestArchiveDetailFlows" name="test_file_stream_404" time="0.050" /><testcase classname="backend.tests.test_iter42_doc_vault.TestArchiveDetailFlows" name="test_re_render_bol" time="0.046" /><testcase classname="backend.tests.test_iter42_doc_vault.TestArchiveDetailFlows" name="test_re_render_404" time="0.048" /><testcase classname="backend.tests.test_iter42_doc_vault.TestArchiveDetailFlows" name="test_re_render_rate_confirmation_url" time="0.100" /><testcase classname="backend.tests.test_iter42_doc_vault.TestArchiveDetailFlows" name="test_re_render_quote_url" time="0.095" /></testsuite></testsuites>