<?xml version="1.0" encoding="utf-8"?><testsuites name="pytest tests"><testsuite name="pytest" errors="0" failures="1" skipped="0" tests="117" time="20.903" timestamp="2026-07-20T06:32:18.196969+00:00" hostname="agent-env-76fe2d30-fcd7-45b5-8fb4-0ddf9ce5af8c"><testcase classname="backend.tests.test_iter72_tc_biz.TestVault" name="test_categories" time="0.141" /><testcase classname="backend.tests.test_iter72_tc_biz.TestVault" name="test_upload_file" time="0.101" /><testcase classname="backend.tests.test_iter72_tc_biz.TestVault" name="test_list_files" time="0.103" /><testcase classname="backend.tests.test_iter72_tc_biz.TestVault" name="test_list_files_category_filter" time="0.110" /><testcase classname="backend.tests.test_iter72_tc_biz.TestVault" name="test_download_file" time="0.108" /><testcase classname="backend.tests.test_iter72_tc_biz.TestVault" name="test_delete_file" time="0.216" /><testcase classname="backend.tests.test_iter72_tc_biz.TestOnboarding" name="test_create_invite" time="0.104" /><testcase classname="backend.tests.test_iter72_tc_biz.TestOnboarding" name="test_list_onboarding" time="0.098" /><testcase classname="backend.tests.test_iter72_tc_biz.TestOnboarding" name="test_public_get_prefill" time="0.099" /><testcase classname="backend.tests.test_iter72_tc_biz.TestOnboarding" name="test_public_get_bad_token" time="0.100" /><testcase classname="backend.tests.test_iter72_tc_biz.TestOnboarding" name="test_submit_without_agreement_fails" time="0.105" /><testcase classname="backend.tests.test_iter72_tc_biz.TestOnboarding" name="test_submit_invalid_plan_fails" time="0.099" /><testcase classname="backend.tests.test_iter72_tc_biz.TestOnboarding" name="test_submit_success" time="0.204" /><testcase classname="backend.tests.test_iter72_tc_biz.TestOnboarding" name="test_welcome_packet_pdf" time="0.226" /><testcase classname="backend.tests.test_iter72_tc_biz.TestOnboarding" name="test_reject_from_submitted_ok" time="0.402" /><testcase classname="backend.tests.test_iter72_tc_biz.TestOnboarding" name="test_approve_creates_client_with_correct_rate" time="0.104" /><testcase classname="backend.tests.test_iter72_tc_biz.TestOnboarding" name="test_approve_from_wrong_status_fails" time="0.101" /><testcase classname="backend.tests.test_iter72_tc_biz.TestInvoicing" name="test_create_invoice_needs_items" time="0.112" /><testcase classname="backend.tests.test_iter72_tc_biz.TestInvoicing" name="test_create_invoice_with_custom_items" time="0.100" /><testcase classname="backend.tests.test_iter72_tc_biz.TestInvoicing" name="test_list_invoices" time="0.129" /><testcase classname="backend.tests.test_iter72_tc_biz.TestInvoicing" name="test_invoice_pdf" time="0.199" /><testcase classname="backend.tests.test_iter72_tc_biz.TestInvoicing" name="test_invoice_email_resend_not_configured" time="0.104" /><testcase classname="backend.tests.test_iter72_tc_biz.TestInvoicing" name="test_public_pay_info" time="0.115" /><testcase classname="backend.tests.test_iter72_tc_biz.TestInvoicing" name="test_public_pay_pdf" time="0.199" /><testcase classname="backend.tests.test_iter72_tc_biz.TestInvoicing" name="test_public_checkout_returns_stripe_url" time="0.739" /><testcase classname="backend.tests.test_iter72_tc_biz.TestInvoicing" name="test_public_pay_status" time="0.285" /><testcase classname="backend.tests.test_iter72_tc_biz.TestInvoicing" name="test_mark_paid_and_status_updates" time="0.208" /><testcase classname="backend.tests.test_iter72_tc_biz.TestInvoicing" name="test_checkout_after_paid_returns_400" time="0.096" /><testcase classname="backend.tests.test_iter72_tc_biz.TestRegression" name="test_clients_list" time="0.102" /><testcase classname="backend.tests.test_iter72_tc_biz.TestRegression" name="test_jobs_list" time="0.096" /><testcase classname="backend.tests.test_iter72_tc_biz.TestRegression" name="test_metrics" time="0.102" /><testcase classname="backend.tests.test_iter73_tc_field_sched.TestSmsReminders" name="test_remind_job_with_phone" time="0.849" /><testcase classname="backend.tests.test_iter73_tc_field_sched.TestSmsReminders" name="test_remind_sets_token_and_logs_link" time="0.207" /><testcase classname="backend.tests.test_iter73_tc_field_sched.TestSmsReminders" name="test_remind_skipped_when_no_phone" time="0.105" /><testcase classname="backend.tests.test_iter73_tc_field_sched.TestSmsReminders" name="test_reminders_run_idempotent" time="0.198" /><testcase classname="backend.tests.test_iter73_tc_field_sched.TestReschedule" name="test_get_reschedule_info" time="0.097" /><testcase classname="backend.tests.test_iter73_tc_field_sched.TestReschedule" name="test_get_reschedule_bad_token" time="0.100" /><testcase classname="backend.tests.test_iter73_tc_field_sched.TestReschedule" name="test_reschedule_past_date_400" time="0.102" /><testcase classname="backend.tests.test_iter73_tc_field_sched.TestReschedule" name="test_reschedule_future_ok_and_logs_confirm" time="0.398" /><testcase classname="backend.tests.test_iter73_tc_field_sched.TestReschedule" name="test_reschedule_bad_token_post" time="0.100" /><testcase classname="backend.tests.test_iter73_tc_field_sched.TestReschedule" name="test_reschedule_completed_job_400" time="0.199" /><testcase classname="backend.tests.test_iter73_tc_field_sched.TestPhotos" name="test_upload_before_and_after" time="0.213" /><testcase classname="backend.tests.test_iter73_tc_field_sched.TestPhotos" name="test_upload_invalid_kind_400" time="0.101" /><testcase classname="backend.tests.test_iter73_tc_field_sched.TestPhotos" name="test_upload_non_image_400" time="0.127" /><testcase classname="backend.tests.test_iter73_tc_field_sched.TestPhotos" name="test_list_photos" time="0.096" /><testcase classname="backend.tests.test_iter73_tc_field_sched.TestPhotos" name="test_max_8_photos" time="0.745" /><testcase classname="backend.tests.test_iter73_tc_field_sched.TestPhotos" name="test_public_proof_gallery" time="0.099" /><testcase classname="backend.tests.test_iter73_tc_field_sched.TestPhotos" name="test_public_proof_bad_token" time="0.110" /><testcase classname="backend.tests.test_iter73_tc_field_sched.TestPhotos" name="test_public_proof_photo_bytes" time="0.103" /><testcase classname="backend.tests.test_iter73_tc_field_sched.TestPhotos" name="test_public_proof_photo_wrong_token_404" time="0.305" /><testcase classname="backend.tests.test_iter73_tc_field_sched.TestPhotos" name="test_delete_photo" time="0.328" /><testcase classname="backend.tests.test_iter73_tc_field_sched.TestPhotos" name="test_proof_send_resend_not_configured" time="0.103" /><testcase classname="backend.tests.test_iter73_tc_field_sched.TestScheduler" name="test_techs_seeds_and_lists" time="0.103" /><testcase classname="backend.tests.test_iter73_tc_field_sched.TestScheduler" name="test_add_tech_bad_role_400" time="0.101" /><testcase classname="backend.tests.test_iter73_tc_field_sched.TestScheduler" name="test_add_tech_ok" time="0.103" /><testcase classname="backend.tests.test_iter73_tc_field_sched.TestScheduler" name="test_assign_tech_to_job" time="0.236" /><testcase classname="backend.tests.test_iter73_tc_field_sched.TestScheduler" name="test_schedule_board_7_days" time="0.104" /><testcase classname="backend.tests.test_iter73_tc_field_sched.TestScheduler" name="test_schedule_bad_start_400" time="0.101" /><testcase classname="backend.tests.test_iter73_tc_field_sched.TestScheduler" name="test_delete_tech_soft_deactivates_and_pulls" time="0.309" /><testcase classname="backend.tests.test_iter73_tc_field_sched.TestScheduler" name="test_delete_missing_tech_404" time="0.109" /><testcase classname="backend.tests.test_iter73_tc_field_sched.TestGuide" name="test_guide_requires_auth" time="0.114" /><testcase classname="backend.tests.test_iter73_tc_field_sched.TestGuide" name="test_guide_structure" time="0.111" /><testcase classname="backend.tests.test_iter74_tc_fleet_offers.TestFleetUnits" name="test_units_seed_and_shape" time="0.101" /><testcase classname="backend.tests.test_iter74_tc_fleet_offers.TestFleetUnits" name="test_units_filter_by_client" time="0.203" /><testcase classname="backend.tests.test_iter74_tc_fleet_offers.TestFleetUnits" name="test_add_unit_unknown_client_404" time="0.101" /><testcase classname="backend.tests.test_iter74_tc_fleet_offers.TestFleetUnits" name="test_add_unit_derives_cadence" time="0.216" /><testcase classname="backend.tests.test_iter74_tc_fleet_offers.TestFleetUnits" name="test_mark_cleaned_updates_metrics" time="0.112" /><testcase classname="backend.tests.test_iter74_tc_fleet_offers.TestFleetUnits" name="test_cadence_range_guard" time="0.386" /><testcase classname="backend.tests.test_iter74_tc_fleet_offers.TestFleetUnits" name="test_cadence_404_unknown_unit" time="0.100" /><testcase classname="backend.tests.test_iter74_tc_fleet_offers.TestFleetUnits" name="test_delete_unit" time="0.203" /><testcase classname="backend.tests.test_iter74_tc_fleet_offers.TestAiSchedule" name="test_schedule_no_ai" time="0.101" /><testcase classname="backend.tests.test_iter74_tc_fleet_offers.TestAiSchedule" name="test_schedule_days_clamp" time="0.099" /><testcase classname="backend.tests.test_iter74_tc_fleet_offers.TestOffers" name="test_offers_list_shape" time="0.100" /><testcase classname="backend.tests.test_iter74_tc_fleet_offers.TestOffers" name="test_send_offer_400_when_no_resend" time="0.222" /><testcase classname="backend.tests.test_iter74_tc_fleet_offers.TestOffers" name="test_send_all_400_when_no_resend" time="0.101" /><testcase classname="backend.tests.test_iter74_tc_fleet_offers.TestOffers" name="test_delete_offer" time="0.486" /><testcase classname="backend.tests.test_iter74_tc_fleet_offers" name="test_zzz_cleanup" time="0.000" /><testcase classname="backend.tests.test_iter75_tc_brochures_catalog.TestCatalog" name="test_catalog_requires_auth" time="0.097" /><testcase classname="backend.tests.test_iter75_tc_brochures_catalog.TestCatalog" name="test_catalog_shape" time="0.105" /><testcase classname="backend.tests.test_iter75_tc_brochures_catalog.TestJobPricingNewUpsells" name="test_job_pricing_new_upsells" time="0.224" /><testcase classname="backend.tests.test_iter75_tc_brochures_catalog.TestBrochures" name="test_brochures_require_auth" time="0.099" /><testcase classname="backend.tests.test_iter75_tc_brochures_catalog.TestBrochures" name="test_services_brochure_pdf" time="0.202" /><testcase classname="backend.tests.test_iter75_tc_brochures_catalog.TestBrochures" name="test_cleaning_guide_brochure_multipage" time="0.207" /><testcase classname="backend.tests.test_iter75_tc_brochures_catalog.TestBrochures" name="test_unknown_brochure_404" time="0.095" /><testcase classname="backend.tests.test_iter75_tc_brochures_catalog.TestLegacyDocs" name="test_proposal_pdf" time="0.215" /><testcase classname="backend.tests.test_iter75_tc_brochures_catalog.TestLegacyDocs" name="test_agreement_pdf" time="0.203" /><testcase classname="backend.tests.test_iter75_tc_brochures_catalog.TestLegacyDocs" name="test_report_card_pdf" time="0.206" /><testcase classname="backend.tests.test_iter75_tc_brochures_catalog.TestLegacyDocs" name="test_unknown_legacy_doc_404" time="0.118" /><testcase classname="backend.tests.test_iter76_tc_batch.TestJobEdit" name="test_update_date_cabs_window_reprice" time="0.316" /><testcase classname="backend.tests.test_iter76_tc_batch.TestJobEdit" name="test_update_status_valid" time="0.110" /><testcase classname="backend.tests.test_iter76_tc_batch.TestJobEdit" name="test_update_status_invalid" time="0.106" /><testcase classname="backend.tests.test_iter76_tc_batch.TestJobEdit" name="test_update_tech_ids_filters_invalid" time="0.152" /><testcase classname="backend.tests.test_iter76_tc_batch.TestJobEdit" name="test_update_empty_payload_400" time="0.106"><failure message="assert 200 == 400&#10; +  where 200 = &lt;Response [200]&gt;.status_code">E   assert 200 == 400
     +  where 200 = &lt;Response [200]&gt;.status_code</failure></testcase><testcase classname="backend.tests.test_iter76_tc_batch.TestJobEdit" name="test_delete_and_404" time="0.150" /><testcase classname="backend.tests.test_iter76_tc_batch.TestTechEdit" name="test_update_tech_fields" time="0.155" /><testcase classname="backend.tests.test_iter76_tc_batch.TestTechEdit" name="test_update_tech_bad_role" time="0.107" /><testcase classname="backend.tests.test_iter76_tc_batch.TestTechEdit" name="test_update_tech_404" time="0.049" /><testcase classname="backend.tests.test_iter76_tc_batch.TestSchedule42" name="test_42_day_bucket" time="0.054" /><testcase classname="backend.tests.test_iter76_tc_batch.TestSchedule42" name="test_clamped_at_45" time="0.053" /><testcase classname="backend.tests.test_iter76_tc_batch.TestReviewEngine" name="test_settings_roundtrip" time="0.098" /><testcase classname="backend.tests.test_iter76_tc_batch.TestReviewEngine" name="test_review_request_no_phone_skipped" time="0.213" /><testcase classname="backend.tests.test_iter76_tc_batch.TestReviewEngine" name="test_review_request_with_phone_sms_logged" time="0.546" /><testcase classname="backend.tests.test_iter76_tc_batch.TestScentCard" name="test_create_scent_card_link" time="0.158" /><testcase classname="backend.tests.test_iter76_tc_batch.TestScentCard" name="test_public_get_scent_menu" time="0.259" /><testcase classname="backend.tests.test_iter76_tc_batch.TestScentCard" name="test_public_submit_reprice_and_added_total" time="0.350" /><testcase classname="backend.tests.test_iter76_tc_batch.TestScentCard" name="test_public_submit_invalid_scent" time="0.269" /><testcase classname="backend.tests.test_iter76_tc_batch.TestScentCard" name="test_public_locked_when_completed" time="0.413" /><testcase classname="backend.tests.test_iter76_tc_batch.TestScentCard" name="test_bad_token_404" time="0.100" /><testcase classname="backend.tests.test_iter76_tc_batch.TestReminderBothLinks" name="test_reminder_body_has_reschedule_and_scent" time="0.405" /><testcase classname="backend.tests.test_iter76_tc_batch.TestInventory" name="test_inventory_seed_9_items" time="0.063" /><testcase classname="backend.tests.test_iter76_tc_batch.TestInventory" name="test_adjust_positive_and_negative" time="0.164" /><testcase classname="backend.tests.test_iter76_tc_batch.TestInventory" name="test_adjust_zero_400" time="0.110" /><testcase classname="backend.tests.test_iter76_tc_batch.TestInventory" name="test_adjust_over_500_400" time="0.112" /><testcase classname="backend.tests.test_iter76_tc_batch.TestInventory" name="test_adjust_floors_at_zero" time="0.208" /><testcase classname="backend.tests.test_iter76_tc_batch.TestInventory" name="test_consume_once_on_completion" time="0.464" /><testcase classname="backend.tests.test_iter76_tc_batch" name="test_delete_job_missing_404" time="0.050" /><testcase classname="backend.tests.test_iter76_tc_batch" name="test_scent_card_job_missing_404" time="0.049" /></testsuite></testsuites>