<?xml version="1.0" encoding="utf-8"?><testsuites name="pytest tests"><testsuite name="pytest" errors="0" failures="0" skipped="1" tests="13" time="2.024" timestamp="2026-06-07T01:59:32.862491+00:00" hostname="agent-env-76fe2d30-fcd7-45b5-8fb4-0ddf9ce5af8c"><testcase classname="backend.tests.test_iter34_tms_competitive.TestAccessorials" name="test_list_returns_seeded_defaults" time="0.227" /><testcase classname="backend.tests.test_iter34_tms_competitive.TestAccessorials" name="test_create_and_delete" time="0.156" /><testcase classname="backend.tests.test_iter34_tms_competitive.TestFmcsa" name="test_fmcsa_graceful_on_free_webkey" time="0.242" /><testcase classname="backend.tests.test_iter34_tms_competitive.TestFmcsa" name="test_fmcsa_bad_mc" time="0.168" /><testcase classname="backend.tests.test_iter34_tms_competitive.TestLaneAnalytics" name="test_returns_aggregated" time="0.052" /><testcase classname="backend.tests.test_iter34_tms_competitive.TestContractRates" name="test_create_contract_and_lookup_prefers_contract" time="0.196" /><testcase classname="backend.tests.test_iter34_tms_competitive.TestDock" name="test_create_list_cancel" time="0.146" /><testcase classname="backend.tests.test_iter34_tms_competitive.TestModeShift" name="test_intermodal_recommended_long_haul" time="0.048" /><testcase classname="backend.tests.test_iter34_tms_competitive.TestFreightAudit" name="test_audit_red_when_over_billed" time="0.145"><skipped type="pytest.skip" message="No way to create brokerage booking in this env to test audit">/app/backend/tests/test_iter34_tms_competitive.py:211: No way to create brokerage booking in this env to test audit</skipped></testcase><testcase classname="backend.tests.test_iter34_tms_competitive.TestSpotQuote" name="test_public_submit_then_admin_list_and_quote" time="0.210" /><testcase classname="backend.tests.test_iter34_tms_competitive.TestSpotQuote" name="test_public_bad_portal_token" time="0.043" /><testcase classname="backend.tests.test_iter34_tms_competitive.TestRfp" name="test_create_admin_then_public_list_and_bid" time="0.301" /><testcase classname="backend.tests.test_iter34_tms_competitive.TestDriverPwa" name="test_invalid_booking_or_pin_404" time="0.043" /></testsuite></testsuites>