<?xml version="1.0" encoding="utf-8"?><testsuites name="pytest tests"><testsuite name="pytest" errors="0" failures="0" skipped="0" tests="6" time="11.824" timestamp="2026-08-09T02:29:18.028572+00:00" hostname="agent-env-76fe2d30-fcd7-45b5-8fb4-0ddf9ce5af8c"><testcase classname="backend.tests.test_email_fix_iter91" name="test_resend_creds_env_fallback" time="0.247" /><testcase classname="backend.tests.test_email_fix_iter91" name="test_orisei_auto_digest_code_shape" time="0.000" /><testcase classname="backend.tests.test_email_fix_iter91" name="test_booking_returns_200" time="8.467" /><testcase classname="backend.tests.test_email_fix_iter91" name="test_outbound_emails_sent" time="2.070" /><testcase classname="backend.tests.test_email_fix_iter91" name="test_booking_autopilot_converted" time="1.001" /><testcase classname="backend.tests.test_email_fix_iter91" name="test_cleanup_qa_records" time="0.002" /></testsuite></testsuites>