<?xml version="1.0" encoding="utf-8"?><testsuites name="pytest tests"><testsuite name="pytest" errors="0" failures="0" skipped="0" tests="18" time="4.634" timestamp="2026-06-28T09:47:31.228731+00:00" hostname="agent-env-76fe2d30-fcd7-45b5-8fb4-0ddf9ce5af8c"><testcase classname="backend.tests.test_iter48_intl_documents.TestReference" name="test_aes_help" time="0.143" /><testcase classname="backend.tests.test_iter48_intl_documents.TestReference" name="test_phyto_help" time="0.099" /><testcase classname="backend.tests.test_iter48_intl_documents.TestReference" name="test_document_types" time="0.097" /><testcase classname="backend.tests.test_iter48_intl_documents.TestPdfGenerators" name="test_pdf[aes-worksheet]" time="0.389" /><testcase classname="backend.tests.test_iter48_intl_documents.TestPdfGenerators" name="test_pdf[commercial-invoice]" time="0.273" /><testcase classname="backend.tests.test_iter48_intl_documents.TestPdfGenerators" name="test_pdf[packing-list]" time="0.298" /><testcase classname="backend.tests.test_iter48_intl_documents.TestPdfGenerators" name="test_pdf[certificate-of-origin]" time="0.271" /><testcase classname="backend.tests.test_iter48_intl_documents.TestPdfGenerators" name="test_pdf[phyto-application]" time="0.294" /><testcase classname="backend.tests.test_iter48_intl_documents.TestPdfGenerators" name="test_pdf[letter-of-credit]" time="0.271" /><testcase classname="backend.tests.test_iter48_intl_documents.TestPdfGenerators" name="test_pdf[isf-10]" time="0.308" /><testcase classname="backend.tests.test_iter48_intl_documents.TestPdfGenerators" name="test_pdf[cbp-7501-prep]" time="0.278" /><testcase classname="backend.tests.test_iter48_intl_documents.TestPdfGenerators" name="test_pdf[broker-cover-letter]" time="0.261" /><testcase classname="backend.tests.test_iter48_intl_documents.TestPdfGenerators" name="test_pdf[sed]" time="0.271" /><testcase classname="backend.tests.test_iter48_intl_documents.TestPdfGenerators" name="test_unknown_slug" time="0.102" /><testcase classname="backend.tests.test_iter48_intl_documents.TestAesFiling" name="test_aes_filing_capture_and_itn_receipt" time="0.194" /><testcase classname="backend.tests.test_iter48_intl_documents.TestAesFiling" name="test_aes_filing_invalid_itn" time="0.097" /><testcase classname="backend.tests.test_iter48_intl_documents.TestDocTracker" name="test_doc_lifecycle" time="0.615" /><testcase classname="backend.tests.test_iter48_intl_documents.TestDocTracker" name="test_doc_upload_and_download" time="0.326" /></testsuite></testsuites>