<?xml version="1.0" encoding="utf-8"?><testsuites name="pytest tests"><testsuite name="pytest" errors="0" failures="0" skipped="0" tests="12" time="3.881" timestamp="2026-05-18T02:24:13.602161+00:00" hostname="agent-env-76fe2d30-fcd7-45b5-8fb4-0ddf9ce5af8c"><testcase classname="backend.tests.test_iter26_marketing.TestCarrierSellSheetPdf" name="test_admin_download" time="0.360" /><testcase classname="backend.tests.test_iter26_marketing.TestCarrierSellSheetPdf" name="test_dispatcher_rejected" time="0.162" /><testcase classname="backend.tests.test_iter26_marketing.TestShipperSellSheetPdf" name="test_admin_download" time="0.185" /><testcase classname="backend.tests.test_iter26_marketing.TestPressReleasePdf" name="test_admin_download" time="0.176" /><testcase classname="backend.tests.test_iter26_marketing.TestLinkedInPosts" name="test_shape" time="0.051" /><testcase classname="backend.tests.test_iter26_marketing.TestLinkedInPosts" name="test_dispatcher_rejected" time="0.051" /><testcase classname="backend.tests.test_iter26_marketing.TestColdEmails" name="test_shape" time="0.053" /><testcase classname="backend.tests.test_iter26_marketing.TestColdEmails" name="test_dispatcher_rejected" time="0.048" /><testcase classname="backend.tests.test_iter26_marketing.TestPackZip" name="test_pack_zip_complete" time="1.010" /><testcase classname="backend.tests.test_iter26_marketing.TestPackZip" name="test_dispatcher_rejected" time="0.048" /><testcase classname="backend.tests.test_iter26_marketing.TestInvestorDataRoomWithMarketing" name="test_zip_includes_marketing_pdfs" time="1.397" /><testcase classname="backend.tests.test_iter26_marketing.TestBrandSwap" name="test_fedex_brand_renames_pdfs" time="0.289" /></testsuite></testsuites>