<?xml version="1.0" encoding="utf-8"?><testsuites name="pytest tests"><testsuite name="pytest" errors="0" failures="1" skipped="0" tests="15" time="57.712" timestamp="2026-07-17T21:00:46.853432+00:00" hostname="agent-env-76fe2d30-fcd7-45b5-8fb4-0ddf9ce5af8c"><testcase classname="backend.tests.test_iter67_sandbox_copilot.TestSandboxIndustry" name="test_reset_and_start" time="0.332" /><testcase classname="backend.tests.test_iter67_sandbox_copilot.TestSandboxIndustry" name="test_tick_loop_and_structure" time="31.886" /><testcase classname="backend.tests.test_iter67_sandbox_copilot.TestSandboxIndustry" name="test_day_rollover_overhead_market_drift" time="0.214" /><testcase classname="backend.tests.test_iter67_sandbox_copilot.TestSandboxIndustry" name="test_reset_at_end" time="0.140" /><testcase classname="backend.tests.test_iter67_sandbox_copilot.TestCopilotState" name="test_state_structure" time="0.110" /><testcase classname="backend.tests.test_iter67_sandbox_copilot.TestCopilotState" name="test_unauth_returns_401" time="0.177" /><testcase classname="backend.tests.test_iter67_sandbox_copilot.TestCopilotCompliance" name="test_compliance_seed_20_items_sorted" time="0.107" /><testcase classname="backend.tests.test_iter67_sandbox_copilot.TestCopilotCompliance" name="test_status_update_and_met_increment" time="0.738" /><testcase classname="backend.tests.test_iter67_sandbox_copilot.TestCopilotCompliance" name="test_invalid_status_422" time="0.270" /><testcase classname="backend.tests.test_iter67_sandbox_copilot.TestCopilotCompliance" name="test_dispatcher_can_set_status" time="0.130"><failure message="assert 401 == 200&#10; +  where 401 = &lt;Response [401]&gt;.status_code">backend/tests/test_iter67_sandbox_copilot.py:189: in test_dispatcher_can_set_status
    assert r.status_code == 200
E   assert 401 == 200
E    +  where 401 = &lt;Response [401]&gt;.status_code</failure></testcase><testcase classname="backend.tests.test_iter67_sandbox_copilot.TestCopilotPlan" name="test_get_plan_and_toggle" time="0.534" /><testcase classname="backend.tests.test_iter67_sandbox_copilot.TestCopilotChat" name="test_multi_turn_chat" time="22.602" /><testcase classname="backend.tests.test_iter67_sandbox_copilot.TestCopilotBriefing" name="test_briefing_latest" time="0.130" /><testcase classname="backend.tests.test_iter67_sandbox_copilot.TestRegression" name="test_sentinel_status" time="0.131" /><testcase classname="backend.tests.test_iter67_sandbox_copilot.TestRegression" name="test_route_optimizer_loads" time="0.140" /></testsuite></testsuites>