<?xml version="1.0" encoding="utf-8"?><testsuites name="pytest tests"><testsuite name="pytest" errors="0" failures="0" skipped="0" tests="31" time="2.154" timestamp="2026-06-03T21:32:52.469958+00:00" hostname="agent-env-76fe2d30-fcd7-45b5-8fb4-0ddf9ce5af8c"><testcase classname="backend.tests.test_iter32_margin_shield.TestAuthGate" name="test_unauth_dashboard_401" time="0.212" /><testcase classname="backend.tests.test_iter32_margin_shield.TestAuthGate" name="test_unauth_loyalty_create_401" time="0.062" /><testcase classname="backend.tests.test_iter32_margin_shield.TestDashboard" name="test_dashboard_shape" time="0.056" /><testcase classname="backend.tests.test_iter32_margin_shield.TestDashboard" name="test_dashboard_dispatcher_ok" time="0.053" /><testcase classname="backend.tests.test_iter32_margin_shield.TestAutoMatch" name="test_auto_match_known_load" time="0.058" /><testcase classname="backend.tests.test_iter32_margin_shield.TestAutoMatch" name="test_auto_match_apex_flag_red_or_low" time="0.061" /><testcase classname="backend.tests.test_iter32_margin_shield.TestAutoMatch" name="test_auto_match_synthesized_load" time="0.057" /><testcase classname="backend.tests.test_iter32_margin_shield.TestAutoMatch" name="test_tender_load" time="0.064" /><testcase classname="backend.tests.test_iter32_margin_shield.TestAutoMatch" name="test_tender_missing_mc_400" time="0.058" /><testcase classname="backend.tests.test_iter32_margin_shield.TestAutoMatch" name="test_tender_dispatcher_ok" time="0.061" /><testcase classname="backend.tests.test_iter32_margin_shield.TestRates" name="test_rate_snapshot_shape" time="0.065" /><testcase classname="backend.tests.test_iter32_margin_shield.TestCompliance" name="test_green_carrier" time="0.061" /><testcase classname="backend.tests.test_iter32_margin_shield.TestCompliance" name="test_red_carrier_apex" time="0.062" /><testcase classname="backend.tests.test_iter32_margin_shield.TestCompliance" name="test_unknown_mc_404" time="0.060" /><testcase classname="backend.tests.test_iter32_margin_shield.TestAutoInvoice" name="test_auto_invoice_success" time="0.147" /><testcase classname="backend.tests.test_iter32_margin_shield.TestAutoInvoice" name="test_already_invoiced" time="0.057" /><testcase classname="backend.tests.test_iter32_margin_shield.TestAutoInvoice" name="test_no_pod_400" time="0.060" /><testcase classname="backend.tests.test_iter32_margin_shield.TestAutoInvoice" name="test_unknown_booking_404" time="0.055" /><testcase classname="backend.tests.test_iter32_margin_shield.TestLoyalty" name="test_list_empty_or_ok" time="0.062" /><testcase classname="backend.tests.test_iter32_margin_shield.TestLoyalty" name="test_create_program" time="0.062" /><testcase classname="backend.tests.test_iter32_margin_shield.TestLoyalty" name="test_create_empty_name_422" time="0.059" /><testcase classname="backend.tests.test_iter32_margin_shield.TestLoyalty" name="test_update_program" time="0.064" /><testcase classname="backend.tests.test_iter32_margin_shield.TestLoyalty" name="test_update_unknown_404" time="0.067" /><testcase classname="backend.tests.test_iter32_margin_shield.TestLoyalty" name="test_assign_tier" time="0.064" /><testcase classname="backend.tests.test_iter32_margin_shield.TestLoyalty" name="test_assign_tier_unknown_404" time="0.066" /><testcase classname="backend.tests.test_iter32_margin_shield.TestLoyalty" name="test_delete_program" time="0.059" /><testcase classname="backend.tests.test_iter32_margin_shield.TestLoyalty" name="test_delete_unknown_404" time="0.060" /><testcase classname="backend.tests.test_iter32_margin_shield.TestLoyalty" name="test_cleanup_restore_carrier_tier" time="0.061" /><testcase classname="backend.tests.test_iter32_margin_shield.TestRegression" name="test_brokerage_boards" time="0.064" /><testcase classname="backend.tests.test_iter32_margin_shield.TestRegression" name="test_investor_boardroom" time="0.072" /><testcase classname="backend.tests.test_iter32_margin_shield.TestRegression" name="test_public_tms_pitch_summary" time="0.057" /></testsuite></testsuites>