<?xml version="1.0" encoding="utf-8"?><testsuites name="pytest tests"><testsuite name="pytest" errors="0" failures="0" skipped="0" tests="16" time="1.491" timestamp="2026-06-28T09:27:37.903716+00:00" hostname="agent-env-76fe2d30-fcd7-45b5-8fb4-0ddf9ce5af8c"><testcase classname="backend.tests.test_iter47_international" name="test_reference_endpoint" time="0.214" /><testcase classname="backend.tests.test_iter47_international" name="test_ocean_carriers_scac_values" time="0.049" /><testcase classname="backend.tests.test_iter47_international" name="test_rail_yards_filter_by_railroad" time="0.048" /><testcase classname="backend.tests.test_iter47_international" name="test_rail_yards_filter_by_city_memphis" time="0.047" /><testcase classname="backend.tests.test_iter47_international" name="test_container_types" time="0.049" /><testcase classname="backend.tests.test_iter47_international" name="test_create_booking_shape" time="0.047" /><testcase classname="backend.tests.test_iter47_international" name="test_get_booking_persisted" time="0.048" /><testcase classname="backend.tests.test_iter47_international" name="test_list_bookings_filter_carrier" time="0.048" /><testcase classname="backend.tests.test_iter47_international" name="test_gate_ingate_advances_status" time="0.092" /><testcase classname="backend.tests.test_iter47_international" name="test_attach_waybill" time="0.051" /><testcase classname="backend.tests.test_iter47_international" name="test_status_advance_valid" time="0.094" /><testcase classname="backend.tests.test_iter47_international" name="test_status_reject_invalid" time="0.043" /><testcase classname="backend.tests.test_iter47_international" name="test_house_bl_pdf" time="0.237" /><testcase classname="backend.tests.test_iter47_international" name="test_sli_pdf" time="0.190" /><testcase classname="backend.tests.test_iter47_international" name="test_invalid_carrier_scac_404" time="0.046" /><testcase classname="backend.tests.test_iter47_international" name="test_outgate_advances_to_outgated" time="0.145" /></testsuite></testsuites>