<?xml version="1.0" encoding="utf-8"?><testsuites name="pytest tests"><testsuite name="pytest" errors="0" failures="0" skipped="0" tests="14" time="9.871" timestamp="2026-07-18T18:03:31.726652+00:00" hostname="agent-env-76fe2d30-fcd7-45b5-8fb4-0ddf9ce5af8c"><testcase classname="backend.tests.test_iter71_readiness_prospects_impersonation.TestReadiness" name="test_readiness_verdict_ready_to_sell" time="4.053" /><testcase classname="backend.tests.test_iter71_readiness_prospects_impersonation.TestReadiness" name="test_readiness_cleans_up_selftest_tenant" time="0.135" /><testcase classname="backend.tests.test_iter71_readiness_prospects_impersonation.TestReadiness" name="test_readiness_run_history" time="0.129" /><testcase classname="backend.tests.test_iter71_readiness_prospects_impersonation.TestReadiness" name="test_readiness_latest" time="0.148" /><testcase classname="backend.tests.test_iter71_readiness_prospects_impersonation.TestReadiness" name="test_readiness_non_admin_blocked" time="0.237" /><testcase classname="backend.tests.test_iter71_readiness_prospects_impersonation.TestProspects" name="test_seed_prospects_present" time="0.107" /><testcase classname="backend.tests.test_iter71_readiness_prospects_impersonation.TestProspects" name="test_prospect_full_crud" time="0.838" /><testcase classname="backend.tests.test_iter71_readiness_prospects_impersonation.TestProspects" name="test_prospects_email_draft_personalized" time="0.000" /><testcase classname="backend.tests.test_iter71_readiness_prospects_impersonation.TestProspects" name="test_prospects_unauthed" time="0.113" /><testcase classname="backend.tests.test_iter71_readiness_prospects_impersonation.TestImpersonation" name="test_impersonate_returns_token" time="0.226" /><testcase classname="backend.tests.test_iter71_readiness_prospects_impersonation.TestImpersonation" name="test_impersonate_non_admin_blocked" time="0.215" /><testcase classname="backend.tests.test_iter71_readiness_prospects_impersonation.TestImpersonation" name="test_normal_tenant_login_no_impersonation_flag" time="0.434" /><testcase classname="backend.tests.test_iter71_readiness_prospects_impersonation.TestImpersonation" name="test_impersonate_activity_logged" time="0.202" /><testcase classname="backend.tests.test_iter71_readiness_prospects_impersonation.TestReadinessHistory" name="test_multiple_runs_history" time="3.010" /></testsuite></testsuites>