<?xml version="1.0" encoding="utf-8"?><testsuites name="pytest tests"><testsuite name="pytest" errors="0" failures="0" skipped="1" tests="12" time="3.530" timestamp="2026-08-07T19:52:28.501930+00:00" hostname="agent-env-76fe2d30-fcd7-45b5-8fb4-0ddf9ce5af8c"><testcase classname="backend.tests.test_auth_security.TestDevSessionPreview" name="test_dev_session_returns_founder_admin" time="2.032" /><testcase classname="backend.tests.test_auth_security.TestDevSessionPreview" name="test_dev_session_token_authenticates_me" time="0.216" /><testcase classname="backend.tests.test_auth_security.TestDevSessionHostGuard" name="test_spoof_host_production_domain" time="0.067" /><testcase classname="backend.tests.test_auth_security.TestDevSessionHostGuard" name="test_spoof_host_emergent_host_domain" time="0.063" /><testcase classname="backend.tests.test_auth_security.TestDevSessionHostGuard" name="test_preview_host_header_still_allowed" time="0.106" /><testcase classname="backend.tests.test_auth_security.TestDevSessionHostGuard" name="test_xforwarded_host_production_blocked" time="0.098"><skipped type="pytest.skip" message="Ingress overwrites X-Forwarded-Host with legitimate preview host before it reaches backend — spoof is neutralised at edge, backend sees valid preview host. Cannot end-to-end test XFH guard on this platform. Code inspection confirms _is_preview_host() checks XFH.">/app/backend/tests/test_auth_security.py:106: Ingress overwrites X-Forwarded-Host with legitimate preview host before it reaches backend — spoof is neutralised at edge, backend sees valid preview host. Cannot end-to-end test XFH guard on this platform. Code inspection confirms _is_preview_host() checks XFH.</skipped></testcase><testcase classname="backend.tests.test_auth_security.TestGoogleSessionGate" name="test_bogus_session_id_rejected" time="0.209" /><testcase classname="backend.tests.test_auth_security.TestGoogleSessionGate" name="test_missing_session_id_rejected" time="0.096" /><testcase classname="backend.tests.test_auth_security.TestProtectedAuth" name="test_me_no_auth" time="0.123" /><testcase classname="backend.tests.test_auth_security.TestProtectedAuth" name="test_me_bogus_bearer" time="0.157" /><testcase classname="backend.tests.test_auth_security.TestAdminRegression" name="test_admin_can_read_truck_cleaning_bookings" time="0.210" /><testcase classname="backend.tests.test_auth_security.TestAdminRegression" name="test_admin_can_read_shipments" time="0.118" /></testsuite></testsuites>