<?xml version="1.0" encoding="utf-8"?><testsuites name="pytest tests"><testsuite name="pytest" errors="0" failures="0" skipped="0" tests="16" time="3.344" timestamp="2026-05-15T20:39:41.587184+00:00" hostname="agent-env-76fe2d30-fcd7-45b5-8fb4-0ddf9ce5af8c"><testcase classname="backend.tests.test_iter18.TestBrandingTemplateAndManual" name="test_template_returns_promo_video_ids_default" time="0.154" /><testcase classname="backend.tests.test_iter18.TestBrandingTemplateAndManual" name="test_manual_persists_promo_video_ids_and_trims_empties" time="0.186" /><testcase classname="backend.tests.test_iter18.TestBrandingTemplateAndManual" name="test_manual_with_activate_true_makes_brand_active" time="0.426" /><testcase classname="backend.tests.test_iter18.TestBookingThenBOL" name="test_generate_bol_returns_BOL_doc_with_fields" time="0.224" /><testcase classname="backend.tests.test_iter18.TestBookingThenBOL" name="test_bol_pdf_download_returns_pdf_content_type" time="0.159" /><testcase classname="backend.tests.test_iter18.TestBrandReactivity" name="test_shipments_use_pfizer_cities" time="0.269" /><testcase classname="backend.tests.test_iter18.TestBrandReactivity" name="test_drivers_no_tennant_substring" time="0.107" /><testcase classname="backend.tests.test_iter18.TestBrandReactivity" name="test_trailers_no_tennant_substring" time="0.116" /><testcase classname="backend.tests.test_iter18.TestBrandReactivity" name="test_specialty_carriers_no_tennant_substring" time="0.113" /><testcase classname="backend.tests.test_iter18.TestBrandReactivity" name="test_kpis_network_metrics_drifted_from_tennant" time="0.122" /><testcase classname="backend.tests.test_iter18.TestBrandReactivity" name="test_traffic_no_tennant_substring" time="0.112" /><testcase classname="backend.tests.test_iter18.TestBrandReactivity" name="test_weather_alerts_no_tennant_substring" time="0.220" /><testcase classname="backend.tests.test_iter18.TestRestoreToTennant" name="test_switch_to_tennant_restores_tennant_cities" time="0.456" /><testcase classname="backend.tests.test_iter18.TestRestoreToTennant" name="test_pfizer_is_active_at_end" time="0.106" /><testcase classname="backend.tests.test_iter18.TestServerRegistryRegression" name="test_get_admin_servers_ok" time="0.113" /><testcase classname="backend.tests.test_iter18.TestServerRegistryRegression" name="test_post_and_delete_custom_server" time="0.409" /></testsuite></testsuites>