<?xml version="1.0" encoding="utf-8"?><testsuites name="pytest tests"><testsuite name="pytest" errors="0" failures="0" skipped="1" tests="12" time="3.458" timestamp="2026-07-03T17:16:29.520701+00:00" hostname="agent-env-76fe2d30-fcd7-45b5-8fb4-0ddf9ce5af8c"><testcase classname="backend.tests.test_iter56_lighthouse_brand_bug.TestLighthouseAssetsBrand" name="test_asset_pdf_has_orisei_not_walmart[product_tour]" time="0.342" /><testcase classname="backend.tests.test_iter56_lighthouse_brand_bug.TestLighthouseAssetsBrand" name="test_asset_pdf_has_orisei_not_walmart[roi_calculator]" time="0.282" /><testcase classname="backend.tests.test_iter56_lighthouse_brand_bug.TestLighthouseAssetsBrand" name="test_asset_pdf_has_orisei_not_walmart[spec_sheet]" time="0.289" /><testcase classname="backend.tests.test_iter56_lighthouse_brand_bug.TestLighthouseAssetsBrand" name="test_asset_pdf_has_orisei_not_walmart[case_study]" time="0.277" /><testcase classname="backend.tests.test_iter56_lighthouse_brand_bug.TestLighthouseAssetsBrand" name="test_asset_pdf_has_orisei_not_walmart[security_brief]" time="0.347" /><testcase classname="backend.tests.test_iter56_lighthouse_brand_bug.TestLighthouseAssetsBrand" name="test_asset_pdf_has_orisei_not_walmart[onboarding_map]" time="0.282" /><testcase classname="backend.tests.test_iter56_lighthouse_brand_bug.TestLighthouseAssetsBrand" name="test_asset_catalog_endpoint" time="0.102" /><testcase classname="backend.tests.test_iter56_lighthouse_brand_bug.TestQBRStudioBrand" name="test_qbr_dashboard_smoke" time="0.113" /><testcase classname="backend.tests.test_iter56_lighthouse_brand_bug.TestQBRStudioBrand" name="test_qbr_pdf_if_any_qbr_exists" time="0.389" /><testcase classname="backend.tests.test_iter56_lighthouse_brand_bug.TestClaimsMasterBrand" name="test_claims_dashboard_smoke" time="0.100" /><testcase classname="backend.tests.test_iter56_lighthouse_brand_bug.TestClaimsMasterBrand" name="test_claim_report_pdf_if_any_claim" time="0.407" /><testcase classname="backend.tests.test_iter56_lighthouse_brand_bug.TestBrandDBState" name="test_active_brand_is_orisei" time="0.447"><skipped type="pytest.skip" message="no brand admin endpoint reachable; verified indirectly via PDF text">/app/backend/tests/test_iter56_lighthouse_brand_bug.py:146: no brand admin endpoint reachable; verified indirectly via PDF text</skipped></testcase></testsuite></testsuites>