<?xml version="1.0" encoding="utf-8"?><testsuites name="pytest tests"><testsuite name="pytest" errors="0" failures="0" skipped="0" tests="30" time="3.633" timestamp="2026-06-11T20:57:03.902242+00:00" hostname="agent-env-76fe2d30-fcd7-45b5-8fb4-0ddf9ce5af8c"><testcase classname="backend.tests.test_iter35_enterprise_tms.TestCoverageAndCatalogs" name="test_coverage" time="0.188" /><testcase classname="backend.tests.test_iter35_enterprise_tms.TestCoverageAndCatalogs" name="test_integration_registry" time="0.118" /><testcase classname="backend.tests.test_iter35_enterprise_tms.TestCoverageAndCatalogs" name="test_hazmat_catalog" time="0.127" /><testcase classname="backend.tests.test_iter35_enterprise_tms.TestCoverageAndCatalogs" name="test_hazmat_single_lookup" time="0.108" /><testcase classname="backend.tests.test_iter35_enterprise_tms.TestCoverageAndCatalogs" name="test_hazmat_batch" time="0.103" /><testcase classname="backend.tests.test_iter35_enterprise_tms.TestEngines" name="test_cartonize_carton" time="0.148" /><testcase classname="backend.tests.test_iter35_enterprise_tms.TestEngines" name="test_cartonize_palletize" time="0.114" /><testcase classname="backend.tests.test_iter35_enterprise_tms.TestEngines" name="test_consolidate" time="0.116" /><testcase classname="backend.tests.test_iter35_enterprise_tms.TestEngines" name="test_dynamic_route" time="0.108" /><testcase classname="backend.tests.test_iter35_enterprise_tms.TestEngines" name="test_mode_rate_shop_with_badges" time="0.126" /><testcase classname="backend.tests.test_iter35_enterprise_tms.TestVisibilityAndBenchmark" name="test_rate_benchmark" time="0.111" /><testcase classname="backend.tests.test_iter35_enterprise_tms.TestVisibilityAndBenchmark" name="test_global_visibility" time="0.145" /><testcase classname="backend.tests.test_iter35_enterprise_tms.TestVisibilityAndBenchmark" name="test_regional_network" time="0.106" /><testcase classname="backend.tests.test_iter35_enterprise_tms.TestVisibilityAndBenchmark" name="test_global_kpis" time="0.101" /><testcase classname="backend.tests.test_iter35_enterprise_tms.TestRoutingRulesCRUD" name="test_create_routing_rule" time="0.146" /><testcase classname="backend.tests.test_iter35_enterprise_tms.TestRoutingRulesCRUD" name="test_list_routing_rules" time="0.093" /><testcase classname="backend.tests.test_iter35_enterprise_tms.TestRoutingRulesCRUD" name="test_update_routing_rule" time="0.105" /><testcase classname="backend.tests.test_iter35_enterprise_tms.TestRoutingRulesCRUD" name="test_delete_routing_rule" time="0.128" /><testcase classname="backend.tests.test_iter35_enterprise_tms.TestConsolidationGroupsCRUD" name="test_create" time="0.133" /><testcase classname="backend.tests.test_iter35_enterprise_tms.TestConsolidationGroupsCRUD" name="test_list" time="0.100" /><testcase classname="backend.tests.test_iter35_enterprise_tms.TestConsolidationGroupsCRUD" name="test_delete" time="0.112" /><testcase classname="backend.tests.test_iter35_enterprise_tms.TestHazmatProfilesCRUD" name="test_create" time="0.134" /><testcase classname="backend.tests.test_iter35_enterprise_tms.TestHazmatProfilesCRUD" name="test_list" time="0.106" /><testcase classname="backend.tests.test_iter35_enterprise_tms.TestHazmatProfilesCRUD" name="test_delete" time="0.108" /><testcase classname="backend.tests.test_iter35_enterprise_tms.TestInbound" name="test_create" time="0.133" /><testcase classname="backend.tests.test_iter35_enterprise_tms.TestInbound" name="test_list" time="0.104" /><testcase classname="backend.tests.test_iter35_enterprise_tms.TestInbound" name="test_status_update" time="0.114" /><testcase classname="backend.tests.test_iter35_enterprise_tms.TestSapIdoc" name="test_idoc_inbound_delvry03" time="0.133" /><testcase classname="backend.tests.test_iter35_enterprise_tms.TestSapIdoc" name="test_idoc_inbound_invalid" time="0.103" /><testcase classname="backend.tests.test_iter35_enterprise_tms.TestSapIdoc" name="test_idoc_queue" time="0.105" /></testsuite></testsuites>