<?xml version="1.0" encoding="utf-8"?><testsuites name="pytest tests"><testsuite name="pytest" errors="0" failures="0" skipped="0" tests="11" time="6.202" timestamp="2026-07-03T17:33:10.927490+00:00" hostname="agent-env-76fe2d30-fcd7-45b5-8fb4-0ddf9ce5af8c"><testcase classname="backend.tests.test_iter57_shipper_welcome_kit.TestWelcomePdf" name="test_pdf_is_orisei_branded" time="2.573" /><testcase classname="backend.tests.test_iter57_shipper_welcome_kit.TestSendWelcome" name="test_send_welcome_success" time="0.238" /><testcase classname="backend.tests.test_iter57_shipper_welcome_kit.TestSendWelcome" name="test_greeting_is_personalized" time="0.233" /><testcase classname="backend.tests.test_iter57_shipper_welcome_kit.TestSendWelcome" name="test_send_welcome_without_email_returns_422" time="0.256" /><testcase classname="backend.tests.test_iter57_shipper_welcome_kit.TestActivityAutoLog" name="test_activity_shows_on_account_detail" time="0.363" /><testcase classname="backend.tests.test_iter57_shipper_welcome_kit.TestWelcomeHistory" name="test_history_sorted_desc" time="1.616" /><testcase classname="backend.tests.test_iter57_shipper_welcome_kit.TestRoiSnapshot" name="test_roi_section_appears_after_patch" time="0.421" /><testcase classname="backend.tests.test_iter57_shipper_welcome_kit.TestRegression" name="test_dashboard" time="0.112" /><testcase classname="backend.tests.test_iter57_shipper_welcome_kit.TestRegression" name="test_list_accounts" time="0.110" /><testcase classname="backend.tests.test_iter57_shipper_welcome_kit.TestRegression" name="test_create_account_smoke" time="0.102" /><testcase classname="backend.tests.test_iter57_shipper_welcome_kit.TestRegression" name="test_log_activity" time="0.106" /></testsuite></testsuites>