<?xml version="1.0" encoding="utf-8"?><testsuites name="pytest tests"><testsuite name="pytest" errors="0" failures="0" skipped="0" tests="11" time="2.421" timestamp="2026-05-18T02:05:33.089334+00:00" hostname="agent-env-76fe2d30-fcd7-45b5-8fb4-0ddf9ce5af8c"><testcase classname="backend.tests.test_iter25_investor.TestBoardroom" name="test_admin_can_fetch_boardroom" time="0.153" /><testcase classname="backend.tests.test_iter25_investor.TestBoardroom" name="test_dispatcher_rejected" time="0.115" /><testcase classname="backend.tests.test_iter25_investor.TestProbability" name="test_default_high_score" time="0.063" /><testcase classname="backend.tests.test_iter25_investor.TestProbability" name="test_fragile_inputs_drop_score" time="0.054" /><testcase classname="backend.tests.test_iter25_investor.TestProbability" name="test_dispatcher_rejected" time="0.053" /><testcase classname="backend.tests.test_iter25_investor.TestDeckPdf" name="test_deck_pdf_download" time="0.247" /><testcase classname="backend.tests.test_iter25_investor.TestDeckPdf" name="test_dispatcher_rejected" time="0.073" /><testcase classname="backend.tests.test_iter25_investor.TestOnePagerPdf" name="test_one_pager_download" time="0.180" /><testcase classname="backend.tests.test_iter25_investor.TestFinancialModelXlsx" name="test_xlsx_download" time="0.086" /><testcase classname="backend.tests.test_iter25_investor.TestDataRoomZip" name="test_zip_valid_and_complete" time="0.927" /><testcase classname="backend.tests.test_iter25_investor.TestBrandSwap" name="test_brand_swap_changes_zip_filenames" time="0.427" /></testsuite></testsuites>