<?xml version="1.0" encoding="utf-8"?><testsuites name="pytest tests"><testsuite name="pytest" errors="0" failures="1" skipped="1" tests="6" time="0.992" timestamp="2026-07-27T10:07:37.893348+00:00" hostname="agent-env-76fe2d30-fcd7-45b5-8fb4-0ddf9ce5af8c"><testcase classname="backend.tests.test_iter83_dynamic_pricing_insurance_portal" name="test_pricing_market" time="0.214"><failure message="AssertionError: assert 'heat_index' in {'at': '2026-07-27T10:07:38.118154+00:00', 'hottest': 'Miami, FL → Newark, NJ', 'lanes': [{'avg_posted_rate_usd': 2753.0, 'best_day': {'day': 'Sat', 'quote_usd': 2357, 'savings_usd': 589}, 'demand_loads': 5, 'equipment_mix': ['Flatbed', 'Step Deck', 'Van'], ...}, {'avg_posted_rate_usd': 1847.0, 'best_day': {'day': 'Sat', 'quote_usd': 1581, 'savings_usd': 395}, 'demand_loads': 4, 'equipment_mix': ['Power Only', 'Step Deck', 'Van'], ...}, {'avg_posted_rate_usd': 2484.0, 'best_day': {'day': 'Sat', 'quote_usd': 2017, 'savings_usd': 504}, 'demand_loads': 6, 'equipment_mix': ['Flatbed', 'Power Only', 'Reefer', 'Step Deck', 'Van'], ...}, {'avg_posted_rate_usd': 2370.0, 'best_day': {'day': 'Sat', 'quote_usd': 1911, 'savings_usd': 478}, 'demand_loads': 4, 'equipment_mix': ['Flatbed', 'Step Deck'], ...}, {'avg_posted_rate_usd': 1447.0, 'best_day': {'day': 'Sat', 'quote_usd': 1167, 'savings_usd': 292}, 'demand_loads': 1, 'equipment_mix': ['Step Deck'], ...}, {'avg_posted_rate_usd': 1968.0, 'best_day': {'day': 'Sat', 'quote_usd': 1587, 'savings_usd': 397}, 'demand_loads': 1, 'equipment_mix': ['Flatbed'], ...}, ...], 'market_heat_index': 44.9, ...}">backend/tests/test_iter83_dynamic_pricing_insurance_portal.py:19: in test_pricing_market
    assert "heat_index" in d
E   AssertionError: assert 'heat_index' in {'at': '2026-07-27T10:07:38.118154+00:00', 'hottest': 'Miami, FL → Newark, NJ', 'lanes': [{'avg_posted_rate_usd': 2753.0, 'best_day': {'day': 'Sat', 'quote_usd': 2357, 'savings_usd': 589}, 'demand_loads': 5, 'equipment_mix': ['Flatbed', 'Step Deck', 'Van'], ...}, {'avg_posted_rate_usd': 1847.0, 'best_day': {'day': 'Sat', 'quote_usd': 1581, 'savings_usd': 395}, 'demand_loads': 4, 'equipment_mix': ['Power Only', 'Step Deck', 'Van'], ...}, {'avg_posted_rate_usd': 2484.0, 'best_day': {'day': 'Sat', 'quote_usd': 2017, 'savings_usd': 504}, 'demand_loads': 6, 'equipment_mix': ['Flatbed', 'Power Only', 'Reefer', 'Step Deck', 'Van'], ...}, {'avg_posted_rate_usd': 2370.0, 'best_day': {'day': 'Sat', 'quote_usd': 1911, 'savings_usd': 478}, 'demand_loads': 4, 'equipment_mix': ['Flatbed', 'Step Deck'], ...}, {'avg_posted_rate_usd': 1447.0, 'best_day': {'day': 'Sat', 'quote_usd': 1167, 'savings_usd': 292}, 'demand_loads': 1, 'equipment_mix': ['Step Deck'], ...}, {'avg_posted_rate_usd': 1968.0, 'best_day': {'day': 'Sat', 'quote_usd': 1587, 'savings_usd': 397}, 'demand_loads': 1, 'equipment_mix': ['Flatbed'], ...}, ...], 'market_heat_index': 44.9, ...}</failure></testcase><testcase classname="backend.tests.test_iter83_dynamic_pricing_insurance_portal" name="test_pricing_quote_suggest" time="0.135" /><testcase classname="backend.tests.test_iter83_dynamic_pricing_insurance_portal" name="test_ops_truth_summary" time="0.139" /><testcase classname="backend.tests.test_iter83_dynamic_pricing_insurance_portal" name="test_ops_truth_match_playbook" time="0.105" /><testcase classname="backend.tests.test_iter83_dynamic_pricing_insurance_portal" name="test_insurance_policies" time="0.105" /><testcase classname="backend.tests.test_iter83_dynamic_pricing_insurance_portal" name="test_portal_live_eta" time="0.229"><skipped type="pytest.skip" message="Could not seed in-transit booking and no existing in-transit load — portal live ETA not verifiable">/app/backend/tests/test_iter83_dynamic_pricing_insurance_portal.py:103: Could not seed in-transit booking and no existing in-transit load — portal live ETA not verifiable</skipped></testcase></testsuite></testsuites>