<?xml version="1.0" encoding="utf-8"?><testsuites name="pytest tests"><testsuite name="pytest" errors="0" failures="1" skipped="0" tests="22" time="3.940" timestamp="2026-05-11T12:03:12.354113+00:00" hostname="agent-env-76fe2d30-fcd7-45b5-8fb4-0ddf9ce5af8c"><testcase classname="backend.tests.test_documents_v16.TestDocumentCreateAmend" name="test_create_document_defaults" time="1.164" /><testcase classname="backend.tests.test_documents_v16.TestDocumentCreateAmend" name="test_amend_document_records_diff" time="0.066" /><testcase classname="backend.tests.test_documents_v16.TestDocumentCreateAmend" name="test_amend_404" time="0.059" /><testcase classname="backend.tests.test_documents_v16.TestDocumentEmail" name="test_email_returns_mailto_and_logs" time="0.056"><failure message="AssertionError: assert 'Bill of Lading' in 'Tennant · BILL OF LADING (Rev 2) · TEST_REF_001'">backend/tests/test_documents_v16.py:95: in test_email_returns_mailto_and_logs
    assert "Bill of Lading" in j["subject"]
E   AssertionError: assert 'Bill of Lading' in 'Tennant · BILL OF LADING (Rev 2) · TEST_REF_001'</failure></testcase><testcase classname="backend.tests.test_documents_v16.TestDocumentEmail" name="test_email_404" time="0.057" /><testcase classname="backend.tests.test_documents_v16.TestGenerateBolFromShipment" name="test_generate_bol_admin" time="0.122" /><testcase classname="backend.tests.test_documents_v16.TestGenerateBolFromShipment" name="test_generate_bol_404" time="0.067" /><testcase classname="backend.tests.test_documents_v16.TestGenerateBolFromShipment" name="test_generate_bol_rbac_auditor_forbidden" time="0.579" /><testcase classname="backend.tests.test_documents_v16.TestListDocuments" name="test_list_includes_new_fields" time="0.139" /><testcase classname="backend.tests.test_documents_v16.TestPdf" name="test_pdf_reflects_latest_data" time="0.074" /><testcase classname="backend.tests.test_documents_v16.TestRegressionSmoke" name="test_shipments_list" time="0.054" /><testcase classname="backend.tests.test_documents_v16.TestRegressionSmoke" name="test_workbook_tabs" time="0.058" /><testcase classname="backend.tests.test_documents_v16.TestRegressionSmoke" name="test_kpis" time="0.054" /><testcase classname="backend.tests.test_equipment_v17.TestEquipmentUpload" name="test_upload_xlsx_success" time="0.153" /><testcase classname="backend.tests.test_equipment_v17.TestEquipmentUpload" name="test_upload_rejects_non_xlsx" time="0.139" /><testcase classname="backend.tests.test_equipment_v17.TestEquipmentReports" name="test_list_reports" time="0.055" /><testcase classname="backend.tests.test_equipment_v17.TestEquipmentReports" name="test_get_report_by_id" time="0.061" /><testcase classname="backend.tests.test_equipment_v17.TestEquipmentReports" name="test_get_report_404" time="0.054" /><testcase classname="backend.tests.test_equipment_v17.TestAnalytics" name="test_analytics_has_all_fields" time="0.053" /><testcase classname="backend.tests.test_equipment_v17.TestRbacDelete" name="test_delete_forbidden_for_dispatcher" time="0.509" /><testcase classname="backend.tests.test_equipment_v17.TestRbacDelete" name="test_delete_forbidden_for_auditor" time="0.076" /><testcase classname="backend.tests.test_equipment_v17.TestRbacDelete" name="test_delete_admin_ok" time="0.114" /></testsuite></testsuites>