<?xml version="1.0" encoding="utf-8"?><testsuites name="pytest tests"><testsuite name="pytest" errors="0" failures="0" skipped="0" tests="9" time="1.455" timestamp="2026-07-18T15:47:25.438781+00:00" hostname="agent-env-76fe2d30-fcd7-45b5-8fb4-0ddf9ce5af8c"><testcase classname="backend.tests.test_iter68_hotshot" name="test_create_lead_ok" time="0.167" /><testcase classname="backend.tests.test_iter68_hotshot" name="test_create_lead_invalid_email_returns_400" time="0.107" /><testcase classname="backend.tests.test_iter68_hotshot" name="test_create_lead_missing_name_returns_422" time="0.103" /><testcase classname="backend.tests.test_iter68_hotshot" name="test_list_leads_admin_200" time="0.369" /><testcase classname="backend.tests.test_iter68_hotshot" name="test_list_leads_unauth_401" time="0.121" /><testcase classname="backend.tests.test_iter68_hotshot" name="test_status_change_persists" time="0.206" /><testcase classname="backend.tests.test_iter68_hotshot" name="test_status_invalid_returns_400" time="0.104" /><testcase classname="backend.tests.test_iter68_hotshot" name="test_status_not_found_404" time="0.104" /><testcase classname="backend.tests.test_iter68_hotshot" name="test_one_pager_pdf" time="0.141" /></testsuite></testsuites>