<?xml version="1.0" encoding="utf-8"?><testsuites name="pytest tests"><testsuite name="pytest" errors="0" failures="0" skipped="0" tests="19" time="2.942" timestamp="2026-05-16T18:20:16.104754+00:00" hostname="agent-env-76fe2d30-fcd7-45b5-8fb4-0ddf9ce5af8c"><testcase classname="backend.tests.test_iter24_outreach_bol.TestDocumentsBOL" name="test_bol_pdf_via_documents_endpoint" time="0.389" /><testcase classname="backend.tests.test_iter24_outreach_bol.TestDocumentsBOL" name="test_non_bol_pdf_renders[DOC-D945D6AA]" time="0.134" /><testcase classname="backend.tests.test_iter24_outreach_bol.TestDocumentsBOL" name="test_non_bol_pdf_renders[DOC-E0C4541B]" time="0.127" /><testcase classname="backend.tests.test_iter24_outreach_bol.TestDocumentsBOL" name="test_non_bol_pdf_renders[DOC-E243799E]" time="0.157" /><testcase classname="backend.tests.test_iter24_outreach_bol.TestDocumentsBOL" name="test_non_bol_pdf_renders[DOC-F1C26490]" time="0.121" /><testcase classname="backend.tests.test_iter24_outreach_bol.TestOutreachCatalog" name="test_catalog_returns_14_providers" time="0.150" /><testcase classname="backend.tests.test_iter24_outreach_bol.TestOutreachCatalog" name="test_catalog_requires_auth" time="0.109" /><testcase classname="backend.tests.test_iter24_outreach_bol.TestOutreachSend" name="test_dry_run_persists_and_returns_html_preview" time="0.101" /><testcase classname="backend.tests.test_iter24_outreach_bol.TestOutreachSend" name="test_send_without_resend_returns_400_with_hint" time="0.106" /><testcase classname="backend.tests.test_iter24_outreach_bol.TestOutreachSend" name="test_to_email_overrides_respected" time="0.111" /><testcase classname="backend.tests.test_iter24_outreach_bol.TestOutreachSend" name="test_send_admin_only" time="0.103" /><testcase classname="backend.tests.test_iter24_outreach_bol.TestOutreachSend" name="test_send_empty_or_invalid_ids_400" time="0.145" /><testcase classname="backend.tests.test_iter24_outreach_bol.TestOutreachHistoryAndStatus" name="test_history_sorted_desc" time="0.126" /><testcase classname="backend.tests.test_iter24_outreach_bol.TestOutreachHistoryAndStatus" name="test_status_replied_then_closed" time="0.352" /><testcase classname="backend.tests.test_iter24_outreach_bol.TestOutreachHistoryAndStatus" name="test_status_invalid_400" time="0.103" /><testcase classname="backend.tests.test_iter24_outreach_bol.TestOutreachHistoryAndStatus" name="test_status_missing_404" time="0.106" /><testcase classname="backend.tests.test_iter24_outreach_bol.TestRegression" name="test_existing_endpoints_still_ok[/api/brokerage/settings]" time="0.103" /><testcase classname="backend.tests.test_iter24_outreach_bol.TestRegression" name="test_existing_endpoints_still_ok[/api/connections]" time="0.124" /><testcase classname="backend.tests.test_iter24_outreach_bol.TestRegression" name="test_existing_endpoints_still_ok[/api/documents?limit=5]" time="0.231" /></testsuite></testsuites>