<?xml version="1.0" encoding="utf-8"?><testsuites name="pytest tests"><testsuite name="pytest" errors="0" failures="0" skipped="0" tests="11" time="1.929" timestamp="2026-07-20T05:25:18.801065+00:00" hostname="agent-env-76fe2d30-fcd7-45b5-8fb4-0ddf9ce5af8c"><testcase classname="backend.tests.test_iter75_tc_brochures_catalog.TestCatalog" name="test_catalog_requires_auth" time="0.188" /><testcase classname="backend.tests.test_iter75_tc_brochures_catalog.TestCatalog" name="test_catalog_shape" time="0.105" /><testcase classname="backend.tests.test_iter75_tc_brochures_catalog.TestJobPricingNewUpsells" name="test_job_pricing_new_upsells" time="0.219" /><testcase classname="backend.tests.test_iter75_tc_brochures_catalog.TestBrochures" name="test_brochures_require_auth" time="0.105" /><testcase classname="backend.tests.test_iter75_tc_brochures_catalog.TestBrochures" name="test_services_brochure_pdf" time="0.241" /><testcase classname="backend.tests.test_iter75_tc_brochures_catalog.TestBrochures" name="test_cleaning_guide_brochure_multipage" time="0.207" /><testcase classname="backend.tests.test_iter75_tc_brochures_catalog.TestBrochures" name="test_unknown_brochure_404" time="0.108" /><testcase classname="backend.tests.test_iter75_tc_brochures_catalog.TestLegacyDocs" name="test_proposal_pdf" time="0.202" /><testcase classname="backend.tests.test_iter75_tc_brochures_catalog.TestLegacyDocs" name="test_agreement_pdf" time="0.206" /><testcase classname="backend.tests.test_iter75_tc_brochures_catalog.TestLegacyDocs" name="test_report_card_pdf" time="0.202" /><testcase classname="backend.tests.test_iter75_tc_brochures_catalog.TestLegacyDocs" name="test_unknown_legacy_doc_404" time="0.100" /></testsuite></testsuites>