<?xml version="1.0" encoding="utf-8"?><testsuites name="pytest tests"><testsuite name="pytest" errors="0" failures="1" skipped="0" tests="11" time="4.205" timestamp="2026-07-03T17:27:28.458581+00:00" hostname="agent-env-76fe2d30-fcd7-45b5-8fb4-0ddf9ce5af8c"><testcase classname="backend.tests.test_iter57_shipper_welcome_kit.TestWelcomePdf" name="test_pdf_is_orisei_branded" time="0.555" /><testcase classname="backend.tests.test_iter57_shipper_welcome_kit.TestSendWelcome" name="test_send_welcome_success" time="0.234" /><testcase classname="backend.tests.test_iter57_shipper_welcome_kit.TestSendWelcome" name="test_greeting_is_personalized" time="0.235" /><testcase classname="backend.tests.test_iter57_shipper_welcome_kit.TestSendWelcome" name="test_send_welcome_without_email_returns_422" time="0.238" /><testcase classname="backend.tests.test_iter57_shipper_welcome_kit.TestActivityAutoLog" name="test_activity_shows_on_account_detail" time="0.363"><failure message="AssertionError: no activities on account. keys=['account', 'incentives', 'qbrs', 'tms_integrations', 'activity']&#10;assert []">backend/tests/test_iter57_shipper_welcome_kit.py:203: in test_activity_shows_on_account_detail
    assert activities, f"no activities on account. keys={list(data.keys())}"
E   AssertionError: no activities on account. keys=['account', 'incentives', 'qbrs', 'tms_integrations', 'activity']
E   assert []</failure></testcase><testcase classname="backend.tests.test_iter57_shipper_welcome_kit.TestWelcomeHistory" name="test_history_sorted_desc" time="1.585" /><testcase classname="backend.tests.test_iter57_shipper_welcome_kit.TestRoiSnapshot" name="test_roi_section_appears_after_patch" time="0.398" /><testcase classname="backend.tests.test_iter57_shipper_welcome_kit.TestRegression" name="test_dashboard" time="0.118" /><testcase classname="backend.tests.test_iter57_shipper_welcome_kit.TestRegression" name="test_list_accounts" time="0.105" /><testcase classname="backend.tests.test_iter57_shipper_welcome_kit.TestRegression" name="test_create_account_smoke" time="0.152" /><testcase classname="backend.tests.test_iter57_shipper_welcome_kit.TestRegression" name="test_log_activity" time="0.108" /></testsuite></testsuites>