<?xml version="1.0" encoding="utf-8"?><testsuites name="pytest tests"><testsuite name="pytest" errors="0" failures="1" skipped="0" tests="13" time="103.903" timestamp="2026-07-27T07:29:44.171270+00:00" hostname="agent-env-76fe2d30-fcd7-45b5-8fb4-0ddf9ce5af8c"><testcase classname="backend.tests.test_iter81_orisei_tms" name="test_health" time="0.204" /><testcase classname="backend.tests.test_iter81_orisei_tms" name="test_nmfc_codes_merged" time="0.129" /><testcase classname="backend.tests.test_iter81_orisei_tms" name="test_weigh_stations_all" time="0.100" /><testcase classname="backend.tests.test_iter81_orisei_tms" name="test_weigh_stations_state_filter" time="0.102" /><testcase classname="backend.tests.test_iter81_orisei_tms" name="test_lane_notes_crud" time="0.348" /><testcase classname="backend.tests.test_iter81_orisei_tms" name="test_niche_cargo_analysis" time="0.136" /><testcase classname="backend.tests.test_iter81_orisei_tms" name="test_niche_cargo_ai_advise" time="86.880" /><testcase classname="backend.tests.test_iter81_orisei_tms" name="test_qbr_exec_summary_pdf" time="15.313" /><testcase classname="backend.tests.test_iter81_orisei_tms" name="test_shipment_with_addresses_bol" time="0.134"><failure message="AssertionError: {&quot;detail&quot;:[{&quot;type&quot;:&quot;missing&quot;,&quot;loc&quot;:[&quot;body&quot;,&quot;mode&quot;],&quot;msg&quot;:&quot;Field required&quot;,&quot;input&quot;:{&quot;shipper_name&quot;:&quot;TEST_Acme Shipper&quot;,&quot;shipper_address&quot;:&quot;123 Test St&quot;,&quot;shipper_city_state_zip&quot;:&quot;Minneapolis, MN 55401&quot;,&quot;shipper_contact&quot;:&quot;Jane Doe&quot;,&quot;consignee_name&quot;:&quot;TEST_Beta Consignee&quot;,&quot;consignee_address&quot;:&quot;456 Rcv Ave&quot;,&quot;consignee_city_state_zip&quot;:&quot;Dallas, TX 75201&quot;,&quot;consignee_contact&quot;:&quot;John Roe&quot;,&quot;origin&quot;:&quot;Minneapolis, MN&quot;,&quot;destination&quot;:&quot;Dallas, TX&quot;,&quot;commodity&quot;:&quot;TEST_pallets&quot;,&quot;weight&quot;:5000,&quot;rate&quot;:1500},&quot;url&quot;:&quot;https://errors.pydantic.dev/2.13/v/missing&quot;},{&quot;type&quot;:&quot;missing&quot;,&quot;loc&quot;:[&quot;body&quot;,&quot;carrier&quot;],&quot;msg&quot;:&quot;Field required&quot;,&quot;input&quot;:{&quot;shipper_name&quot;:&quot;TEST_Acme Shipper&quot;,&quot;shipper_address&quot;:&quot;123 Test St&quot;,&quot;shipper_city_state_zip&quot;:&quot;Minneapolis, MN 55401&quot;,&quot;shipper_contact&quot;:&quot;Jane Doe&quot;,&quot;consignee_name&quot;:&quot;TEST_Beta Consignee&quot;,&quot;consignee_address&quot;:&quot;456 Rcv Ave&quot;,&quot;consignee_city_state_zip&quot;:&quot;Dallas, TX 75201&quot;,&quot;consignee_contact&quot;:&quot;John Roe&quot;,&quot;origin&quot;:&quot;Minneapolis, MN&quot;,&quot;destination&quot;:&quot;Dallas, TX&quot;,&quot;commodity&quot;:&quot;TEST_pallets&quot;,&quot;weight&quot;:5000,&quot;rate&quot;:1500},&quot;url&quot;:&quot;https://errors.pydantic.dev/2.13/v/missing&quot;},{&quot;type&quot;:&quot;missing&quot;,&quot;loc&quot;:[&quot;body&quot;,&quot;destination_city&quot;],&quot;msg&quot;:&quot;Field required&quot;,&quot;input&quot;:{&quot;shipper_name&quot;:&quot;TEST_Acme Shipper&quot;,&quot;shipper_address&quot;:&quot;123 Test St&quot;,&quot;shipper_city_state_zip&quot;:&quot;Minneapolis, MN 55401&quot;,&quot;shipper_contact&quot;:&quot;Jane Doe&quot;,&quot;consignee_name&quot;:&quot;TEST_Beta Consignee&quot;,&quot;consignee_address&quot;:&quot;456 Rcv Ave&quot;,&quot;consignee_city_state_zip&quot;:&quot;Dallas, TX 75201&quot;,&quot;consignee_contact&quot;:&quot;John Roe&quot;,&quot;origin&quot;:&quot;Minneapolis, MN&quot;,&quot;destination&quot;:&quot;Dallas, TX&quot;,&quot;commodity&quot;:&quot;TEST_pallets&quot;,&quot;weight&quot;:5000,&quot;rate&quot;:1500},&quot;url&quot;:&quot;https://errors.pydantic.dev/2.13/v/missing&quot;},{&quot;type&quot;:&quot;missing&quot;,&quot;loc&quot;:[&quot;body&quot;,&quot;destination_lat&quot;],&quot;msg&quot;:&quot;Field required&quot;,&quot;input&quot;:{&quot;shipper_name&quot;:&quot;TEST_Acme Shipper&quot;,&quot;shipper_address&quot;:&quot;123 Test St&quot;,&quot;shipper_city_state_zip&quot;:&quot;Minneapolis, MN 55401&quot;,&quot;shipper_contact&quot;:&quot;Jane Doe&quot;,&quot;consignee_name&quot;:&quot;TEST_Beta Consignee&quot;,&quot;consignee_address&quot;:&quot;456 Rcv Ave&quot;,&quot;consignee_city_state_zip&quot;:&quot;Dallas, TX 75201&quot;,&quot;consignee_contact&quot;:&quot;John Roe&quot;,&quot;origin&quot;:&quot;Minneapolis, MN&quot;,&quot;destination&quot;:&quot;Dallas, TX&quot;,&quot;commodity&quot;:&quot;TEST_pallets&quot;,&quot;weight&quot;:5000,&quot;rate&quot;:1500},&quot;url&quot;:&quot;https://errors.pydantic.dev/2.13/v/missing&quot;},{&quot;type&quot;:&quot;missing&quot;,&quot;loc&quot;:[&quot;body&quot;,&quot;destination_lng&quot;],&quot;msg&quot;:&quot;Field required&quot;,&quot;input&quot;:{&quot;shipper_name&quot;:&quot;TEST_Acme Shipper&quot;,&quot;shipper_address&quot;:&quot;123 Test St&quot;,&quot;shipper_city_state_zip&quot;:&quot;Minneapolis, MN 55401&quot;,&quot;shipper_contact&quot;:&quot;Jane Doe&quot;,&quot;consignee_name&quot;:&quot;TEST_Beta Consignee&quot;,&quot;consignee_address&quot;:&quot;456 Rcv Ave&quot;,&quot;consignee_city_state_zip&quot;:&quot;Dallas, TX 75201&quot;,&quot;consignee_contact&quot;:&quot;John Roe&quot;,&quot;origin&quot;:&quot;Minneapolis, MN&quot;,&quot;destination&quot;:&quot;Dallas, TX&quot;,&quot;commodity&quot;:&quot;TEST_pallets&quot;,&quot;weight&quot;:5000,&quot;rate&quot;:1500},&quot;url&quot;:&quot;https://errors.pydantic.dev/2.13/v/missing&quot;},{&quot;type&quot;:&quot;missing&quot;,&quot;loc&quot;:[&quot;body&quot;,&quot;pickup_date&quot;],&quot;msg&quot;:&quot;Field required&quot;,&quot;input&quot;:{&quot;shipper_name&quot;:&quot;TEST_Acme Shipper&quot;,&quot;shipper_address&quot;:&quot;123 Test St&quot;,&quot;shipper_city_state_zip&quot;:&quot;Minneapolis, MN 55401&quot;,&quot;shipper_contact&quot;:&quot;Jane Doe&quot;,&quot;consignee_name&quot;:&quot;TEST_Beta Consignee&quot;,&quot;consignee_address&quot;:&quot;456 Rcv Ave&quot;,&quot;consignee_city_state_zip&quot;:&quot;Dallas, TX 75201&quot;,&quot;consignee_contact&quot;:&quot;John Roe&quot;,&quot;origin&quot;:&quot;Minneapolis, MN&quot;,&quot;destination&quot;:&quot;Dallas, TX&quot;,&quot;commodity&quot;:&quot;TEST_pallets&quot;,&quot;weight&quot;:5000,&quot;rate&quot;:1500},&quot;url&quot;:&quot;https://errors.pydantic.dev/2.13/v/missing&quot;},{&quot;type&quot;:&quot;missing&quot;,&quot;loc&quot;:[&quot;body&quot;,&quot;weight_lbs&quot;],&quot;msg&quot;:&quot;Field required&quot;,&quot;input&quot;:{&quot;shipper_name&quot;:&quot;TEST_Acme Shipper&quot;,&quot;shipper_address&quot;:&quot;123 Test St&quot;,&quot;shipper_city_state_zip&quot;:&quot;Minneapolis, MN 55401&quot;,&quot;shipper_contact&quot;:&quot;Jane Doe&quot;,&quot;consignee_name&quot;:&quot;TEST_Beta Consignee&quot;,&quot;consignee_address&quot;:&quot;456 Rcv Ave&quot;,&quot;consignee_city_state_zip&quot;:&quot;Dallas, TX 75201&quot;,&quot;consignee_contact&quot;:&quot;John Roe&quot;,&quot;origin&quot;:&quot;Minneapolis, MN&quot;,&quot;destination&quot;:&quot;Dallas, TX&quot;,&quot;commodity&quot;:&quot;TEST_pallets&quot;,&quot;weight&quot;:5000,&quot;rate&quot;:1500},&quot;url&quot;:&quot;https://errors.pydantic.dev/2.13/v/missing&quot;},{&quot;type&quot;:&quot;missing&quot;,&quot;loc&quot;:[&quot;body&quot;,&quot;pieces&quot;],&quot;msg&quot;:&quot;Field required&quot;,&quot;input&quot;:{&quot;shipper_name&quot;:&quot;TEST_Acme Shipper&quot;,&quot;shipper_address&quot;:&quot;123 Test St&quot;,&quot;shipper_city_state_zip&quot;:&quot;Minneapolis, MN 55401&quot;,&quot;shipper_contact&quot;:&quot;Jane Doe&quot;,&quot;consignee_name&quot;:&quot;TEST_Beta Consignee&quot;,&quot;consignee_address&quot;:&quot;456 Rcv Ave&quot;,&quot;consignee_city_state_zip&quot;:&quot;Dallas, TX 75201&quot;,&quot;consignee_contact&quot;:&quot;John Roe&quot;,&quot;origin&quot;:&quot;Minneapolis, MN&quot;,&quot;destination&quot;:&quot;Dallas, TX&quot;,&quot;commodity&quot;:&quot;TEST_pallets&quot;,&quot;weight&quot;:5000,&quot;rate&quot;:1500},&quot;url&quot;:&quot;https://errors.pydantic.dev/2.13/v/missing&quot;},{&quot;type&quot;:&quot;missing&quot;,&quot;loc&quot;:[&quot;body&quot;,&quot;value_usd&quot;],&quot;msg&quot;:&quot;Field required&quot;,&quot;input&quot;:{&quot;shipper_name&quot;:&quot;TEST_Acme Shipper&quot;,&quot;shipper_address&quot;:&quot;123 Test St&quot;,&quot;shipper_city_state_zip&quot;:&quot;Minneapolis, MN 55401&quot;,&quot;shipper_contact&quot;:&quot;Jane Doe&quot;,&quot;consignee_name&quot;:&quot;TEST_Beta Consignee&quot;,&quot;consignee_address&quot;:&quot;456 Rcv Ave&quot;,&quot;consignee_city_state_zip&quot;:&quot;Dallas, TX 75201&quot;,&quot;consignee_contact&quot;:&quot;John Roe&quot;,&quot;origin&quot;:&quot;Minneapolis, MN&quot;,&quot;destination&quot;:&quot;Dallas, TX&quot;,&quot;commodity&quot;:&quot;TEST_pallets&quot;,&quot;weight&quot;:5000,&quot;rate&quot;:1500},&quot;url&quot;:&quot;https://errors.pydantic.dev/2.13/v/missing&quot;}]}&#10;assert 422 in (200, 201)&#10; +  where 422 = &lt;Response [422]&gt;.status_code">backend/tests/test_iter81_orisei_tms.py:138: in test_shipment_with_addresses_bol
    assert r.status_code in (200, 201), r.text
E   AssertionError: {"detail":[{"type":"missing","loc":["body","mode"],"msg":"Field required","input":{"shipper_name":"TEST_Acme Shipper","shipper_address":"123 Test St","shipper_city_state_zip":"Minneapolis, MN 55401","shipper_contact":"Jane Doe","consignee_name":"TEST_Beta Consignee","consignee_address":"456 Rcv Ave","consignee_city_state_zip":"Dallas, TX 75201","consignee_contact":"John Roe","origin":"Minneapolis, MN","destination":"Dallas, TX","commodity":"TEST_pallets","weight":5000,"rate":1500},"url":"https://errors.pydantic.dev/2.13/v/missing"},{"type":"missing","loc":["body","carrier"],"msg":"Field required","input":{"shipper_name":"TEST_Acme Shipper","shipper_address":"123 Test St","shipper_city_state_zip":"Minneapolis, MN 55401","shipper_contact":"Jane Doe","consignee_name":"TEST_Beta Consignee","consignee_address":"456 Rcv Ave","consignee_city_state_zip":"Dallas, TX 75201","consignee_contact":"John Roe","origin":"Minneapolis, MN","destination":"Dallas, TX","commodity":"TEST_pallets","weight":5000,"rate":1500},"url":"https://errors.pydantic.dev/2.13/v/missing"},{"type":"missing","loc":["body","destination_city"],"msg":"Field required","input":{"shipper_name":"TEST_Acme Shipper","shipper_address":"123 Test St","shipper_city_state_zip":"Minneapolis, MN 55401","shipper_contact":"Jane Doe","consignee_name":"TEST_Beta Consignee","consignee_address":"456 Rcv Ave","consignee_city_state_zip":"Dallas, TX 75201","consignee_contact":"John Roe","origin":"Minneapolis, MN","destination":"Dallas, TX","commodity":"TEST_pallets","weight":5000,"rate":1500},"url":"https://errors.pydantic.dev/2.13/v/missing"},{"type":"missing","loc":["body","destination_lat"],"msg":"Field required","input":{"shipper_name":"TEST_Acme Shipper","shipper_address":"123 Test St","shipper_city_state_zip":"Minneapolis, MN 55401","shipper_contact":"Jane Doe","consignee_name":"TEST_Beta Consignee","consignee_address":"456 Rcv Ave","consignee_city_state_zip":"Dallas, TX 75201","consignee_contact":"John Roe","origin":"Minneapolis, MN","destination":"Dallas, TX","commodity":"TEST_pallets","weight":5000,"rate":1500},"url":"https://errors.pydantic.dev/2.13/v/missing"},{"type":"missing","loc":["body","destination_lng"],"msg":"Field required","input":{"shipper_name":"TEST_Acme Shipper","shipper_address":"123 Test St","shipper_city_state_zip":"Minneapolis, MN 55401","shipper_contact":"Jane Doe","consignee_name":"TEST_Beta Consignee","consignee_address":"456 Rcv Ave","consignee_city_state_zip":"Dallas, TX 75201","consignee_contact":"John Roe","origin":"Minneapolis, MN","destination":"Dallas, TX","commodity":"TEST_pallets","weight":5000,"rate":1500},"url":"https://errors.pydantic.dev/2.13/v/missing"},{"type":"missing","loc":["body","pickup_date"],"msg":"Field required","input":{"shipper_name":"TEST_Acme Shipper","shipper_address":"123 Test St","shipper_city_state_zip":"Minneapolis, MN 55401","shipper_contact":"Jane Doe","consignee_name":"TEST_Beta Consignee","consignee_address":"456 Rcv Ave","consignee_city_state_zip":"Dallas, TX 75201","consignee_contact":"John Roe","origin":"Minneapolis, MN","destination":"Dallas, TX","commodity":"TEST_pallets","weight":5000,"rate":1500},"url":"https://errors.pydantic.dev/2.13/v/missing"},{"type":"missing","loc":["body","weight_lbs"],"msg":"Field required","input":{"shipper_name":"TEST_Acme Shipper","shipper_address":"123 Test St","shipper_city_state_zip":"Minneapolis, MN 55401","shipper_contact":"Jane Doe","consignee_name":"TEST_Beta Consignee","consignee_address":"456 Rcv Ave","consignee_city_state_zip":"Dallas, TX 75201","consignee_contact":"John Roe","origin":"Minneapolis, MN","destination":"Dallas, TX","commodity":"TEST_pallets","weight":5000,"rate":1500},"url":"https://errors.pydantic.dev/2.13/v/missing"},{"type":"missing","loc":["body","pieces"],"msg":"Field required","input":{"shipper_name":"TEST_Acme Shipper","shipper_address":"123 Test St","shipper_city_state_zip":"Minneapolis, MN 55401","shipper_contact":"Jane Doe","consignee_name":"TEST_Beta Consignee","consignee_address":"456 Rcv Ave","consignee_city_state_zip":"Dallas, TX 75201","consignee_contact":"John Roe","origin":"Minneapolis, MN","destination":"Dallas, TX","commodity":"TEST_pallets","weight":5000,"rate":1500},"url":"https://errors.pydantic.dev/2.13/v/missing"},{"type":"missing","loc":["body","value_usd"],"msg":"Field required","input":{"shipper_name":"TEST_Acme Shipper","shipper_address":"123 Test St","shipper_city_state_zip":"Minneapolis, MN 55401","shipper_contact":"Jane Doe","consignee_name":"TEST_Beta Consignee","consignee_address":"456 Rcv Ave","consignee_city_state_zip":"Dallas, TX 75201","consignee_contact":"John Roe","origin":"Minneapolis, MN","destination":"Dallas, TX","commodity":"TEST_pallets","weight":5000,"rate":1500},"url":"https://errors.pydantic.dev/2.13/v/missing"}]}
E   assert 422 in (200, 201)
E    +  where 422 = &lt;Response [422]&gt;.status_code</failure></testcase><testcase classname="backend.tests.test_iter81_orisei_tms" name="test_wipe_categories_listing" time="0.142" /><testcase classname="backend.tests.test_iter81_orisei_tms" name="test_wipe_without_confirm_returns_400" time="0.101" /><testcase classname="backend.tests.test_iter81_orisei_tms" name="test_wipe_comms_only" time="0.109" /><testcase classname="backend.tests.test_iter81_orisei_tms" name="test_sentinel_status" time="0.115" /></testsuite></testsuites>