<?xml version="1.0" encoding="utf-8"?><testsuites name="pytest tests"><testsuite name="pytest" errors="0" failures="0" skipped="0" tests="31" time="6.585" timestamp="2026-07-20T05:02:29.630677+00:00" hostname="agent-env-76fe2d30-fcd7-45b5-8fb4-0ddf9ce5af8c"><testcase classname="backend.tests.test_iter73_tc_field_sched.TestSmsReminders" name="test_remind_job_with_phone" time="0.977" /><testcase classname="backend.tests.test_iter73_tc_field_sched.TestSmsReminders" name="test_remind_sets_token_and_logs_link" time="0.200" /><testcase classname="backend.tests.test_iter73_tc_field_sched.TestSmsReminders" name="test_remind_skipped_when_no_phone" time="0.105" /><testcase classname="backend.tests.test_iter73_tc_field_sched.TestSmsReminders" name="test_reminders_run_idempotent" time="0.239" /><testcase classname="backend.tests.test_iter73_tc_field_sched.TestReschedule" name="test_get_reschedule_info" time="0.118" /><testcase classname="backend.tests.test_iter73_tc_field_sched.TestReschedule" name="test_get_reschedule_bad_token" time="0.125" /><testcase classname="backend.tests.test_iter73_tc_field_sched.TestReschedule" name="test_reschedule_past_date_400" time="0.101" /><testcase classname="backend.tests.test_iter73_tc_field_sched.TestReschedule" name="test_reschedule_future_ok_and_logs_confirm" time="0.392" /><testcase classname="backend.tests.test_iter73_tc_field_sched.TestReschedule" name="test_reschedule_bad_token_post" time="0.099" /><testcase classname="backend.tests.test_iter73_tc_field_sched.TestReschedule" name="test_reschedule_completed_job_400" time="0.230" /><testcase classname="backend.tests.test_iter73_tc_field_sched.TestPhotos" name="test_upload_before_and_after" time="0.236" /><testcase classname="backend.tests.test_iter73_tc_field_sched.TestPhotos" name="test_upload_invalid_kind_400" time="0.102" /><testcase classname="backend.tests.test_iter73_tc_field_sched.TestPhotos" name="test_upload_non_image_400" time="0.238" /><testcase classname="backend.tests.test_iter73_tc_field_sched.TestPhotos" name="test_list_photos" time="0.102" /><testcase classname="backend.tests.test_iter73_tc_field_sched.TestPhotos" name="test_max_8_photos" time="0.769" /><testcase classname="backend.tests.test_iter73_tc_field_sched.TestPhotos" name="test_public_proof_gallery" time="0.102" /><testcase classname="backend.tests.test_iter73_tc_field_sched.TestPhotos" name="test_public_proof_bad_token" time="0.101" /><testcase classname="backend.tests.test_iter73_tc_field_sched.TestPhotos" name="test_public_proof_photo_bytes" time="0.109" /><testcase classname="backend.tests.test_iter73_tc_field_sched.TestPhotos" name="test_public_proof_photo_wrong_token_404" time="0.319" /><testcase classname="backend.tests.test_iter73_tc_field_sched.TestPhotos" name="test_delete_photo" time="0.344" /><testcase classname="backend.tests.test_iter73_tc_field_sched.TestPhotos" name="test_proof_send_resend_not_configured" time="0.124" /><testcase classname="backend.tests.test_iter73_tc_field_sched.TestScheduler" name="test_techs_seeds_and_lists" time="0.095" /><testcase classname="backend.tests.test_iter73_tc_field_sched.TestScheduler" name="test_add_tech_bad_role_400" time="0.097" /><testcase classname="backend.tests.test_iter73_tc_field_sched.TestScheduler" name="test_add_tech_ok" time="0.139" /><testcase classname="backend.tests.test_iter73_tc_field_sched.TestScheduler" name="test_assign_tech_to_job" time="0.214" /><testcase classname="backend.tests.test_iter73_tc_field_sched.TestScheduler" name="test_schedule_board_7_days" time="0.097" /><testcase classname="backend.tests.test_iter73_tc_field_sched.TestScheduler" name="test_schedule_bad_start_400" time="0.098" /><testcase classname="backend.tests.test_iter73_tc_field_sched.TestScheduler" name="test_delete_tech_soft_deactivates_and_pulls" time="0.311" /><testcase classname="backend.tests.test_iter73_tc_field_sched.TestScheduler" name="test_delete_missing_tech_404" time="0.100" /><testcase classname="backend.tests.test_iter73_tc_field_sched.TestGuide" name="test_guide_requires_auth" time="0.106" /><testcase classname="backend.tests.test_iter73_tc_field_sched.TestGuide" name="test_guide_structure" time="0.112" /></testsuite></testsuites>