<?xml version="1.0" encoding="utf-8"?><testsuites name="pytest tests"><testsuite name="pytest" errors="0" failures="0" skipped="0" tests="30" time="5.326" timestamp="2026-07-03T09:19:41.804705+00:00" hostname="agent-env-76fe2d30-fcd7-45b5-8fb4-0ddf9ce5af8c"><testcase classname="backend.tests.test_iter50_aggregator_shipper_claims.TestLoadAggregator" name="test_boards_returns_list_with_retention" time="0.134" /><testcase classname="backend.tests.test_iter50_aggregator_shipper_claims.TestLoadAggregator" name="test_feed_returns_scored_deduped_items" time="0.101" /><testcase classname="backend.tests.test_iter50_aggregator_shipper_claims.TestLoadAggregator" name="test_feed_filter_min_rate_per_mile" time="0.345" /><testcase classname="backend.tests.test_iter50_aggregator_shipper_claims.TestLoadAggregator" name="test_feed_filter_boards_csv" time="0.097" /><testcase classname="backend.tests.test_iter50_aggregator_shipper_claims.TestLoadAggregator" name="test_prefs_roundtrip" time="0.148" /><testcase classname="backend.tests.test_iter50_aggregator_shipper_claims.TestLoadAggregator" name="test_pin_lifecycle" time="0.229" /><testcase classname="backend.tests.test_iter50_aggregator_shipper_claims.TestLoadAggregator" name="test_retention_policy_has_6_boards" time="0.134" /><testcase classname="backend.tests.test_iter50_aggregator_shipper_claims.TestLoadAggregator" name="test_retention_audit_and_attest" time="0.204" /><testcase classname="backend.tests.test_iter50_aggregator_shipper_claims.TestShipperRelations" name="test_dashboard" time="0.100" /><testcase classname="backend.tests.test_iter50_aggregator_shipper_claims.TestShipperRelations" name="test_create_dedupe" time="0.289" /><testcase classname="backend.tests.test_iter50_aggregator_shipper_claims.TestShipperRelations" name="test_patch_account" time="0.113" /><testcase classname="backend.tests.test_iter50_aggregator_shipper_claims.TestShipperRelations" name="test_tier_and_activity" time="0.228" /><testcase classname="backend.tests.test_iter50_aggregator_shipper_claims.TestShipperRelations" name="test_seed_incentive_catalog_idempotent" time="0.143" /><testcase classname="backend.tests.test_iter50_aggregator_shipper_claims.TestShipperRelations" name="test_incentive_crud_and_assign" time="0.307" /><testcase classname="backend.tests.test_iter50_aggregator_shipper_claims.TestShipperRelations" name="test_rate_card_crud" time="0.138" /><testcase classname="backend.tests.test_iter50_aggregator_shipper_claims.TestShipperRelations" name="test_qbr_creation" time="0.152" /><testcase classname="backend.tests.test_iter50_aggregator_shipper_claims.TestShipperRelations" name="test_tms_integration_lifecycle" time="0.222" /><testcase classname="backend.tests.test_iter50_aggregator_shipper_claims.TestClaimsMaster" name="test_dashboard" time="0.097" /><testcase classname="backend.tests.test_iter50_aggregator_shipper_claims.TestClaimsMaster" name="test_file_claim_has_sla_deadline" time="0.184" /><testcase classname="backend.tests.test_iter50_aggregator_shipper_claims.TestClaimsMaster" name="test_acknowledge_stops_timer" time="0.181" /><testcase classname="backend.tests.test_iter50_aggregator_shipper_claims.TestClaimsMaster" name="test_decision_dispute_moves_to_investigating" time="0.163" /><testcase classname="backend.tests.test_iter50_aggregator_shipper_claims.TestClaimsMaster" name="test_decision_shipper_fault_denies" time="0.135" /><testcase classname="backend.tests.test_iter50_aggregator_shipper_claims.TestClaimsMaster" name="test_decision_fast_pay_marks_paid" time="0.167" /><testcase classname="backend.tests.test_iter50_aggregator_shipper_claims.TestClaimsMaster" name="test_comm_logged" time="0.109" /><testcase classname="backend.tests.test_iter50_aggregator_shipper_claims.TestClaimsMaster" name="test_photo_lifecycle" time="0.296" /><testcase classname="backend.tests.test_iter50_aggregator_shipper_claims.TestClaimsMaster" name="test_report_pdf_generation" time="0.123" /><testcase classname="backend.tests.test_iter50_aggregator_shipper_claims.TestClaimsMaster" name="test_close_claim" time="0.195" /><testcase classname="backend.tests.test_iter50_aggregator_shipper_claims.TestClaimsMaster" name="test_prevention_checklist_and_audit" time="0.135" /><testcase classname="backend.tests.test_iter50_aggregator_shipper_claims.TestClaimsMaster" name="test_carrier_watchlist_cut_recommended" time="0.184" /><testcase classname="backend.tests.test_iter50_aggregator_shipper_claims.TestClaimsMaster" name="test_insurance_coi_status" time="0.198" /></testsuite></testsuites>