<?xml version="1.0" encoding="utf-8"?><testsuites name="pytest tests"><testsuite name="pytest" errors="0" failures="0" skipped="0" tests="8" time="2.683" timestamp="2026-06-28T09:10:00.008636+00:00" hostname="agent-env-76fe2d30-fcd7-45b5-8fb4-0ddf9ce5af8c"><testcase classname="backend.tests.test_iter46_branded_docs_nmfc.TestNmfcCatalog" name="test_nmfc_catalog_is_generic_and_broad" time="0.145" /><testcase classname="backend.tests.test_iter46_branded_docs_nmfc.TestNmfcCatalog" name="test_nmfc_response_includes_freight_classes" time="0.093" /><testcase classname="backend.tests.test_iter46_branded_docs_nmfc.TestBolPdfNoRegression" name="test_generate_bol_and_fetch_pdf" time="0.530" /><testcase classname="backend.tests.test_iter46_branded_docs_nmfc.TestBrandedNonBolDocs" name="test_doc_type_renders_branded_pdf[PACKING_SLIP]" time="0.377" /><testcase classname="backend.tests.test_iter46_branded_docs_nmfc.TestBrandedNonBolDocs" name="test_doc_type_renders_branded_pdf[COMMERCIAL_INVOICE]" time="0.364" /><testcase classname="backend.tests.test_iter46_branded_docs_nmfc.TestBrandedNonBolDocs" name="test_doc_type_renders_branded_pdf[WEIGHT_CERT]" time="0.404" /><testcase classname="backend.tests.test_iter46_branded_docs_nmfc.TestBrandedNonBolDocs" name="test_doc_type_renders_branded_pdf[COO]" time="0.377" /><testcase classname="backend.tests.test_iter46_branded_docs_nmfc.TestBrokerageBookLoad" name="test_book_load_returns_booked_id" time="0.365" /></testsuite></testsuites>