<?xml version="1.0" encoding="utf-8"?><testsuites name="pytest tests"><testsuite name="pytest" errors="0" failures="0" skipped="0" tests="26" time="55.092" timestamp="2026-07-14T18:12:24.986521+00:00" hostname="agent-env-76fe2d30-fcd7-45b5-8fb4-0ddf9ce5af8c"><testcase classname="backend.tests.test_iter64_revenue_sentinel.TestQuoteEngine" name="test_headhaul_lane_LA_to_Detroit" time="0.327" /><testcase classname="backend.tests.test_iter64_revenue_sentinel.TestQuoteEngine" name="test_backhaul_lane_Miami_to_Chicago" time="0.134" /><testcase classname="backend.tests.test_iter64_revenue_sentinel.TestQuoteEngine" name="test_email_parse_llm" time="3.864" /><testcase classname="backend.tests.test_iter64_revenue_sentinel.TestQuoteEngine" name="test_quote_pdf" time="0.295" /><testcase classname="backend.tests.test_iter64_revenue_sentinel.TestQuoteEngine" name="test_send_quote_queues" time="6.605" /><testcase classname="backend.tests.test_iter64_revenue_sentinel.TestQuoteEngine" name="test_won_auto_posts_marketplace" time="0.236" /><testcase classname="backend.tests.test_iter64_revenue_sentinel.TestPublicMarketplace" name="test_public_loadboard_hides_margin" time="0.121" /><testcase classname="backend.tests.test_iter64_revenue_sentinel.TestPublicMarketplace" name="test_public_book_flow" time="0.248" /><testcase classname="backend.tests.test_iter64_revenue_sentinel.TestPublicMarketplace" name="test_ratecon_pdf_ok_and_wrong_code" time="0.373" /><testcase classname="backend.tests.test_iter64_revenue_sentinel.TestPublicMarketplace" name="test_brokerage_booking_row_created" time="0.153" /><testcase classname="backend.tests.test_iter64_revenue_sentinel.TestPublicMarketplace" name="test_public_shipper_quote" time="0.130" /><testcase classname="backend.tests.test_iter64_revenue_sentinel.TestPublicMarketplace" name="test_public_quote_invalid_city_returns_422" time="0.108" /><testcase classname="backend.tests.test_iter64_revenue_sentinel.TestProspects" name="test_manual_add" time="0.157" /><testcase classname="backend.tests.test_iter64_revenue_sentinel.TestProspects" name="test_csv_import" time="0.124" /><testcase classname="backend.tests.test_iter64_revenue_sentinel.TestProspects" name="test_sequence_llm" time="16.837" /><testcase classname="backend.tests.test_iter64_revenue_sentinel.TestProspects" name="test_ai_generate_prospects" time="10.936" /><testcase classname="backend.tests.test_iter64_revenue_sentinel.TestQuickPay" name="test_quickpay_program" time="0.214" /><testcase classname="backend.tests.test_iter64_revenue_sentinel.TestQuickPay" name="test_quickpay_request_and_fee" time="0.138" /><testcase classname="backend.tests.test_iter64_revenue_sentinel.TestQuickPay" name="test_quickpay_duplicate_409" time="0.117" /><testcase classname="backend.tests.test_iter64_revenue_sentinel.TestQuickPay" name="test_quickpay_mark_paid" time="0.114" /><testcase classname="backend.tests.test_iter64_revenue_sentinel.TestRevenueDashboard" name="test_dashboard_aggregation" time="0.162" /><testcase classname="backend.tests.test_iter64_revenue_sentinel.TestSentinel" name="test_fire_test_alert" time="6.250" /><testcase classname="backend.tests.test_iter64_revenue_sentinel.TestSentinel" name="test_scan_returns_open" time="5.320" /><testcase classname="backend.tests.test_iter64_revenue_sentinel.TestSentinel" name="test_ack_then_resolve" time="0.427" /><testcase classname="backend.tests.test_iter64_revenue_sentinel.TestSentinel" name="test_settings_roundtrip" time="0.332" /><testcase classname="backend.tests.test_iter64_revenue_sentinel.TestSandboxMarket" name="test_sim_market_object_on_loads" time="1.337" /></testsuite></testsuites>