<?xml version="1.0" encoding="utf-8"?><testsuites name="pytest tests"><testsuite name="pytest" errors="0" failures="0" skipped="0" tests="13" time="5.084" timestamp="2026-05-11T18:13:25.306716+00:00" hostname="agent-env-76fe2d30-fcd7-45b5-8fb4-0ddf9ce5af8c"><testcase classname="backend.tests.test_iter14.TestAutoOnboarding" name="test_new_carrier_creates_stub" time="1.081" /><testcase classname="backend.tests.test_iter14.TestAutoOnboarding" name="test_same_carrier_dedupes" time="0.763" /><testcase classname="backend.tests.test_iter14.TestAutoOnboarding" name="test_patch_to_new_carrier_creates_stub" time="0.324" /><testcase classname="backend.tests.test_iter14.TestAutoOnboarding" name="test_existing_xpo_label_no_create" time="0.791" /><testcase classname="backend.tests.test_iter14.TestCalendarEvents" name="test_happy_path" time="0.117" /><testcase classname="backend.tests.test_iter14.TestCalendarEvents" name="test_range_too_large" time="0.119" /><testcase classname="backend.tests.test_iter14.TestCalendarEvents" name="test_bad_dates" time="0.108" /><testcase classname="backend.tests.test_iter14.TestCalendarRegression" name="test_shipments_still_200" time="0.128" /><testcase classname="backend.tests.test_iter14.TestCalendarRegression" name="test_truckload_bookings_still_200" time="0.118" /><testcase classname="backend.tests.test_iter14.TestEmailMocked" name="test_email_send_returns_mock_receipt" time="0.551" /><testcase classname="backend.tests.test_iter14.TestEmailMocked" name="test_routing_guide_send_email_auto_builds_subject_body" time="0.550" /><testcase classname="backend.tests.test_iter14.TestEmailMocked" name="test_dispatcher_can_send" time="0.110" /><testcase classname="backend.tests.test_iter14.TestEmailMocked" name="test_no_auth_returns_401_or_403" time="0.275" /></testsuite></testsuites>