<?xml version="1.0" encoding="utf-8"?><testsuites name="pytest tests"><testsuite name="pytest" errors="0" failures="0" skipped="0" tests="7" time="2.068" timestamp="2026-07-03T18:19:47.566029+00:00" hostname="agent-env-76fe2d30-fcd7-45b5-8fb4-0ddf9ce5af8c"><testcase classname="backend.tests.test_weather_alerts_iter60.TestWeatherAlertsBrowserGeo" name="test_denver_returns_real_nws_no_mock" time="0.677" /><testcase classname="backend.tests.test_weather_alerts_iter60.TestWeatherAlertsBrowserGeo" name="test_miami_no_active_alerts_no_mock" time="0.572" /><testcase classname="backend.tests.test_weather_alerts_iter60.TestWeatherAlertsBrowserGeo" name="test_cache_hit_same_coord" time="0.148" /><testcase classname="backend.tests.test_weather_alerts_iter60.TestWeatherAlertsBrowserGeo" name="test_rounded_coord_hits_same_cache" time="0.151" /><testcase classname="backend.tests.test_weather_alerts_iter60.TestWeatherAlertsNoLocation" name="test_needs_location_when_no_coords_no_saved" time="0.106" /><testcase classname="backend.tests.test_weather_alerts_iter60.TestWeatherAlertLocationsRegression" name="test_post_and_get_locations" time="0.161" /><testcase classname="backend.tests.test_weather_alerts_iter60.TestWeatherAlertLocationsRegression" name="test_saved_locations_path_returns_no_mock" time="0.212" /></testsuite></testsuites>