<?xml version="1.0" encoding="utf-8"?><testsuites name="pytest tests"><testsuite name="pytest" errors="0" failures="2" skipped="0" tests="11" time="12.670" timestamp="2026-07-25T11:52:57.884285+00:00" hostname="agent-env-76fe2d30-fcd7-45b5-8fb4-0ddf9ce5af8c"><testcase classname="backend.tests.test_iter80_shipper_finder.TestShipperFinderSeed" name="test_list_seeds_six_prospects_and_stage_counts" time="0.152" /><testcase classname="backend.tests.test_iter80_shipper_finder.TestShipperFinderSeed" name="test_seed_is_idempotent" time="0.203" /><testcase classname="backend.tests.test_iter80_shipper_finder.TestShipperFinderCRUD" name="test_create_patch_touch_delete_flow" time="0.718" /><testcase classname="backend.tests.test_iter80_shipper_finder.TestShipperFinderPlaybook" name="test_playbook_shape" time="0.110" /><testcase classname="backend.tests.test_iter80_shipper_finder.TestShipperFinderOutreach" name="test_outreach_invalid_channel_returns_422" time="0.196" /><testcase classname="backend.tests.test_iter80_shipper_finder.TestShipperFinderOutreach" name="test_outreach_email_generates_script" time="10.259" /><testcase classname="backend.tests.test_iter80_shipper_finder.TestShipperBrochurePDF" name="test_brochure_pdf_ok" time="0.221" /><testcase classname="backend.tests.test_iter80_shipper_finder.TestPlanReviewRegression" name="test_plan_review_shape" time="0.098"><failure message="AssertionError: Y1 revenue mismatch: None; pnl=[{'metric': 'Gross revenue (2,000 / 5,200 / 6,760 loads @ $2,000)', 'y1': 4000000, 'y2': 10400000, 'y3': 13520000}, {'metric': 'Gross margin (14.5%)', 'y1': 580000, 'y2': 1508000, 'y3': 1960400}, {'metric': 'Factoring / financing', 'y1': 130000, 'y2': 208000, 'y3': 162240}, {'metric': 'OpEx (staff, boards, loss provisions)', 'y1': 249600, 'y2': 696600, 'y3': 959600}, {'metric': 'EBITDA before partner pay', 'y1': 200400, 'y2': 603400, 'y3': 838560, 'bold': True}, {'metric': 'Operator salary — Oliver Cummins ($110K/yr)', 'y1': 110000, 'y2': 110000, 'y3': 110000}, {'metric': 'Member distributions (combined)', 'y1': 30000, 'y2': 240000, 'y3': 420000}, {'metric': 'Net income (retained → working capital)', 'y1': 52000, 'y2': 245000, 'y3': 300160, 'bold': True}, {'metric': 'Net cash to members (combined)', 'y1': 140000, 'y2': 350000, 'y3': 530000, 'bold': True}, {'metric': 'Per-member share (1/3)', 'y1': 46667, 'y2': 116667, 'y3': 176667, 'bold': True}]&#10;assert None == 4000000">backend/tests/test_iter80_shipper_finder.py:139: in test_plan_review_shape
    assert y1_rev == 4000000, f"Y1 revenue mismatch: {y1_rev}; pnl={pnl}"
E   AssertionError: Y1 revenue mismatch: None; pnl=[{'metric': 'Gross revenue (2,000 / 5,200 / 6,760 loads @ $2,000)', 'y1': 4000000, 'y2': 10400000, 'y3': 13520000}, {'metric': 'Gross margin (14.5%)', 'y1': 580000, 'y2': 1508000, 'y3': 1960400}, {'metric': 'Factoring / financing', 'y1': 130000, 'y2': 208000, 'y3': 162240}, {'metric': 'OpEx (staff, boards, loss provisions)', 'y1': 249600, 'y2': 696600, 'y3': 959600}, {'metric': 'EBITDA before partner pay', 'y1': 200400, 'y2': 603400, 'y3': 838560, 'bold': True}, {'metric': 'Operator salary — Oliver Cummins ($110K/yr)', 'y1': 110000, 'y2': 110000, 'y3': 110000}, {'metric': 'Member distributions (combined)', 'y1': 30000, 'y2': 240000, 'y3': 420000}, {'metric': 'Net income (retained → working capital)', 'y1': 52000, 'y2': 245000, 'y3': 300160, 'bold': True}, {'metric': 'Net cash to members (combined)', 'y1': 140000, 'y2': 350000, 'y3': 530000, 'bold': True}, {'metric': 'Per-member share (1/3)', 'y1': 46667, 'y2': 116667, 'y3': 176667, 'bold': True}]
E   assert None == 4000000</failure></testcase><testcase classname="backend.tests.test_iter80_shipper_finder.TestPlanReviewRegression" name="test_plan_vs_actual" time="0.098"><failure message="KeyError: 'plan'">backend/tests/test_iter80_shipper_finder.py:163: in test_plan_vs_actual
    assert d["plan"]["loads_per_week"] == 70, d["plan"]
           ^^^^^^^^^
E   KeyError: 'plan'</failure></testcase><testcase classname="backend.tests.test_iter80_shipper_finder.TestExistingBrochures" name="test_business_plan_brochure" time="0.207" /><testcase classname="backend.tests.test_iter80_shipper_finder.TestExistingBrochures" name="test_partnership_agreement" time="0.337" /></testsuite></testsuites>