<?xml version="1.0" encoding="utf-8"?><testsuites name="pytest tests"><testsuite name="pytest" errors="0" failures="0" skipped="0" tests="13" time="4.397" timestamp="2026-07-17T13:05:27.236078+00:00" hostname="agent-env-76fe2d30-fcd7-45b5-8fb4-0ddf9ce5af8c"><testcase classname="backend.tests.test_iter65_partner_logins.TestPartnerLogins" name="test_daniel_login_returns_owner_role" time="0.435" /><testcase classname="backend.tests.test_iter65_partner_logins.TestPartnerLogins" name="test_doug_login_returns_owner_role" time="0.353" /><testcase classname="backend.tests.test_iter65_partner_logins.TestPartnerLogins" name="test_oliver_login_returns_admin_role" time="0.331" /><testcase classname="backend.tests.test_iter65_partner_logins.TestPartnerLogins" name="test_wrong_password_returns_401" time="0.357" /><testcase classname="backend.tests.test_iter65_partner_logins.TestOwnerRoleAccess" name="test_owner_gets_403_on_admin_users_list" time="0.513" /><testcase classname="backend.tests.test_iter65_partner_logins.TestOwnerRoleAccess" name="test_owner_gets_403_on_admin_role_update" time="0.115" /><testcase classname="backend.tests.test_iter65_partner_logins.TestOwnerRoleAccess" name="test_owner_200_on_auth_me" time="0.099" /><testcase classname="backend.tests.test_iter65_partner_logins.TestOwnerRoleAccess" name="test_owner_200_on_shipments" time="0.119" /><testcase classname="backend.tests.test_iter65_partner_logins.TestAdminRoleAccess" name="test_admin_200_on_admin_users" time="0.460" /><testcase classname="backend.tests.test_iter65_partner_logins.TestAdminRoleAccess" name="test_legacy_bearer_admin_token_still_works" time="0.123" /><testcase classname="backend.tests.test_iter65_partner_logins.TestAdminRoleAccess" name="test_legacy_admin_can_list_admin_users" time="0.123" /><testcase classname="backend.tests.test_iter65_partner_logins.TestBusinessPlanBrochure" name="test_brochure_pdf_200" time="0.214" /><testcase classname="backend.tests.test_iter65_partner_logins.TestBruteForceLockoutLast" name="test_lockout_after_5_fails" time="1.111" /></testsuite></testsuites>