<?xml version="1.0" encoding="utf-8"?><testsuites name="pytest tests"><testsuite name="pytest" errors="0" failures="0" skipped="0" tests="14" time="2.634" timestamp="2026-06-11T21:24:45.564735+00:00" hostname="agent-env-76fe2d30-fcd7-45b5-8fb4-0ddf9ce5af8c"><testcase classname="backend.tests.test_iter36_adapters_rules.TestRoutingRulesEngine" name="test_block_rule_hazmat_ca" time="0.384" /><testcase classname="backend.tests.test_iter36_adapters_rules.TestRoutingRulesEngine" name="test_normal_route_no_block" time="0.123" /><testcase classname="backend.tests.test_iter36_adapters_rules.TestRoutingRulesEngine" name="test_routing_decisions_audit_trail" time="0.114" /><testcase classname="backend.tests.test_iter36_adapters_rules.TestRoutingRulesEngine" name="test_prefer_carrier_rule" time="0.393" /><testcase classname="backend.tests.test_iter36_adapters_rules.TestRoutingRulesEngine" name="test_force_mode_rule" time="0.342" /><testcase classname="backend.tests.test_iter36_adapters_rules.TestAdapters" name="test_mileage_haversine" time="0.130" /><testcase classname="backend.tests.test_iter36_adapters_rules.TestAdapters" name="test_parcel_rater_cheapest_badge" time="0.106" /><testcase classname="backend.tests.test_iter36_adapters_rules.TestAdapters" name="test_gps_tracking_graceful" time="0.117" /><testcase classname="backend.tests.test_iter36_adapters_rules.TestAdapters" name="test_edi_inbound_204_with_990_ack" time="0.211" /><testcase classname="backend.tests.test_iter36_adapters_rules.TestAdapters" name="test_edi_invalid_type_400" time="0.134" /><testcase classname="backend.tests.test_iter36_adapters_rules.TestAdapters" name="test_wms_wave_release_and_list" time="0.208" /><testcase classname="backend.tests.test_iter36_adapters_rules.TestAdapters" name="test_dat_spot_fallback" time="0.114" /><testcase classname="backend.tests.test_iter36_adapters_rules.TestAdapters" name="test_freight_audit_ml" time="0.113" /><testcase classname="backend.tests.test_iter36_adapters_rules.TestAdapters" name="test_adapter_status" time="0.121" /></testsuite></testsuites>