<?xml version="1.0" encoding="utf-8"?><testsuites name="pytest tests"><testsuite name="pytest" errors="0" failures="0" skipped="0" tests="17" time="8.011" timestamp="2026-07-18T17:46:23.210818+00:00" hostname="agent-env-76fe2d30-fcd7-45b5-8fb4-0ddf9ce5af8c"><testcase classname="backend.tests.test_iter70_tenant_signup_pdfs.TestSelfServeSignup" name="test_signup_success_returns_slug_and_token" time="0.672" /><testcase classname="backend.tests.test_iter70_tenant_signup_pdfs.TestSelfServeSignup" name="test_signup_honeypot_returns_ok_but_no_tenant" time="0.238" /><testcase classname="backend.tests.test_iter70_tenant_signup_pdfs.TestSelfServeSignup" name="test_signup_duplicate_slug_returns_400" time="0.502" /><testcase classname="backend.tests.test_iter70_tenant_signup_pdfs.TestSelfServeSignup" name="test_signup_short_password_rejected" time="0.119" /><testcase classname="backend.tests.test_iter70_tenant_signup_pdfs.TestSelfServeSignup" name="test_signup_invalid_email_rejected" time="0.127" /><testcase classname="backend.tests.test_iter70_tenant_signup_pdfs.TestWelcomeEmail" name="test_admin_provision_returns_welcome_email_queued" time="0.381" /><testcase classname="backend.tests.test_iter70_tenant_signup_pdfs.TestWelcomeEmail" name="test_signup_activity_contains_welcome_queued" time="0.508" /><testcase classname="backend.tests.test_iter70_tenant_signup_pdfs.TestTenantPDFs" name="test_ratecon_pdf_success" time="0.562" /><testcase classname="backend.tests.test_iter70_tenant_signup_pdfs.TestTenantPDFs" name="test_ratecon_pdf_no_auth_401" time="0.103" /><testcase classname="backend.tests.test_iter70_tenant_signup_pdfs.TestTenantPDFs" name="test_ratecon_pdf_cross_tenant_403" time="0.859" /><testcase classname="backend.tests.test_iter70_tenant_signup_pdfs.TestTenantPDFs" name="test_ratecon_pdf_missing_load_404" time="0.106" /><testcase classname="backend.tests.test_iter70_tenant_signup_pdfs.TestTenantPDFs" name="test_invoice_pdf_success" time="0.228" /><testcase classname="backend.tests.test_iter70_tenant_signup_pdfs.TestTenantPDFs" name="test_invoice_pdf_no_auth_401" time="0.101" /><testcase classname="backend.tests.test_iter70_tenant_signup_pdfs.TestRegressions" name="test_tenant_login_still_works" time="0.330" /><testcase classname="backend.tests.test_iter70_tenant_signup_pdfs.TestRegressions" name="test_dashboard_kpis" time="0.102" /><testcase classname="backend.tests.test_iter70_tenant_signup_pdfs.TestRegressions" name="test_stripe_checkout_url" time="1.138" /><testcase classname="backend.tests.test_iter70_tenant_signup_pdfs.TestRateLimit" name="test_4th_self_serve_signup_within_hour_returns_429" time="1.881" /></testsuite></testsuites>