<?xml version="1.0" encoding="utf-8"?><testsuites name="pytest tests"><testsuite name="pytest" errors="0" failures="1" skipped="0" tests="30" time="14.467" timestamp="2026-07-18T16:29:59.073091+00:00" hostname="agent-env-76fe2d30-fcd7-45b5-8fb4-0ddf9ce5af8c"><testcase classname="backend.tests.test_iter69_tenant_platform.TestPublicStatus" name="test_status_no_auth" time="0.195" /><testcase classname="backend.tests.test_iter69_tenant_platform.TestMasterAdmin" name="test_list_tenants_admin" time="0.112" /><testcase classname="backend.tests.test_iter69_tenant_platform.TestMasterAdmin" name="test_list_tenants_unauth" time="0.115" /><testcase classname="backend.tests.test_iter69_tenant_platform.TestMasterAdmin" name="test_provision_duplicate_slug_rejected" time="0.511" /><testcase classname="backend.tests.test_iter69_tenant_platform.TestMasterAdmin" name="test_provision_invalid_plan" time="0.121" /><testcase classname="backend.tests.test_iter69_tenant_platform.TestMasterAdmin" name="test_activity_feed" time="0.128" /><testcase classname="backend.tests.test_iter69_tenant_platform.TestTenantAuth" name="test_login_success" time="0.334" /><testcase classname="backend.tests.test_iter69_tenant_platform.TestTenantAuth" name="test_login_bad_password" time="0.329" /><testcase classname="backend.tests.test_iter69_tenant_platform.TestTenantAuth" name="test_me_endpoint" time="0.134" /><testcase classname="backend.tests.test_iter69_tenant_platform.TestTenantAuth" name="test_no_auth_returns_401" time="0.108" /><testcase classname="backend.tests.test_iter69_tenant_platform.TestIsolation" name="test_A_token_cannot_access_B_loads" time="0.109" /><testcase classname="backend.tests.test_iter69_tenant_platform.TestIsolation" name="test_B_token_cannot_access_A" time="0.475" /><testcase classname="backend.tests.test_iter69_tenant_platform.TestIsolation" name="test_B_sees_no_A_loads" time="0.320" /><testcase classname="backend.tests.test_iter69_tenant_platform.TestLoads" name="test_create_load_computes_margin" time="0.789" /><testcase classname="backend.tests.test_iter69_tenant_platform.TestLoads" name="test_invalid_status_400" time="0.360" /><testcase classname="backend.tests.test_iter69_tenant_platform.TestDashboard" name="test_dashboard_returns_kpis" time="0.097" /><testcase classname="backend.tests.test_iter69_tenant_platform.TestCarriers" name="test_add_delete_carrier" time="0.305" /><testcase classname="backend.tests.test_iter69_tenant_platform.TestBranding" name="test_public_branding_no_auth" time="0.100" /><testcase classname="backend.tests.test_iter69_tenant_platform.TestBranding" name="test_update_branding_and_persistence" time="0.403" /><testcase classname="backend.tests.test_iter69_tenant_platform.TestTeamRoles" name="test_add_dispatcher_and_role_gating" time="1.024" /><testcase classname="backend.tests.test_iter69_tenant_platform.TestSuspend" name="test_suspend_blocks_login_then_reactivate" time="0.642" /><testcase classname="backend.tests.test_iter69_tenant_platform.TestBilling" name="test_billing_get" time="0.117" /><testcase classname="backend.tests.test_iter69_tenant_platform.TestBilling" name="test_checkout_growth_returns_stripe_url" time="1.112" /><testcase classname="backend.tests.test_iter69_tenant_platform.TestBilling" name="test_payment_status_pending" time="1.223" /><testcase classname="backend.tests.test_iter69_tenant_platform.TestBilling" name="test_payment_status_404" time="0.107" /><testcase classname="backend.tests.test_iter69_tenant_platform.TestArcadeSolo" name="test_post_and_get_highscores" time="0.221" /><testcase classname="backend.tests.test_iter69_tenant_platform.TestArcadeSolo" name="test_invalid_game_400" time="0.211" /><testcase classname="backend.tests.test_iter69_tenant_platform.TestArcadeSolo" name="test_all_three_games_supported" time="0.327" /><testcase classname="backend.tests.test_iter69_tenant_platform.TestBruteForce" name="test_5_bad_logins_return_429_on_6th" time="3.608"><failure message="AssertionError: never got 429 lockout&#10;assert None is not None">backend/tests/test_iter69_tenant_platform.py:435: in test_5_bad_logins_return_429_on_6th
    assert got_lock_on is not None, "never got 429 lockout"
E   AssertionError: never got 429 lockout
E   assert None is not None</failure></testcase><testcase classname="backend.tests.test_iter69_tenant_platform.TestDeleteTenant" name="test_delete_tenant_removes_from_list" time="0.736" /></testsuite></testsuites>