<?xml version="1.0" encoding="utf-8"?><testsuites name="pytest tests"><testsuite name="pytest" errors="0" failures="0" skipped="0" tests="10" time="11.680" timestamp="2026-06-18T01:02:43.422505+00:00" hostname="agent-env-76fe2d30-fcd7-45b5-8fb4-0ddf9ce5af8c"><testcase classname="backend.tests.test_iter41_shipment_triage" name="test_exception_types" time="0.131" /><testcase classname="backend.tests.test_iter41_shipment_triage" name="test_scan_runs_and_detects" time="0.101" /><testcase classname="backend.tests.test_iter41_shipment_triage" name="test_list_exceptions_sorted_with_summary" time="0.098" /><testcase classname="backend.tests.test_iter41_shipment_triage" name="test_list_exceptions_filter_status" time="0.111" /><testcase classname="backend.tests.test_iter41_shipment_triage" name="test_manual_create_invalid_type" time="0.196" /><testcase classname="backend.tests.test_iter41_shipment_triage" name="test_manual_create_unknown_booking" time="0.098" /><testcase classname="backend.tests.test_iter41_shipment_triage" name="test_manual_create_status_filter_resolve" time="0.324" /><testcase classname="backend.tests.test_iter41_shipment_triage" name="test_status_unknown_exception_404" time="0.100" /><testcase classname="backend.tests.test_iter41_shipment_triage" name="test_dashboard_shape" time="0.112" /><testcase classname="backend.tests.test_iter41_shipment_triage" name="test_ai_polish_graceful" time="10.363" /></testsuite></testsuites>