<?xml version="1.0" encoding="utf-8"?><testsuites name="pytest tests"><testsuite name="pytest" errors="0" failures="0" skipped="0" tests="13" time="1.756" timestamp="2026-07-03T16:31:41.440175+00:00" hostname="agent-env-76fe2d30-fcd7-45b5-8fb4-0ddf9ce5af8c"><testcase classname="backend.tests.test_iter54_parcel_edi.TestParcelProvider" name="test_provider_returns_sample_shape" time="0.152" /><testcase classname="backend.tests.test_iter54_parcel_edi.TestParcelQuote" name="test_quote_returns_10_rates_sorted" time="0.053" /><testcase classname="backend.tests.test_iter54_parcel_edi.TestParcelQuote" name="test_residential_surcharge_15pct" time="0.101" /><testcase classname="backend.tests.test_iter54_parcel_edi.TestParcelConnect" name="test_connect_fedex_flips_connected" time="0.575" /><testcase classname="backend.tests.test_iter54_parcel_edi.TestEdiProvider" name="test_provider" time="0.047" /><testcase classname="backend.tests.test_iter54_parcel_edi.TestEdiInbound" name="test_204_auto_seed" time="0.048" /><testcase classname="backend.tests.test_iter54_parcel_edi.TestEdiInbound" name="test_856_asn" time="0.047" /><testcase classname="backend.tests.test_iter54_parcel_edi.TestEdiOutbound" name="test_990_accept_updates_tender" time="0.144" /><testcase classname="backend.tests.test_iter54_parcel_edi.TestEdiOutbound" name="test_214_auto_status_time" time="0.047" /><testcase classname="backend.tests.test_iter54_parcel_edi.TestEdiOutbound" name="test_210_invoice" time="0.079" /><testcase classname="backend.tests.test_iter54_parcel_edi.TestEdiHistory" name="test_history_sorted_and_by_kind" time="0.050" /><testcase classname="backend.tests.test_iter54_parcel_edi.TestEdiConnect" name="test_connect_admin_ok" time="0.303" /><testcase classname="backend.tests.test_iter54_parcel_edi.TestEdiConnect" name="test_seed_samples_admin" time="0.056" /></testsuite></testsuites>