<?xml version="1.0" encoding="utf-8"?><testsuites name="pytest tests"><testsuite name="pytest" errors="0" failures="0" skipped="0" tests="18" time="3.956" timestamp="2026-07-25T10:04:40.941951+00:00" hostname="agent-env-76fe2d30-fcd7-45b5-8fb4-0ddf9ce5af8c"><testcase classname="backend.tests.test_iter78_resilience_stack.TestSentinel" name="test_status" time="0.160" /><testcase classname="backend.tests.test_iter78_resilience_stack.TestSentinel" name="test_sweep_baseline" time="0.108" /><testcase classname="backend.tests.test_iter78_resilience_stack.TestSentinel" name="test_sweep_autopatches_injected_anomalies" time="0.123" /><testcase classname="backend.tests.test_iter78_resilience_stack.TestGateway" name="test_status_chain" time="0.100" /><testcase classname="backend.tests.test_iter78_resilience_stack.TestGateway" name="test_fetch_falls_to_sim" time="0.392" /><testcase classname="backend.tests.test_iter78_resilience_stack.TestDecisionEngine" name="test_info" time="0.100" /><testcase classname="backend.tests.test_iter78_resilience_stack.TestDecisionEngine" name="test_match_returns_ranked" time="0.110" /><testcase classname="backend.tests.test_iter78_resilience_stack.TestDecisionEngine" name="test_match_weight_validation" time="0.093" /><testcase classname="backend.tests.test_iter78_resilience_stack.TestRunbook" name="test_runbook_markdown" time="0.136" /><testcase classname="backend.tests.test_iter78_resilience_stack.TestRunbook" name="test_runbook_pdf" time="0.308" /><testcase classname="backend.tests.test_iter78_resilience_stack.TestRunbook" name="test_load_sheets_pdf" time="0.100" /><testcase classname="backend.tests.test_iter78_resilience_stack.TestBackups" name="test_list" time="0.104" /><testcase classname="backend.tests.test_iter78_resilience_stack.TestBackups" name="test_download_head" time="0.210" /><testcase classname="backend.tests.test_iter78_resilience_stack.TestBackups" name="test_download_path_traversal_blocked" time="0.096" /><testcase classname="backend.tests.test_iter78_resilience_stack.TestBackups" name="test_prune" time="0.109" /><testcase classname="backend.tests.test_iter78_resilience_stack.TestBackups" name="test_run_backup" time="1.331" /><testcase classname="backend.tests.test_iter78_resilience_stack.TestRegression" name="test_broker_autopilot_status" time="0.138" /><testcase classname="backend.tests.test_iter78_resilience_stack.TestRegression" name="test_broker_autopilot_run_cycle" time="0.115" /></testsuite></testsuites>