<?xml version="1.0" encoding="utf-8"?><testsuites name="pytest tests"><testsuite name="pytest" errors="0" failures="0" skipped="0" tests="16" time="2.358" timestamp="2026-06-03T23:56:08.553044+00:00" hostname="agent-env-76fe2d30-fcd7-45b5-8fb4-0ddf9ce5af8c"><testcase classname="backend.tests.test_iter33_orisei_operations.TestCustomers" name="test_list_customers" time="0.327" /><testcase classname="backend.tests.test_iter33_orisei_operations.TestCustomers" name="test_get_customer" time="0.056" /><testcase classname="backend.tests.test_iter33_orisei_operations.TestCustomers" name="test_get_customer_404" time="0.054" /><testcase classname="backend.tests.test_iter33_orisei_operations.TestCustomers" name="test_update_customer" time="0.109" /><testcase classname="backend.tests.test_iter33_orisei_operations.TestQuotes" name="test_quote_total_calculation" time="0.052" /><testcase classname="backend.tests.test_iter33_orisei_operations.TestQuotes" name="test_list_quotes" time="0.053" /><testcase classname="backend.tests.test_iter33_orisei_operations.TestQuotes" name="test_quote_pdf" time="0.239" /><testcase classname="backend.tests.test_iter33_orisei_operations.TestQuotes" name="test_quote_send_drafts_without_creds" time="0.237" /><testcase classname="backend.tests.test_iter33_orisei_operations.TestRateConfirmations" name="test_create_rc_missing_booking_404" time="0.052" /><testcase classname="backend.tests.test_iter33_orisei_operations.TestRateConfirmations" name="test_list_rate_cons" time="0.049" /><testcase classname="backend.tests.test_iter33_orisei_operations.TestPortalLink" name="test_portal_link_shape" time="0.051" /><testcase classname="backend.tests.test_iter33_orisei_operations.TestPortalLink" name="test_multiple_links" time="0.155" /><testcase classname="backend.tests.test_iter33_orisei_operations.TestPublicPortal" name="test_public_portal_no_auth" time="0.122" /><testcase classname="backend.tests.test_iter33_orisei_operations.TestPublicPortal" name="test_public_portal_records_visit" time="0.371" /><testcase classname="backend.tests.test_iter33_orisei_operations.TestPublicPortal" name="test_public_portal_bad_token_404" time="0.117" /><testcase classname="backend.tests.test_iter33_orisei_operations.TestDeactivate" name="test_deactivate_then_excluded_from_active_list" time="0.261" /></testsuite></testsuites>