<?xml version="1.0" encoding="utf-8"?><testsuites name="pytest tests"><testsuite name="pytest" errors="0" failures="0" skipped="0" tests="12" time="1.151" timestamp="2026-07-03T08:43:35.544302+00:00" hostname="agent-env-76fe2d30-fcd7-45b5-8fb4-0ddf9ce5af8c"><testcase classname="backend.tests.test_iter49_boc3_and_integrations.TestBoc3States" name="test_list_states" time="0.132" /><testcase classname="backend.tests.test_iter49_boc3_and_integrations.TestBoc3Filings" name="test_create_and_upsert_mn" time="0.092" /><testcase classname="backend.tests.test_iter49_boc3_and_integrations.TestBoc3Filings" name="test_yellow_alert_45_days" time="0.091" /><testcase classname="backend.tests.test_iter49_boc3_and_integrations.TestBoc3Filings" name="test_red_alert_20_days" time="0.087" /><testcase classname="backend.tests.test_iter49_boc3_and_integrations.TestBoc3Filings" name="test_expired_alert_past" time="0.129" /><testcase classname="backend.tests.test_iter49_boc3_and_integrations.TestBoc3Filings" name="test_reject_and_history" time="0.132" /><testcase classname="backend.tests.test_iter49_boc3_and_integrations.TestBoc3Filings" name="test_calendar_24_months" time="0.046" /><testcase classname="backend.tests.test_iter49_boc3_and_integrations.TestBoc3Filings" name="test_coverage_percent" time="0.043" /><testcase classname="backend.tests.test_iter49_boc3_and_integrations.TestBoc3Filings" name="test_upload_and_download" time="0.189" /><testcase classname="backend.tests.test_iter49_boc3_and_integrations.TestPriorIntegrations" name="test_intake_create" time="0.046" /><testcase classname="backend.tests.test_iter49_boc3_and_integrations.TestPriorIntegrations" name="test_onboarding_checklist" time="0.046" /><testcase classname="backend.tests.test_iter49_boc3_and_integrations.TestPriorIntegrations" name="test_check_call_optional" time="0.095" /></testsuite></testsuites>