<?xml version="1.0" encoding="utf-8"?><testsuites name="pytest tests"><testsuite name="pytest" errors="0" failures="0" skipped="0" tests="9" time="3.607" timestamp="2026-05-18T17:53:27.834741+00:00" hostname="agent-env-76fe2d30-fcd7-45b5-8fb4-0ddf9ce5af8c"><testcase classname="backend.tests.test_iter29_personalized_investor.TestPersonalizedDeck" name="test_personalized_deck_greylock" time="0.402" /><testcase classname="backend.tests.test_iter29_personalized_investor.TestPersonalizedDeck" name="test_personalized_deck_empty_firm_returns_422" time="0.051" /><testcase classname="backend.tests.test_iter29_personalized_investor.TestPersonalizedDeck" name="test_personalized_deck_unauth_returns_401_or_403" time="0.112" /><testcase classname="backend.tests.test_iter29_personalized_investor.TestPersonalizedOnePager" name="test_personalized_one_pager_sequoia" time="0.183" /><testcase classname="backend.tests.test_iter29_personalized_investor.TestPersonalizedDataRoom" name="test_personalized_zip_a16z" time="0.920" /><testcase classname="backend.tests.test_iter29_personalized_investor.TestPersonalizedOutreachHistory" name="test_history_admin_returns_recent" time="0.071" /><testcase classname="backend.tests.test_iter29_personalized_investor.TestPersonalizedOutreachHistory" name="test_history_unauth" time="0.106" /><testcase classname="backend.tests.test_iter29_personalized_investor.TestRegression" name="test_nonpersonalized_deck_still_works" time="0.212" /><testcase classname="backend.tests.test_iter29_personalized_investor.TestRegression" name="test_nonpersonalized_data_room_still_works" time="1.499" /></testsuite></testsuites>