<?xml version="1.0" encoding="utf-8"?><testsuites name="pytest tests"><testsuite name="pytest" errors="0" failures="0" skipped="0" tests="11" time="11.755" timestamp="2026-08-11T11:17:24.319677+00:00" hostname="agent-env-76fe2d30-fcd7-45b5-8fb4-0ddf9ce5af8c"><testcase classname="backend.tests.test_iter92_tc_new_batch.TestCarrierSearch" name="test_search_by_name" time="2.544" /><testcase classname="backend.tests.test_iter92_tc_new_batch.TestCarrierSearch" name="test_search_by_dot" time="0.377" /><testcase classname="backend.tests.test_iter92_tc_new_batch.TestCarrierSearch" name="test_add_prospect_and_duplicate" time="0.332" /><testcase classname="backend.tests.test_iter92_tc_new_batch.TestCarrierSearch" name="test_enrichment_status_not_configured" time="0.106" /><testcase classname="backend.tests.test_iter92_tc_new_batch.TestCarrierSearch" name="test_search_requires_auth" time="0.115" /><testcase classname="backend.tests.test_iter92_tc_new_batch.TestBookingTiersAndMap" name="test_gold_tier_booking_with_ceramic_addon" time="0.755" /><testcase classname="backend.tests.test_iter92_tc_new_batch.TestBookingTiersAndMap" name="test_platinum_tier_no_double_charge" time="3.658" /><testcase classname="backend.tests.test_iter92_tc_new_batch.TestBookingTiersAndMap" name="test_jobs_map" time="0.118" /><testcase classname="backend.tests.test_iter92_tc_new_batch.TestBookingTiersAndMap" name="test_jobs_map_date_filter" time="0.114" /><testcase classname="backend.tests.test_iter92_tc_new_batch.TestBookingTiersAndMap" name="test_cleanup" time="0.005" /><testcase classname="backend.tests.test_iter92_tc_new_batch.TestRegression" name="test_one_time_booking" time="3.569" /></testsuite></testsuites>