<?xml version="1.0" encoding="utf-8"?><testsuites name="pytest tests"><testsuite name="pytest" errors="0" failures="1" skipped="0" tests="31" time="5.777" timestamp="2026-07-20T04:26:34.758764+00:00" hostname="agent-env-76fe2d30-fcd7-45b5-8fb4-0ddf9ce5af8c"><testcase classname="backend.tests.test_iter72_tc_biz.TestVault" name="test_categories" time="0.166" /><testcase classname="backend.tests.test_iter72_tc_biz.TestVault" name="test_upload_file" time="0.108" /><testcase classname="backend.tests.test_iter72_tc_biz.TestVault" name="test_list_files" time="0.162" /><testcase classname="backend.tests.test_iter72_tc_biz.TestVault" name="test_list_files_category_filter" time="0.117" /><testcase classname="backend.tests.test_iter72_tc_biz.TestVault" name="test_download_file" time="0.115" /><testcase classname="backend.tests.test_iter72_tc_biz.TestVault" name="test_delete_file" time="0.207" /><testcase classname="backend.tests.test_iter72_tc_biz.TestOnboarding" name="test_create_invite" time="0.100" /><testcase classname="backend.tests.test_iter72_tc_biz.TestOnboarding" name="test_list_onboarding" time="0.103" /><testcase classname="backend.tests.test_iter72_tc_biz.TestOnboarding" name="test_public_get_prefill" time="0.100" /><testcase classname="backend.tests.test_iter72_tc_biz.TestOnboarding" name="test_public_get_bad_token" time="0.144" /><testcase classname="backend.tests.test_iter72_tc_biz.TestOnboarding" name="test_submit_without_agreement_fails" time="0.111" /><testcase classname="backend.tests.test_iter72_tc_biz.TestOnboarding" name="test_submit_invalid_plan_fails" time="0.909" /><testcase classname="backend.tests.test_iter72_tc_biz.TestOnboarding" name="test_submit_success" time="0.214" /><testcase classname="backend.tests.test_iter72_tc_biz.TestOnboarding" name="test_welcome_packet_pdf" time="0.205" /><testcase classname="backend.tests.test_iter72_tc_biz.TestOnboarding" name="test_reject_from_submitted_ok" time="0.201"><failure message="assert 422 == 200&#10; +  where 422 = &lt;Response [422]&gt;.status_code">backend/tests/test_iter72_tc_biz.py:136: in test_reject_from_submitted_ok
    assert r2.status_code == 200
E   assert 422 == 200
E    +  where 422 = &lt;Response [422]&gt;.status_code</failure></testcase><testcase classname="backend.tests.test_iter72_tc_biz.TestOnboarding" name="test_approve_creates_client_with_correct_rate" time="0.116" /><testcase classname="backend.tests.test_iter72_tc_biz.TestOnboarding" name="test_approve_from_wrong_status_fails" time="0.106" /><testcase classname="backend.tests.test_iter72_tc_biz.TestInvoicing" name="test_create_invoice_needs_items" time="0.121" /><testcase classname="backend.tests.test_iter72_tc_biz.TestInvoicing" name="test_create_invoice_with_custom_items" time="0.112" /><testcase classname="backend.tests.test_iter72_tc_biz.TestInvoicing" name="test_list_invoices" time="0.109" /><testcase classname="backend.tests.test_iter72_tc_biz.TestInvoicing" name="test_invoice_pdf" time="0.196" /><testcase classname="backend.tests.test_iter72_tc_biz.TestInvoicing" name="test_invoice_email_resend_not_configured" time="0.102" /><testcase classname="backend.tests.test_iter72_tc_biz.TestInvoicing" name="test_public_pay_info" time="0.097" /><testcase classname="backend.tests.test_iter72_tc_biz.TestInvoicing" name="test_public_pay_pdf" time="0.199" /><testcase classname="backend.tests.test_iter72_tc_biz.TestInvoicing" name="test_public_checkout_returns_stripe_url" time="0.692" /><testcase classname="backend.tests.test_iter72_tc_biz.TestInvoicing" name="test_public_pay_status" time="0.204" /><testcase classname="backend.tests.test_iter72_tc_biz.TestInvoicing" name="test_mark_paid_and_status_updates" time="0.248" /><testcase classname="backend.tests.test_iter72_tc_biz.TestInvoicing" name="test_checkout_after_paid_returns_400" time="0.120" /><testcase classname="backend.tests.test_iter72_tc_biz.TestRegression" name="test_clients_list" time="0.104" /><testcase classname="backend.tests.test_iter72_tc_biz.TestRegression" name="test_jobs_list" time="0.104" /><testcase classname="backend.tests.test_iter72_tc_biz.TestRegression" name="test_metrics" time="0.097" /></testsuite></testsuites>