<?xml version="1.0" encoding="utf-8"?><testsuites name="pytest tests"><testsuite name="pytest" errors="0" failures="0" skipped="0" tests="19" time="1.378" timestamp="2026-07-03T09:44:04.554926+00:00" hostname="agent-env-76fe2d30-fcd7-45b5-8fb4-0ddf9ce5af8c"><testcase classname="backend.tests.test_iter51_book_load_qbr.TestBookLoadSynthetic" name="test_pick_load_from_feed" time="0.223" /><testcase classname="backend.tests.test_iter51_book_load_qbr.TestBookLoadSynthetic" name="test_book_synthetic" time="0.045" /><testcase classname="backend.tests.test_iter51_book_load_qbr.TestBookLoadSynthetic" name="test_shipment_appears_in_tracking" time="0.044" /><testcase classname="backend.tests.test_iter51_book_load_qbr.TestBookLoadSynthetic" name="test_workflow_checklist_finds_booking" time="0.045" /><testcase classname="backend.tests.test_iter51_book_load_qbr.TestBookLoadWithOverrides" name="test_book_with_overrides" time="0.084" /><testcase classname="backend.tests.test_iter51_book_load_qbr.TestBookLoadWithOverrides" name="test_book_missing_synthetic_no_overrides_404" time="0.044" /><testcase classname="backend.tests.test_iter51_book_load_qbr.TestDataStatus" name="test_data_status_contains_new_modules" time="0.057" /><testcase classname="backend.tests.test_iter51_book_load_qbr.TestQbrStudio" name="test_list_shippers" time="0.085" /><testcase classname="backend.tests.test_iter51_book_load_qbr.TestQbrStudio" name="test_compute_period_valid" time="0.045" /><testcase classname="backend.tests.test_iter51_book_load_qbr.TestQbrStudio" name="test_compute_period_invalid_400" time="0.043" /><testcase classname="backend.tests.test_iter51_book_load_qbr.TestQbrStudio" name="test_generate_draft" time="0.047" /><testcase classname="backend.tests.test_iter51_book_load_qbr.TestQbrStudio" name="test_list_drafts" time="0.045" /><testcase classname="backend.tests.test_iter51_book_load_qbr.TestQbrStudio" name="test_get_draft" time="0.043" /><testcase classname="backend.tests.test_iter51_book_load_qbr.TestQbrStudio" name="test_patch_draft" time="0.048" /><testcase classname="backend.tests.test_iter51_book_load_qbr.TestQbrStudio" name="test_pdf_report" time="0.070" /><testcase classname="backend.tests.test_iter51_book_load_qbr.TestQbrStudio" name="test_distribute_defaults" time="0.099" /><testcase classname="backend.tests.test_iter51_book_load_qbr.TestQbrStudio" name="test_delete_draft" time="0.082" /><testcase classname="backend.tests.test_iter51_book_load_qbr.TestQbrStudio" name="test_preserve_existing_draft" time="0.045" /><testcase classname="backend.tests.test_iter51_book_load_qbr.TestBookLoadRegression" name="test_minimal_book_still_works" time="0.128" /></testsuite></testsuites>