<?xml version="1.0" encoding="utf-8"?><testsuites name="pytest tests"><testsuite name="pytest" errors="0" failures="0" skipped="0" tests="17" time="3.948" timestamp="2026-05-15T21:33:11.029932+00:00" hostname="agent-env-76fe2d30-fcd7-45b5-8fb4-0ddf9ce5af8c"><testcase classname="backend.tests.test_iter20_refactor.TestWeatherAlertsRegression" name="test_alerts_endpoint_returns_list_with_required_shape" time="0.365" /><testcase classname="backend.tests.test_iter20_refactor.TestWeatherAlertsRegression" name="test_get_alert_locations_shape" time="0.105" /><testcase classname="backend.tests.test_iter20_refactor.TestWeatherAlertsRegression" name="test_post_alert_locations_validates_and_caps_at_12" time="0.109" /><testcase classname="backend.tests.test_iter20_refactor.TestWeatherAlertsRegression" name="test_post_alert_locations_drops_invalid_only" time="0.108" /><testcase classname="backend.tests.test_iter20_refactor.TestWeatherAlertsRegression" name="test_post_alert_locations_rejects_bad_body" time="0.149" /><testcase classname="backend.tests.test_iter20_refactor.TestWeatherCachePerformance" name="test_back_to_back_calls_consistent_and_second_fast" time="0.277" /><testcase classname="backend.tests.test_iter20_refactor.TestBrandSwap" name="test_no_literal_tennant_in_weather_alerts_when_pfizer_active" time="0.252" /><testcase classname="backend.tests.test_iter20_refactor.TestServerRegistry" name="test_list_servers_returns_system_and_custom" time="0.101" /><testcase classname="backend.tests.test_iter20_refactor.TestServerRegistry" name="test_create_patch_delete_custom_server" time="0.609" /><testcase classname="backend.tests.test_iter20_refactor.TestServerRegistry" name="test_system_servers_immutable" time="0.224" /><testcase classname="backend.tests.test_iter20_refactor.TestServerRegistry" name="test_ping_http_health_url_returns_healthy" time="0.360" /><testcase classname="backend.tests.test_iter20_refactor.TestServerRegistry" name="test_ping_bad_tcp_returns_down_without_crashing" time="0.351" /><testcase classname="backend.tests.test_iter20_refactor.TestServerRegistry" name="test_non_admin_forbidden" time="0.198" /><testcase classname="backend.tests.test_iter20_refactor.TestOtherEndpointsHealthy" name="test_branding" time="0.130" /><testcase classname="backend.tests.test_iter20_refactor.TestOtherEndpointsHealthy" name="test_shipments_limit_5" time="0.122" /><testcase classname="backend.tests.test_iter20_refactor.TestOtherEndpointsHealthy" name="test_kpis" time="0.106" /><testcase classname="backend.tests.test_iter20_refactor.TestOtherEndpointsHealthy" name="test_sap_config" time="0.327" /></testsuite></testsuites>