<?xml version="1.0" encoding="utf-8"?><testsuites name="pytest tests"><testsuite name="pytest" errors="0" failures="0" skipped="0" tests="12" time="5.950" timestamp="2026-05-11T12:38:32.518395+00:00" hostname="agent-env-76fe2d30-fcd7-45b5-8fb4-0ddf9ce5af8c"><testcase classname="backend.tests.test_machines_v8" name="test_machines_count_and_categories" time="0.331" /><testcase classname="backend.tests.test_machines_v8" name="test_machines_image_url_is_relative_api" time="0.000" /><testcase classname="backend.tests.test_machines_v8" name="test_machine_svg_returns_200_and_svg[T7]" time="0.166" /><testcase classname="backend.tests.test_machines_v8" name="test_machine_svg_returns_200_and_svg[T16AMR]" time="0.113" /><testcase classname="backend.tests.test_machines_v8" name="test_machine_svg_returns_200_and_svg[X4 ROVR]" time="0.144" /><testcase classname="backend.tests.test_machines_v8" name="test_machine_svg_returns_200_and_svg[X6 ROVR]" time="0.136" /><testcase classname="backend.tests.test_machines_v8" name="test_machine_svg_returns_200_and_svg[X16 SWEEP]" time="0.103" /><testcase classname="backend.tests.test_machines_v8" name="test_machine_svg_returns_200_and_svg[S30]" time="0.113" /><testcase classname="backend.tests.test_machines_v8" name="test_machine_svg_returns_200_and_svg[B10]" time="0.106" /><testcase classname="backend.tests.test_machines_v8" name="test_machine_svg_returns_200_and_svg[EX-CAN-7]" time="0.211" /><testcase classname="backend.tests.test_machines_v8" name="test_all_35_models_svg_200" time="4.388" /><testcase classname="backend.tests.test_machines_v8" name="test_url_encoded_space_works" time="0.105" /></testsuite></testsuites>