<?xml version="1.0" encoding="utf-8"?><testsuites name="pytest tests"><testsuite name="pytest" errors="0" failures="0" skipped="0" tests="19" time="5.837" timestamp="2026-05-11T14:35:02.631101+00:00" hostname="agent-env-76fe2d30-fcd7-45b5-8fb4-0ddf9ce5af8c"><testcase classname="backend.tests.test_layouts_v18.TestAuthSanity" name="test_admin_token_valid" time="1.184" /><testcase classname="backend.tests.test_layouts_v18.TestAuthSanity" name="test_dispatcher_token_valid" time="0.190" /><testcase classname="backend.tests.test_layouts_v18.TestAuthSanity" name="test_unauth_get_returns_401" time="0.131" /><testcase classname="backend.tests.test_layouts_v18.TestLayoutCRUD" name="test_get_empty_for_fresh_user[dashboard]" time="0.160" /><testcase classname="backend.tests.test_layouts_v18.TestLayoutCRUD" name="test_get_empty_for_fresh_user[trade-compliance]" time="0.109" /><testcase classname="backend.tests.test_layouts_v18.TestLayoutCRUD" name="test_get_empty_for_fresh_user[equipment]" time="0.108" /><testcase classname="backend.tests.test_layouts_v18.TestLayoutCRUD" name="test_put_saves_and_get_returns_same[dashboard-order0]" time="0.365" /><testcase classname="backend.tests.test_layouts_v18.TestLayoutCRUD" name="test_put_saves_and_get_returns_same[trade-compliance-order1]" time="0.269" /><testcase classname="backend.tests.test_layouts_v18.TestLayoutCRUD" name="test_put_saves_and_get_returns_same[equipment-order2]" time="0.263" /><testcase classname="backend.tests.test_layouts_v18.TestLayoutCRUD" name="test_put_empty_order_returns_400" time="0.128" /><testcase classname="backend.tests.test_layouts_v18.TestLayoutCRUD" name="test_put_too_many_ids_returns_400" time="0.226" /><testcase classname="backend.tests.test_layouts_v18.TestLayoutCRUD" name="test_delete_resets_layout" time="0.431" /><testcase classname="backend.tests.test_layouts_v18.TestCrossUserIsolation" name="test_admin_and_dispatcher_have_independent_layouts" time="0.534" /><testcase classname="backend.tests.test_layouts_v18.TestRegression" name="test_kpis" time="0.125" /><testcase classname="backend.tests.test_layouts_v18.TestRegression" name="test_shipments" time="0.141" /><testcase classname="backend.tests.test_layouts_v18.TestRegression" name="test_equipment_analytics" time="0.133" /><testcase classname="backend.tests.test_layouts_v18.TestRegression" name="test_equipment_reports" time="0.138" /><testcase classname="backend.tests.test_layouts_v18.TestPromoAsset" name="test_promo_mp4_head" time="0.136" /><testcase classname="backend.tests.test_layouts_v18.TestPromoAsset" name="test_promo_mp4_ftyp_header" time="1.021" /></testsuite></testsuites>