<?xml version="1.0" encoding="utf-8"?><testsuites name="pytest tests"><testsuite name="pytest" errors="0" failures="0" skipped="0" tests="26" time="3.245" timestamp="2026-05-12T10:19:11.900455+00:00" hostname="agent-env-76fe2d30-fcd7-45b5-8fb4-0ddf9ce5af8c"><testcase classname="backend.tests.test_iter15.TestNews" name="test_news_shape_and_volume" time="0.569" /><testcase classname="backend.tests.test_iter15.TestNews" name="test_news_minutes_ago_shuffles" time="0.253" /><testcase classname="backend.tests.test_iter15.TestTraffic" name="test_traffic_volume_and_fields" time="0.060" /><testcase classname="backend.tests.test_iter15.TestTraffic" name="test_traffic_severity_filter" time="0.120" /><testcase classname="backend.tests.test_iter15.TestWeatherAlerts" name="test_alerts_shape" time="0.059" /><testcase classname="backend.tests.test_iter15.TestPowerBIConfig" name="test_get_powerbi_default_reports" time="0.061" /><testcase classname="backend.tests.test_iter15.TestPowerBIConfig" name="test_put_powerbi_requires_admin" time="0.060" /><testcase classname="backend.tests.test_iter15.TestPowerBIConfig" name="test_put_powerbi_admin_ok" time="0.488" /><testcase classname="backend.tests.test_iter15.TestSharePointConfig" name="test_sharepoint_sites_and_files" time="0.058" /><testcase classname="backend.tests.test_iter15.TestCarrierTracking" name="test_tracking_urls_volume" time="0.062" /><testcase classname="backend.tests.test_iter15.TestCarrierTracking" name="test_tracking_url_xpo" time="0.060" /><testcase classname="backend.tests.test_iter15.TestCarrierTracking" name="test_tracking_url_case_insensitive" time="0.059" /><testcase classname="backend.tests.test_iter15.TestCarrierTracking" name="test_tracking_url_dropdown_label_split" time="0.063" /><testcase classname="backend.tests.test_iter15.TestSAPLinks" name="test_link_config" time="0.068" /><testcase classname="backend.tests.test_iter15.TestSAPLinks" name="test_deep_link_invoice" time="0.064" /><testcase classname="backend.tests.test_iter15.TestGlobalSearch" name="test_global_search_tn" time="0.060" /><testcase classname="backend.tests.test_iter15.TestGlobalSearch" name="test_s4_search_deterministic" time="0.121" /><testcase classname="backend.tests.test_iter15.TestS4Invoices" name="test_invoices_shape" time="0.059" /><testcase classname="backend.tests.test_iter15.TestAdminSettings" name="test_get_settings_any_auth" time="0.061" /><testcase classname="backend.tests.test_iter15.TestAdminSettings" name="test_put_settings_requires_admin" time="0.059" /><testcase classname="backend.tests.test_iter15.TestAdminSettings" name="test_put_settings_admin_round_trip" time="0.107" /><testcase classname="backend.tests.test_iter15.TestSpecialtyCarriers" name="test_specialty_carriers" time="0.061" /><testcase classname="backend.tests.test_iter15.TestMachinesCreate" name="test_create_machine" time="0.052" /><testcase classname="backend.tests.test_iter15.TestMachinesCreate" name="test_create_duplicate_409" time="0.376" /><testcase classname="backend.tests.test_iter15.TestWellnessNudges" name="test_nudges" time="0.063" /><testcase classname="backend.tests.test_iter15.TestTruckloadColumns" name="test_new_columns" time="0.063" /></testsuite></testsuites>