<?xml version="1.0" encoding="utf-8"?><testsuites name="pytest tests"><testsuite name="pytest" errors="0" failures="0" skipped="0" tests="9" time="2.432" timestamp="2026-05-20T00:27:29.308645+00:00" hostname="agent-env-76fe2d30-fcd7-45b5-8fb4-0ddf9ce5af8c"><testcase classname="backend.tests.test_iter30_tms_investor.TestTmsPitchSummary" name="test_pitch_summary_returns_hot_shot_brand" time="0.267" /><testcase classname="backend.tests.test_iter30_tms_investor.TestTmsPitchSummary" name="test_no_auth_required" time="0.124" /><testcase classname="backend.tests.test_iter30_tms_investor.TestTmsDeckPdf" name="test_returns_valid_pdf" time="0.302" /><testcase classname="backend.tests.test_iter30_tms_investor.TestTmsOnePagerPdf" name="test_returns_valid_pdf" time="0.289" /><testcase classname="backend.tests.test_iter30_tms_investor.TestTmsDataRoomZip" name="test_returns_valid_zip_with_three_entries" time="0.539" /><testcase classname="backend.tests.test_iter30_tms_investor.TestOriseiRegression" name="test_investor_summary_still_works" time="0.116" /><testcase classname="backend.tests.test_iter30_tms_investor.TestOriseiRegression" name="test_orisei_deck_pdf_still_works" time="0.343" /><testcase classname="backend.tests.test_iter30_tms_investor.TestOriseiRegression" name="test_orisei_one_pager_pdf_still_works" time="0.283" /><testcase classname="backend.tests.test_iter30_tms_investor.TestInvestorIntroForm" name="test_intro_accepts_hot_shot_tms_prefix" time="0.127" /></testsuite></testsuites>