<?xml version="1.0" encoding="utf-8"?><testsuites name="pytest tests"><testsuite name="pytest" errors="0" failures="0" skipped="0" tests="21" time="3.714" timestamp="2026-05-15T14:07:08.655616+00:00" hostname="agent-env-76fe2d30-fcd7-45b5-8fb4-0ddf9ce5af8c"><testcase classname="backend.tests.test_iter17.TestSAPBrandBleedThrough" name="test_sap_config_brand_swapped" time="0.188" /><testcase classname="backend.tests.test_iter17.TestSAPBrandBleedThrough" name="test_sap_sales_orders_brand_swapped" time="0.058" /><testcase classname="backend.tests.test_iter17.TestSAPBrandBleedThrough" name="test_sap_purchase_orders_brand_swapped" time="0.051" /><testcase classname="backend.tests.test_iter17.TestSAPBrandBleedThrough" name="test_sap_materials_brand_swapped" time="0.049" /><testcase classname="backend.tests.test_iter17.TestSAPBrandBleedThrough" name="test_sap_sync_logs_brand_swapped" time="0.053" /><testcase classname="backend.tests.test_iter17.TestSAPBrandBleedThrough" name="test_sap_open_deliveries_brand_swapped" time="0.052" /><testcase classname="backend.tests.test_iter17.TestIntegrationsBrandSwap" name="test_integrations_endpoint_brand_swapped" time="0.053" /><testcase classname="backend.tests.test_iter17.TestKPIsBrandDrift" name="test_kpis_network_metrics_drift_for_pfizer" time="0.061" /><testcase classname="backend.tests.test_iter17.TestServerRegistry" name="test_admin_required_get" time="0.133" /><testcase classname="backend.tests.test_iter17.TestServerRegistry" name="test_admin_required_post" time="0.053" /><testcase classname="backend.tests.test_iter17.TestServerRegistry" name="test_admin_required_delete" time="0.046" /><testcase classname="backend.tests.test_iter17.TestServerRegistry" name="test_list_servers_has_system_and_totals" time="0.057" /><testcase classname="backend.tests.test_iter17.TestServerRegistry" name="test_create_custom_server_with_health_url" time="0.104" /><testcase classname="backend.tests.test_iter17.TestServerRegistry" name="test_create_custom_server_with_hostname_port" time="0.050" /><testcase classname="backend.tests.test_iter17.TestServerRegistry" name="test_patch_custom_server" time="0.052" /><testcase classname="backend.tests.test_iter17.TestServerRegistry" name="test_patch_system_server_rejected" time="0.049" /><testcase classname="backend.tests.test_iter17.TestServerRegistry" name="test_delete_system_server_rejected" time="0.048" /><testcase classname="backend.tests.test_iter17.TestServerRegistry" name="test_ping_http_health_url" time="2.232" /><testcase classname="backend.tests.test_iter17.TestServerRegistry" name="test_ping_tcp_hostname_port" time="0.071" /><testcase classname="backend.tests.test_iter17.TestServerRegistry" name="test_zz_cleanup_delete_custom" time="0.154" /><testcase classname="backend.tests.test_iter17.TestServerRegistry" name="test_delete_unknown_returns_404" time="0.050" /></testsuite></testsuites>