<?xml version="1.0" encoding="utf-8"?><testsuites name="pytest tests"><testsuite name="pytest" errors="0" failures="0" skipped="0" tests="11" time="2.613" timestamp="2026-07-27T17:51:37.892593+00:00" hostname="agent-env-76fe2d30-fcd7-45b5-8fb4-0ddf9ce5af8c"><testcase classname="backend.tests.test_niche_closing_features.TestNewPatchFields" name="test_patch_all_new_fields_persist" time="0.299" /><testcase classname="backend.tests.test_niche_closing_features.TestNewPatchFields" name="test_warmth_score_upper_bound_rejected" time="0.152" /><testcase classname="backend.tests.test_niche_closing_features.TestNewPatchFields" name="test_warmth_score_lower_bound_rejected" time="0.129" /><testcase classname="backend.tests.test_niche_closing_features.TestNewPatchFields" name="test_negative_acq_cost_rejected" time="0.104" /><testcase classname="backend.tests.test_niche_closing_features.TestStageHistory" name="test_stage_change_appends_history" time="0.698" /><testcase classname="backend.tests.test_niche_closing_features.TestLinkCarrierPatch" name="test_patch_link_updates_rate_and_status" time="0.322" /><testcase classname="backend.tests.test_niche_closing_features.TestLinkCarrierPatch" name="test_patch_link_invalid_status_rejected" time="0.123" /><testcase classname="backend.tests.test_niche_closing_features.TestLinkCarrierPatch" name="test_patch_link_unknown_pid_404" time="0.133" /><testcase classname="backend.tests.test_niche_closing_features.TestLinkCarrierPatch" name="test_patch_link_empty_body_rejected" time="0.121" /><testcase classname="backend.tests.test_niche_closing_features.TestDashboardVelocity" name="test_velocity_block_shape" time="0.113" /><testcase classname="backend.tests.test_niche_closing_features.TestDashboardVelocity" name="test_projected_next_counts_meeting_stage" time="0.379" /></testsuite></testsuites>