<?xml version="1.0" encoding="utf-8"?><testsuites name="pytest tests"><testsuite name="pytest" errors="0" failures="0" skipped="0" tests="11" time="6.006" timestamp="2026-07-03T10:03:12.305759+00:00" hostname="agent-env-76fe2d30-fcd7-45b5-8fb4-0ddf9ce5af8c"><testcase classname="backend.tests.test_iter52_lighthouse" name="test_lighthouse_dashboard" time="0.250" /><testcase classname="backend.tests.test_iter52_lighthouse" name="test_lighthouse_prospects_full_lifecycle" time="2.482" /><testcase classname="backend.tests.test_iter52_lighthouse" name="test_lighthouse_asset_catalog_and_pdfs" time="0.924" /><testcase classname="backend.tests.test_iter52_lighthouse" name="test_lighthouse_asset_pdf_autologs_touch_when_prospect_id_provided" time="0.508" /><testcase classname="backend.tests.test_iter52_lighthouse" name="test_public_tour_requires_no_auth" time="0.093" /><testcase classname="backend.tests.test_iter52_lighthouse" name="test_public_interest_creates_then_dedupes" time="0.378" /><testcase classname="backend.tests.test_iter52_lighthouse" name="test_shipper_intake_submit_url_uses_public_frontend_url" time="0.097" /><testcase classname="backend.tests.test_iter52_lighthouse" name="test_shipper_intake_pdf_download" time="0.376" /><testcase classname="backend.tests.test_iter52_lighthouse" name="test_international_bl_and_sli_pdfs" time="0.661" /><testcase classname="backend.tests.test_iter52_lighthouse" name="test_boc3_file_route_is_wired" time="0.092" /><testcase classname="backend.tests.test_iter52_lighthouse" name="test_preserved_beacon_logistics_prospect_still_exists" time="0.096" /></testsuite></testsuites>