<?xml version="1.0" encoding="utf-8"?><testsuites name="pytest tests"><testsuite name="pytest" errors="0" failures="1" skipped="0" tests="26" time="11.338" timestamp="2026-05-11T08:02:34.551373+00:00" hostname="agent-env-76fe2d30-fcd7-45b5-8fb4-0ddf9ce5af8c"><testcase classname="backend.tests.test_iter234.TestDocumentPDF" name="test_pdf_requires_auth" time="0.251" /><testcase classname="backend.tests.test_iter234.TestDocumentPDF" name="test_pdf_404_on_missing" time="1.883" /><testcase classname="backend.tests.test_iter234.TestDocumentPDF" name="test_pdf_renders_all_doc_types" time="2.523"><failure message="AssertionError: No documents found to render&#10;assert 0 &gt;= 1">backend/tests/test_iter234.py:58: in test_pdf_renders_all_doc_types
    assert tested &gt;= 1, "No documents found to render"
E   AssertionError: No documents found to render
E   assert 0 &gt;= 1</failure></testcase><testcase classname="backend.tests.test_iter234.TestAdminRBAC" name="test_list_users_admin_only" time="0.654" /><testcase classname="backend.tests.test_iter234.TestAdminRBAC" name="test_seed_team_admin_only_and_idempotent" time="0.144" /><testcase classname="backend.tests.test_iter234.TestAdminRBAC" name="test_change_role" time="0.208" /><testcase classname="backend.tests.test_iter234.TestAdminRBAC" name="test_change_role_unknown_user" time="0.048" /><testcase classname="backend.tests.test_iter234.TestSAP" name="test_config" time="0.053" /><testcase classname="backend.tests.test_iter234.TestSAP" name="test_sales_orders_and_plant_filter" time="0.097" /><testcase classname="backend.tests.test_iter234.TestSAP" name="test_purchase_orders_only_imports" time="0.048" /><testcase classname="backend.tests.test_iter234.TestSAP" name="test_sync_rbac_and_logs" time="0.665" /><testcase classname="backend.tests.test_iter234.TestAIAssistant" name="test_chat_single_message" time="2.829" /><testcase classname="backend.tests.test_iter234.TestAIAssistant" name="test_history_user_scoped" time="0.053" /><testcase classname="backend.tests.test_iter234.TestAIAssistant" name="test_delete_history" time="0.093" /><testcase classname="backend.tests.test_iter234.TestWebex" name="test_endpoints_require_auth" time="0.409" /><testcase classname="backend.tests.test_iter234.TestWebex" name="test_static_collections" time="0.147" /><testcase classname="backend.tests.test_iter234.TestWebex" name="test_notify_writes_log" time="0.099" /><testcase classname="backend.tests.test_iter234.TestWebex" name="test_schedule_creates_meeting" time="0.076" /><testcase classname="backend.tests.test_iter234.TestWorkbook" name="test_tabs_autoseed_13" time="0.052" /><testcase classname="backend.tests.test_iter234.TestWorkbook" name="test_tabs_require_auth" time="0.121" /><testcase classname="backend.tests.test_iter234.TestWorkbook" name="test_create_unknown_kind_rejected" time="0.056" /><testcase classname="backend.tests.test_iter234.TestWorkbook" name="test_create_rename_delete_tab" time="0.295" /><testcase classname="backend.tests.test_iter234.TestWorkbook" name="test_rows_projection_nested_keys" time="0.100" /><testcase classname="backend.tests.test_iter234.TestWorkbook" name="test_rows_404_on_missing_tab" time="0.066" /><testcase classname="backend.tests.test_iter234.TestWorkbook" name="test_export_tab_xlsx" time="0.155" /><testcase classname="backend.tests.test_iter234.TestWorkbook" name="test_export_all_xlsx" time="0.085" /></testsuite></testsuites>