<?xml version="1.0" encoding="utf-8"?><testsuites name="pytest tests"><testsuite name="pytest" errors="0" failures="0" skipped="0" tests="19" time="3.024" timestamp="2026-06-18T02:06:34.937857+00:00" hostname="agent-env-76fe2d30-fcd7-45b5-8fb4-0ddf9ce5af8c"><testcase classname="backend.tests.test_iter43_launch_runway.TestLaunchRunwayPlan" name="test_get_plan_returns_12_milestones" time="0.859" /><testcase classname="backend.tests.test_iter43_launch_runway.TestLaunchRunwayPlan" name="test_summary_fields" time="0.058" /><testcase classname="backend.tests.test_iter43_launch_runway.TestLaunchRunwayMutations" name="test_toggle_to_done_then_back" time="0.205" /><testcase classname="backend.tests.test_iter43_launch_runway.TestLaunchRunwayMutations" name="test_toggle_unknown_milestone_404" time="0.093" /><testcase classname="backend.tests.test_iter43_launch_runway.TestLaunchRunwayMutations" name="test_toggle_invalid_status_400" time="0.047" /><testcase classname="backend.tests.test_iter43_launch_runway.TestLaunchRunwayMutations" name="test_note_persists" time="0.119" /><testcase classname="backend.tests.test_iter43_launch_runway.TestOutreachText" name="test_templates_lists_all_8" time="0.052" /><testcase classname="backend.tests.test_iter43_launch_runway.TestOutreachText" name="test_email_generation" time="0.054" /><testcase classname="backend.tests.test_iter43_launch_runway.TestOutreachText" name="test_call_script_generation" time="0.055" /><testcase classname="backend.tests.test_iter43_launch_runway.TestOutreachText" name="test_linkedin_dm_generation" time="0.046" /><testcase classname="backend.tests.test_iter43_launch_runway.TestOutreachText" name="test_invalid_text_channel" time="0.044" /><testcase classname="backend.tests.test_iter43_launch_runway.TestOutreachPDF" name="test_capability_pdf" time="0.292" /><testcase classname="backend.tests.test_iter43_launch_runway.TestOutreachPDF" name="test_agreement_pdf_contains_net_terms" time="0.187" /><testcase classname="backend.tests.test_iter43_launch_runway.TestOutreachPDF" name="test_welcome_pdf" time="0.260" /><testcase classname="backend.tests.test_iter43_launch_runway.TestOutreachPDF" name="test_credit_ref_pdf" time="0.185" /><testcase classname="backend.tests.test_iter43_launch_runway.TestOutreachPDF" name="test_onboarding_packet" time="0.270" /><testcase classname="backend.tests.test_iter43_launch_runway.TestOutreachPDF" name="test_invalid_pdf_channel" time="0.048" /><testcase classname="backend.tests.test_iter43_launch_runway.TestEdgeCases" name="test_email_missing_optional_fields" time="0.048" /><testcase classname="backend.tests.test_iter43_launch_runway.TestEdgeCases" name="test_email_empty_shipper_name" time="0.045" /></testsuite></testsuites>