<?xml version="1.0" encoding="utf-8"?><testsuites name="pytest tests"><testsuite name="pytest" errors="0" failures="0" skipped="0" tests="18" time="12.024" timestamp="2026-08-06T05:37:32.217014+00:00" hostname="agent-env-76fe2d30-fcd7-45b5-8fb4-0ddf9ce5af8c"><testcase classname="backend.tests.test_iter84_tc_crew_portal.TestCrewAuth" name="test_pin_issue_shape" time="0.517" /><testcase classname="backend.tests.test_iter84_tc_crew_portal.TestCrewAuth" name="test_login_wrong_pin" time="0.105" /><testcase classname="backend.tests.test_iter84_tc_crew_portal.TestCrewAuth" name="test_login_bad_format" time="0.133" /><testcase classname="backend.tests.test_iter84_tc_crew_portal.TestCrewAuth" name="test_crew_me" time="0.427" /><testcase classname="backend.tests.test_iter84_tc_crew_portal.TestCrewAuth" name="test_no_token_rejected" time="0.124" /><testcase classname="backend.tests.test_iter84_tc_crew_portal.TestClockAndPing" name="test_clock_cycle" time="1.141" /><testcase classname="backend.tests.test_iter84_tc_crew_portal.TestClockAndPing" name="test_timesheets" time="0.112" /><testcase classname="backend.tests.test_iter84_tc_crew_portal.TestCrewLive" name="test_crew_live" time="0.103" /><testcase classname="backend.tests.test_iter84_tc_crew_portal.TestUpdates" name="test_crud" time="0.296" /><testcase classname="backend.tests.test_iter84_tc_crew_portal.TestMoney" name="test_expense_crud_and_pnl" time="0.396" /><testcase classname="backend.tests.test_iter84_tc_crew_portal.TestMoney" name="test_invalid_category" time="0.105" /><testcase classname="backend.tests.test_iter84_tc_crew_portal.TestVehicles" name="test_vehicle_crud" time="0.400" /><testcase classname="backend.tests.test_iter84_tc_crew_portal.TestGear" name="test_gear" time="0.100" /><testcase classname="backend.tests.test_iter84_tc_crew_portal.TestBookingFlow" name="test_public_booking_and_convert" time="0.730" /><testcase classname="backend.tests.test_iter84_tc_crew_portal.TestBookingFlow" name="test_public_booking_requires_company" time="0.102" /><testcase classname="backend.tests.test_iter84_tc_crew_portal.TestCrewJobFlow" name="test_full_completion_gate" time="5.036" /><testcase classname="backend.tests.test_iter84_tc_crew_portal.TestInvoiceEdit" name="test_put_invoice" time="0.200" /><testcase classname="backend.tests.test_iter84_tc_crew_portal.TestRateLimit" name="test_login_rate_limit" time="1.929" /></testsuite></testsuites>