<?xml version="1.0" encoding="utf-8"?><testsuites name="pytest tests"><testsuite name="pytest" errors="0" failures="0" skipped="0" tests="17" time="11.618" timestamp="2026-07-17T20:31:27.081413+00:00" hostname="agent-env-76fe2d30-fcd7-45b5-8fb4-0ddf9ce5af8c"><testcase classname="backend.tests.test_iter66_sentinel_blast_routing.TestSentinel" name="test_status_default" time="0.601" /><testcase classname="backend.tests.test_iter66_sentinel_blast_routing.TestSentinel" name="test_deployments_list_seeded" time="0.135" /><testcase classname="backend.tests.test_iter66_sentinel_blast_routing.TestSentinel" name="test_alerts_feed" time="0.169" /><testcase classname="backend.tests.test_iter66_sentinel_blast_routing.TestSentinel" name="test_scan_now" time="1.679" /><testcase classname="backend.tests.test_iter66_sentinel_blast_routing.TestSentinel" name="test_bogus_deployment_flow" time="2.412" /><testcase classname="backend.tests.test_iter66_sentinel_blast_routing.TestSentinel" name="test_add_deployment_requires_owner" time="0.101" /><testcase classname="backend.tests.test_iter66_sentinel_blast_routing.TestLaunchBlast" name="test_preview" time="0.237" /><testcase classname="backend.tests.test_iter66_sentinel_blast_routing.TestLaunchBlast" name="test_recipients" time="0.117" /><testcase classname="backend.tests.test_iter66_sentinel_blast_routing.TestLaunchBlast" name="test_test_send_queues" time="0.122" /><testcase classname="backend.tests.test_iter66_sentinel_blast_routing.TestLaunchBlast" name="test_subset_send" time="0.232" /><testcase classname="backend.tests.test_iter66_sentinel_blast_routing.TestLaunchBlast" name="test_dispatcher_forbidden" time="0.124" /><testcase classname="backend.tests.test_iter66_sentinel_blast_routing.TestChangePassword" name="test_full_cycle_doug" time="3.198" /><testcase classname="backend.tests.test_iter66_sentinel_blast_routing.TestChangePassword" name="test_google_only_account_400" time="0.124" /><testcase classname="backend.tests.test_iter66_sentinel_blast_routing.TestRouteOptimizer" name="test_geocode_chicago" time="0.606" /><testcase classname="backend.tests.test_iter66_sentinel_blast_routing.TestRouteOptimizer" name="test_route_msp_to_chi" time="0.943" /><testcase classname="backend.tests.test_iter66_sentinel_blast_routing.TestRouteOptimizer" name="test_save_load_no_go" time="0.359" /><testcase classname="backend.tests.test_iter66_sentinel_blast_routing.TestRouteOptimizer" name="test_save_load_go_and_delete" time="0.399" /></testsuite></testsuites>