<?xml version="1.0" encoding="utf-8"?><testsuites name="pytest tests"><testsuite name="pytest" errors="0" failures="0" skipped="0" tests="9" time="1.075" timestamp="2026-06-18T00:50:08.778802+00:00" hostname="agent-env-76fe2d30-fcd7-45b5-8fb4-0ddf9ce5af8c"><testcase classname="backend.tests.test_iter39_cash_flow" name="test_position_returns_required_fields" time="0.511" /><testcase classname="backend.tests.test_iter39_cash_flow" name="test_bank_balance_persists" time="0.092" /><testcase classname="backend.tests.test_iter39_cash_flow" name="test_qualify_load_target" time="0.047" /><testcase classname="backend.tests.test_iter39_cash_flow" name="test_auto_route_factor" time="0.047" /><testcase classname="backend.tests.test_iter39_cash_flow" name="test_dynamic_discount_math" time="0.045" /><testcase classname="backend.tests.test_iter39_cash_flow" name="test_scenario_planner" time="0.045" /><testcase classname="backend.tests.test_iter39_cash_flow" name="test_shipper_term_analysis" time="0.046" /><testcase classname="backend.tests.test_iter39_cash_flow" name="test_shipper_credit_for_real_customer" time="0.089" /><testcase classname="backend.tests.test_iter39_cash_flow" name="test_workflow_carrier_assigned_creates_proposal" time="0.134" /></testsuite></testsuites>