<?xml version="1.0" encoding="utf-8"?><testsuites name="pytest tests"><testsuite name="pytest" errors="0" failures="0" skipped="0" tests="27" time="2.689" timestamp="2026-05-11T13:09:51.166831+00:00" hostname="agent-env-76fe2d30-fcd7-45b5-8fb4-0ddf9ce5af8c"><testcase classname="backend.tests.test_iter8" name="test_machines_total_count" time="0.175" /><testcase classname="backend.tests.test_iter8" name="test_machines_real_photo_count_is_17" time="0.000" /><testcase classname="backend.tests.test_iter8" name="test_machines_svg_count_is_18" time="0.000" /><testcase classname="backend.tests.test_iter8" name="test_machines_real_photo_models_match_expected" time="0.000" /><testcase classname="backend.tests.test_iter8" name="test_machines_url_partition_is_exhaustive" time="0.000" /><testcase classname="backend.tests.test_iter8" name="test_real_photo_url_returns_image[B5]" time="0.206" /><testcase classname="backend.tests.test_iter8" name="test_real_photo_url_returns_image[B7]" time="0.125" /><testcase classname="backend.tests.test_iter8" name="test_real_photo_url_returns_image[EX-CAN-7]" time="0.104" /><testcase classname="backend.tests.test_iter8" name="test_real_photo_url_returns_image[Green Machine 414HS]" time="0.099" /><testcase classname="backend.tests.test_iter8" name="test_real_photo_url_returns_image[M17]" time="0.103" /><testcase classname="backend.tests.test_iter8" name="test_real_photo_url_returns_image[S3]" time="0.095" /><testcase classname="backend.tests.test_iter8" name="test_real_photo_url_returns_image[S5]" time="0.104" /><testcase classname="backend.tests.test_iter8" name="test_real_photo_url_returns_image[T12]" time="0.118" /><testcase classname="backend.tests.test_iter8" name="test_real_photo_url_returns_image[T16]" time="0.103" /><testcase classname="backend.tests.test_iter8" name="test_real_photo_url_returns_image[T16AMR]" time="0.122" /><testcase classname="backend.tests.test_iter8" name="test_real_photo_url_returns_image[T17]" time="0.100" /><testcase classname="backend.tests.test_iter8" name="test_real_photo_url_returns_image[T2]" time="0.096" /><testcase classname="backend.tests.test_iter8" name="test_real_photo_url_returns_image[T20]" time="0.107" /><testcase classname="backend.tests.test_iter8" name="test_real_photo_url_returns_image[T300]" time="0.121" /><testcase classname="backend.tests.test_iter8" name="test_real_photo_url_returns_image[T500]" time="0.098" /><testcase classname="backend.tests.test_iter8" name="test_real_photo_url_returns_image[T7]" time="0.102" /><testcase classname="backend.tests.test_iter8" name="test_real_photo_url_returns_image[T7AMR]" time="0.107" /><testcase classname="backend.tests.test_iter8" name="test_svg_endpoint_works" time="0.137" /><testcase classname="backend.tests.test_iter8" name="test_promo_mp4_endpoint" time="0.312" /><testcase classname="backend.tests.test_iter8" name="test_admin_emails_env_contains_shearperfection" time="0.000" /><testcase classname="backend.tests.test_iter8" name="test_test_credentials_md_has_shearperfection" time="0.000" /><testcase classname="backend.tests.test_iter8" name="test_admin_token_authenticates" time="0.117" /></testsuite></testsuites>