<?xml version="1.0" encoding="utf-8"?><testsuites name="pytest tests"><testsuite name="pytest" errors="0" failures="0" skipped="0" tests="6" time="1.034" timestamp="2026-06-28T08:49:27.507814+00:00" hostname="agent-env-76fe2d30-fcd7-45b5-8fb4-0ddf9ce5af8c"><testcase classname="backend.tests.test_iter45_autocomplete_directory.TestCarriersDirectory" name="test_returns_200_with_items_shape" time="0.124" /><testcase classname="backend.tests.test_iter45_autocomplete_directory.TestCarriersDirectory" name="test_includes_curated_carrier_names" time="0.135" /><testcase classname="backend.tests.test_iter45_autocomplete_directory.TestCarriersDirectory" name="test_filter_by_q_sch" time="0.094" /><testcase classname="backend.tests.test_iter45_autocomplete_directory.TestCustomersDirectory" name="test_returns_200_with_items" time="0.098" /><testcase classname="backend.tests.test_iter45_autocomplete_directory.TestSimpleCarriers" name="test_simple_carriers" time="0.100" /><testcase classname="backend.tests.test_iter45_autocomplete_directory.TestBrandedQuotePDF" name="test_quote_pdf_is_branded_and_sized" time="0.465" /></testsuite></testsuites>