<?xml version="1.0" encoding="utf-8"?><testsuites name="pytest tests"><testsuite name="pytest" errors="0" failures="0" skipped="0" tests="11" time="3.884" timestamp="2026-07-03T10:37:08.370779+00:00" hostname="agent-env-76fe2d30-fcd7-45b5-8fb4-0ddf9ce5af8c"><testcase classname="backend.tests.test_iter53_routing_telematics.TestAggregatorMargin" name="test_feed_has_margin_and_summary" time="0.175" /><testcase classname="backend.tests.test_iter53_routing_telematics.TestAggregatorMargin" name="test_feed_sort_by_margin_usd_desc" time="0.103" /><testcase classname="backend.tests.test_iter53_routing_telematics.TestRouting" name="test_provider_defaults_to_osrm" time="0.092" /><testcase classname="backend.tests.test_iter53_routing_telematics.TestRouting" name="test_route_by_coords_la_to_phx" time="0.577" /><testcase classname="backend.tests.test_iter53_routing_telematics.TestRouting" name="test_recent_contains_last_route" time="0.091" /><testcase classname="backend.tests.test_iter53_routing_telematics.TestRouting" name="test_route_by_address_lenient" time="1.508" /><testcase classname="backend.tests.test_iter53_routing_telematics.TestTelematics" name="test_provider_sample_mode" time="0.097" /><testcase classname="backend.tests.test_iter53_routing_telematics.TestTelematics" name="test_vehicle_locations" time="0.132" /><testcase classname="backend.tests.test_iter53_routing_telematics.TestTelematics" name="test_hos_logs" time="0.107" /><testcase classname="backend.tests.test_iter53_routing_telematics.TestTelematics" name="test_safety_events" time="0.100" /><testcase classname="backend.tests.test_iter53_routing_telematics.TestTelematics" name="test_connect_admin_rotates_token" time="0.859" /></testsuite></testsuites>