<?xml version="1.0" encoding="utf-8"?><testsuites name="pytest tests"><testsuite name="pytest" errors="0" failures="0" skipped="0" tests="16" time="5.008" timestamp="2026-05-18T17:34:00.190647+00:00" hostname="agent-env-76fe2d30-fcd7-45b5-8fb4-0ddf9ce5af8c"><testcase classname="backend.tests.test_iter28_investor_honesty.TestBoardroomPayload" name="test_boardroom_200" time="0.144" /><testcase classname="backend.tests.test_iter28_investor_honesty.TestBoardroomPayload" name="test_current_status_block" time="0.124" /><testcase classname="backend.tests.test_iter28_investor_honesty.TestBoardroomPayload" name="test_unit_economics_new_keys" time="0.111" /><testcase classname="backend.tests.test_iter28_investor_honesty.TestBoardroomPayload" name="test_industry_benchmarks_new_keys" time="0.110" /><testcase classname="backend.tests.test_iter28_investor_honesty.TestBoardroomPayload" name="test_default_probability_capped_at_90" time="0.118" /><testcase classname="backend.tests.test_iter28_investor_honesty.TestProbabilityScorecard" name="test_orisei_favorable_inputs_returns_90_strong" time="0.138" /><testcase classname="backend.tests.test_iter28_investor_honesty.TestProbabilityScorecard" name="test_fragile_inputs_returns_fragile_band" time="0.120" /><testcase classname="backend.tests.test_iter28_investor_honesty.TestDocumentRenderers" name="test_financial_model_xlsx_renders_and_has_unit_econ_sheet" time="0.181" /><testcase classname="backend.tests.test_iter28_investor_honesty.TestDocumentRenderers" name="test_deck_pdf_renders_no_keyerror" time="0.320" /><testcase classname="backend.tests.test_iter28_investor_honesty.TestDocumentRenderers" name="test_one_pager_pdf_renders" time="0.282" /><testcase classname="backend.tests.test_iter28_investor_honesty.TestDocumentRenderers" name="test_data_room_zip_bundles_all_docs" time="1.617" /><testcase classname="backend.tests.test_iter28_investor_honesty.TestPublicInvestorSummary" name="test_public_summary_no_auth" time="0.114" /><testcase classname="backend.tests.test_iter28_investor_honesty.TestMarketingPackRegression" name="test_linkedin_posts" time="0.103" /><testcase classname="backend.tests.test_iter28_investor_honesty.TestMarketingPackRegression" name="test_cold_emails" time="0.108" /><testcase classname="backend.tests.test_iter28_investor_honesty.TestMarketingPackRegression" name="test_pack_zip" time="1.080" /><testcase classname="backend.tests.test_iter28_investor_honesty.TestMarketingPackRegression" name="test_carrier_sell_sheet_pdf" time="0.289" /></testsuite></testsuites>