<?xml version="1.0" encoding="utf-8"?><testsuites name="pytest tests"><testsuite name="pytest" errors="0" failures="0" skipped="1" tests="27" time="11.051" timestamp="2026-07-03T16:52:53.219056+00:00" hostname="agent-env-76fe2d30-fcd7-45b5-8fb4-0ddf9ce5af8c"><testcase classname="backend.tests.test_iter55_dispatch_autopilot.TestProviderAndConfig" name="test_provider" time="0.178" /><testcase classname="backend.tests.test_iter55_dispatch_autopilot.TestProviderAndConfig" name="test_config_defaults" time="0.046" /><testcase classname="backend.tests.test_iter55_dispatch_autopilot.TestProviderAndConfig" name="test_config_partial_update" time="0.163" /><testcase classname="backend.tests.test_iter55_dispatch_autopilot.TestCarriers" name="test_seed_carriers" time="0.047" /><testcase classname="backend.tests.test_iter55_dispatch_autopilot.TestCarriers" name="test_seed_idempotent" time="0.047" /><testcase classname="backend.tests.test_iter55_dispatch_autopilot.TestCarriers" name="test_list_carriers" time="0.049" /><testcase classname="backend.tests.test_iter55_dispatch_autopilot.TestCarriers" name="test_upsert_carrier_and_retire" time="0.211" /><testcase classname="backend.tests.test_iter55_dispatch_autopilot.TestScoreAndOffers" name="test_tick_persists_loads" time="0.143" /><testcase classname="backend.tests.test_iter55_dispatch_autopilot.TestScoreAndOffers" name="test_tick_dedupes" time="0.126" /><testcase classname="backend.tests.test_iter55_dispatch_autopilot.TestScoreAndOffers" name="test_score_returns_qualified_shape" time="0.095" /><testcase classname="backend.tests.test_iter55_dispatch_autopilot.TestScoreAndOffers" name="test_auto_offer" time="0.112" /><testcase classname="backend.tests.test_iter55_dispatch_autopilot.TestScoreAndOffers" name="test_offers_list_and_counts" time="0.050" /><testcase classname="backend.tests.test_iter55_dispatch_autopilot.TestScoreAndOffers" name="test_accept_and_expire_siblings" time="0.247" /><testcase classname="backend.tests.test_iter55_dispatch_autopilot.TestScoreAndOffers" name="test_decline_and_409" time="0.047"><skipped type="pytest.skip" message="no pending offer to decline">/app/backend/tests/test_iter55_dispatch_autopilot.py:260: no pending offer to decline</skipped></testcase><testcase classname="backend.tests.test_iter55_dispatch_autopilot.TestScoreAndOffers" name="test_dashboard" time="0.051" /><testcase classname="backend.tests.test_iter55_dispatch_autopilot.TestScoreAndOffers" name="test_autopilot_disabled_skips" time="0.143" /><testcase classname="backend.tests.test_iter55_dispatch_autopilot.TestML" name="test_ml_status_shape" time="1.077" /><testcase classname="backend.tests.test_iter55_dispatch_autopilot.TestML" name="test_ml_seed_training" time="0.057" /><testcase classname="backend.tests.test_iter55_dispatch_autopilot.TestML" name="test_ml_train" time="0.248" /><testcase classname="backend.tests.test_iter55_dispatch_autopilot.TestML" name="test_ml_predict" time="0.101" /><testcase classname="backend.tests.test_iter55_dispatch_autopilot.TestML" name="test_ml_explain" time="3.559" /><testcase classname="backend.tests.test_iter55_dispatch_autopilot.TestML" name="test_ml_explain_pinned_carrier" time="3.935" /><testcase classname="backend.tests.test_iter55_dispatch_autopilot.TestRegressionSmoke" name="test_aggregator_feed" time="0.049" /><testcase classname="backend.tests.test_iter55_dispatch_autopilot.TestRegressionSmoke" name="test_routing_provider" time="0.045" /><testcase classname="backend.tests.test_iter55_dispatch_autopilot.TestRegressionSmoke" name="test_telematics_provider" time="0.049" /><testcase classname="backend.tests.test_iter55_dispatch_autopilot.TestRegressionSmoke" name="test_parcel_provider" time="0.051" /><testcase classname="backend.tests.test_iter55_dispatch_autopilot.TestRegressionSmoke" name="test_edi_provider" time="0.049" /></testsuite></testsuites>