<?xml version="1.0" encoding="utf-8"?><testsuites name="pytest tests"><testsuite name="pytest" errors="0" failures="0" skipped="0" tests="7" time="48.058" timestamp="2026-07-27T17:12:54.343564+00:00" hostname="agent-env-76fe2d30-fcd7-45b5-8fb4-0ddf9ce5af8c"><testcase classname="backend.tests.test_niche_markets" name="test_playbook" time="0.191" /><testcase classname="backend.tests.test_niche_markets" name="test_targets_list_and_filter" time="0.392" /><testcase classname="backend.tests.test_niche_markets" name="test_create_patch_delete_target" time="0.925" /><testcase classname="backend.tests.test_niche_markets" name="test_dashboard" time="0.141" /><testcase classname="backend.tests.test_niche_markets" name="test_battle_card_ai" time="25.115" /><testcase classname="backend.tests.test_niche_markets" name="test_pitch_preview_and_send_recorded" time="20.610" /><testcase classname="backend.tests.test_niche_markets" name="test_regression_autopilot_and_brochure" time="0.631" /></testsuite></testsuites>