<?xml version="1.0" encoding="utf-8"?><testsuites name="pytest tests"><testsuite name="pytest" errors="0" failures="0" skipped="1" tests="8" time="1.372" timestamp="2026-05-18T03:01:59.986520+00:00" hostname="agent-env-76fe2d30-fcd7-45b5-8fb4-0ddf9ce5af8c"><testcase classname="backend.tests.test_iter27_public_investors.TestPublicInvestorSummary" name="test_no_auth_returns_200" time="0.155" /><testcase classname="backend.tests.test_iter27_public_investors.TestPublicInvestorSummary" name="test_full_payload_shape" time="0.135" /><testcase classname="backend.tests.test_iter27_public_investors.TestPublicPDFs" name="test_deck_pdf" time="0.300" /><testcase classname="backend.tests.test_iter27_public_investors.TestPublicPDFs" name="test_one_pager_pdf" time="0.305" /><testcase classname="backend.tests.test_iter27_public_investors.TestPublicInvestorIntro" name="test_normal_submission_persists" time="0.125" /><testcase classname="backend.tests.test_iter27_public_investors.TestPublicInvestorIntro" name="test_honeypot_silently_dropped" time="0.114" /><testcase classname="backend.tests.test_iter27_public_investors.TestPublicInvestorIntro" name="test_invalid_email_rejected" time="0.110" /><testcase classname="backend.tests.test_iter27_public_investors.TestBrandAwareness" name="test_fedex_brand_swap" time="0.109"><skipped type="pytest.skip" message="Cannot list brands; admin endpoint unavailable">/app/backend/tests/test_iter27_public_investors.py:148: Cannot list brands; admin endpoint unavailable</skipped></testcase></testsuite></testsuites>