<?xml version="1.0" encoding="utf-8"?><testsuites name="pytest tests"><testsuite name="pytest" errors="0" failures="0" skipped="0" tests="16" time="6.049" timestamp="2026-05-15T21:21:08.171957+00:00" hostname="agent-env-76fe2d30-fcd7-45b5-8fb4-0ddf9ce5af8c"><testcase classname="backend.tests.test_iter19_weather.TestAlertLocations" name="test_get_empty_after_clear" time="0.298" /><testcase classname="backend.tests.test_iter19_weather.TestAlertLocations" name="test_post_simple_save_and_persist" time="0.215" /><testcase classname="backend.tests.test_iter19_weather.TestAlertLocations" name="test_post_clears_when_empty_list" time="0.458" /><testcase classname="backend.tests.test_iter19_weather.TestAlertLocations" name="test_post_bad_body_non_list" time="0.151" /><testcase classname="backend.tests.test_iter19_weather.TestAlertLocations" name="test_post_missing_locations_key" time="0.174" /><testcase classname="backend.tests.test_iter19_weather.TestAlertLocations" name="test_post_drops_rows_with_missing_lat_lng" time="0.166" /><testcase classname="backend.tests.test_iter19_weather.TestAlertLocations" name="test_post_caps_to_12" time="0.158" /><testcase classname="backend.tests.test_iter19_weather.TestAlertLocations" name="test_post_uppercases_state_country_and_trims_label" time="0.158" /><testcase classname="backend.tests.test_iter19_weather.TestAlertLocations" name="test_requires_auth" time="0.175" /><testcase classname="backend.tests.test_iter19_weather.TestWeatherAlerts" name="test_alerts_seed_from_brand_when_empty" time="1.981" /><testcase classname="backend.tests.test_iter19_weather.TestWeatherAlerts" name="test_alert_shape" time="0.348" /><testcase classname="backend.tests.test_iter19_weather.TestWeatherAlerts" name="test_denver_does_not_crash_and_shape_ok" time="0.562" /><testcase classname="backend.tests.test_iter19_weather.TestWeatherAlerts" name="test_brand_swap_no_tennant_when_pfizer_active" time="0.493" /><testcase classname="backend.tests.test_iter19_weather.TestWeatherAlerts" name="test_requires_auth" time="0.165" /><testcase classname="backend.tests.test_iter19_weather.TestIter18Regression" name="test_branding_manual_saves_promo_video_ids" time="0.161" /><testcase classname="backend.tests.test_iter19_weather.TestIter18Regression" name="test_admin_servers_returns_totals" time="0.335" /></testsuite></testsuites>