<?xml version="1.0" encoding="utf-8"?><testsuites name="pytest tests"><testsuite name="pytest" errors="0" failures="0" skipped="0" tests="12" time="3.155" timestamp="2026-05-11T13:40:56.668843+00:00" hostname="agent-env-76fe2d30-fcd7-45b5-8fb4-0ddf9ce5af8c"><testcase classname="backend.tests.test_truckload_bookings_v18.TestTabsSeed" name="test_tabs_include_truckload_bookings_at_order_zero" time="0.350" /><testcase classname="backend.tests.test_truckload_bookings_v18.TestTabsSeed" name="test_seed_is_idempotent" time="0.284" /><testcase classname="backend.tests.test_truckload_bookings_v18.TestList" name="test_list_returns_rows_columns_version" time="0.127" /><testcase classname="backend.tests.test_truckload_bookings_v18.TestVersionPoll" name="test_version_endpoint_shape" time="0.126" /><testcase classname="backend.tests.test_truckload_bookings_v18.TestCRUD" name="test_01_create_row" time="0.295" /><testcase classname="backend.tests.test_truckload_bookings_v18.TestCRUD" name="test_02_patch_only_passed_keys_and_drops_unknown" time="0.422" /><testcase classname="backend.tests.test_truckload_bookings_v18.TestCRUD" name="test_03_patch_status_select" time="0.137" /><testcase classname="backend.tests.test_truckload_bookings_v18.TestCRUD" name="test_04_version_bumps_per_edit" time="0.555" /><testcase classname="backend.tests.test_truckload_bookings_v18.TestCRUD" name="test_05_delete_row" time="0.473" /><testcase classname="backend.tests.test_truckload_bookings_v18.TestCRUD" name="test_06_patch_404_for_missing" time="0.129" /><testcase classname="backend.tests.test_truckload_bookings_v18.TestCRUD" name="test_07_delete_404_for_missing" time="0.111" /><testcase classname="backend.tests.test_truckload_bookings_v18.TestAuthz" name="test_unauthenticated_blocked" time="0.103" /></testsuite></testsuites>