<?xml version="1.0" encoding="utf-8"?><testsuites name="pytest tests"><testsuite name="pytest" errors="0" failures="0" skipped="0" tests="10" time="2.059" timestamp="2026-05-11T17:57:52.973860+00:00" hostname="agent-env-76fe2d30-fcd7-45b5-8fb4-0ddf9ce5af8c"><testcase classname="backend.tests.test_iter13.TestRoutingGuide" name="test_pdf_is_public_no_auth" time="0.197" /><testcase classname="backend.tests.test_iter13.TestRoutingGuide" name="test_pdf_public_explicit_no_auth_header" time="0.186" /><testcase classname="backend.tests.test_iter13.TestRoutingGuide" name="test_info_admin" time="0.118" /><testcase classname="backend.tests.test_iter13.TestRoutingGuide" name="test_email_template" time="0.140" /><testcase classname="backend.tests.test_iter13.TestRoutingGuide" name="test_versions_list" time="0.113" /><testcase classname="backend.tests.test_iter13.TestRoutingGuide" name="test_upload_new_revision" time="0.432" /><testcase classname="backend.tests.test_iter13.TestTruckloadCarrierCombo" name="test_columns_have_carrier_combo" time="0.119" /><testcase classname="backend.tests.test_iter13.TestTruckloadCarrierCombo" name="test_top_level_carrier_options" time="0.112" /><testcase classname="backend.tests.test_iter13.TestRegression" name="test_truckload_post_patch_version" time="0.471" /><testcase classname="backend.tests.test_iter13.TestRegression" name="test_approved_carriers" time="0.118" /></testsuite></testsuites>