<?xml version="1.0" encoding="utf-8"?><testsuites name="pytest tests"><testsuite name="pytest" errors="0" failures="0" skipped="0" tests="24" time="3.662" timestamp="2026-05-16T17:50:46.394853+00:00" hostname="agent-env-76fe2d30-fcd7-45b5-8fb4-0ddf9ce5af8c"><testcase classname="backend.tests.test_iter23_calafia_photos_automail" name="test_auth_admin_ok" time="0.175" /><testcase classname="backend.tests.test_iter23_calafia_photos_automail" name="test_settings_defaults" time="0.099" /><testcase classname="backend.tests.test_iter23_calafia_photos_automail" name="test_settings_put_persists_and_rejects_unknown" time="0.103" /><testcase classname="backend.tests.test_iter23_calafia_photos_automail" name="test_settings_put_requires_admin" time="0.141" /><testcase classname="backend.tests.test_iter23_calafia_photos_automail" name="test_settings_put_empty_payload_rejected" time="0.045" /><testcase classname="backend.tests.test_iter23_calafia_photos_automail" name="test_auto_bol_email_hint_when_resend_missing" time="0.424" /><testcase classname="backend.tests.test_iter23_calafia_photos_automail" name="test_pod_photo_upload_and_list" time="0.153" /><testcase classname="backend.tests.test_iter23_calafia_photos_automail" name="test_pod_photo_fetch_returns_jpeg" time="0.101" /><testcase classname="backend.tests.test_iter23_calafia_photos_automail" name="test_pod_photo_max_3_enforced" time="0.270" /><testcase classname="backend.tests.test_iter23_calafia_photos_automail" name="test_pod_pdf_grows_when_photos_attached" time="0.537" /><testcase classname="backend.tests.test_iter23_calafia_photos_automail" name="test_pod_photo_delete_and_404" time="0.153" /><testcase classname="backend.tests.test_iter23_calafia_photos_automail" name="test_mark_delivered_auto_pod_hint" time="0.271" /><testcase classname="backend.tests.test_iter23_calafia_photos_automail" name="test_mark_delivered_silent_when_no_customer_email" time="0.209" /><testcase classname="backend.tests.test_iter23_calafia_photos_automail" name="test_board_loads_source_synthetic_fallback[dat]" time="0.076" /><testcase classname="backend.tests.test_iter23_calafia_photos_automail" name="test_board_loads_source_synthetic_fallback[truckstop]" time="0.049" /><testcase classname="backend.tests.test_iter23_calafia_photos_automail" name="test_board_loads_source_synthetic_fallback[convoy]" time="0.058" /><testcase classname="backend.tests.test_iter23_calafia_photos_automail" name="test_dashboard_ok" time="0.051" /><testcase classname="backend.tests.test_iter23_calafia_photos_automail" name="test_bookings_list_no_id_leak" time="0.047" /><testcase classname="backend.tests.test_iter23_calafia_photos_automail" name="test_bol_pdf_regression" time="0.180" /><testcase classname="backend.tests.test_iter23_calafia_photos_automail" name="test_pod_email_dry_run" time="0.167" /><testcase classname="backend.tests.test_iter23_calafia_photos_automail" name="test_pod_history" time="0.049" /><testcase classname="backend.tests.test_iter23_calafia_photos_automail" name="test_qb_oauth_start_400_without_creds" time="0.051" /><testcase classname="backend.tests.test_iter23_calafia_photos_automail" name="test_loads_book_and_margins" time="0.170" /><testcase classname="backend.tests.test_iter23_calafia_photos_automail" name="test_zz_reset_settings" time="0.054" /></testsuite></testsuites>