<?xml version="1.0" encoding="utf-8"?><testsuites name="pytest tests"><testsuite name="pytest" errors="0" failures="0" skipped="0" tests="15" time="7.982" timestamp="2026-06-18T00:19:14.427616+00:00" hostname="agent-env-76fe2d30-fcd7-45b5-8fb4-0ddf9ce5af8c"><testcase classname="backend.tests.test_factoring" name="test_list_factors_returns_8" time="0.185" /><testcase classname="backend.tests.test_factoring" name="test_get_factor_detail_and_404" time="0.233" /><testcase classname="backend.tests.test_factoring" name="test_list_stages_returns_5" time="0.100" /><testcase classname="backend.tests.test_factoring" name="test_recommend_stage_stage1_midwest_priority" time="0.095" /><testcase classname="backend.tests.test_factoring" name="test_compare_cost_abl_lowest" time="0.105" /><testcase classname="backend.tests.test_factoring" name="test_list_strategies_returns_4" time="0.106" /><testcase classname="backend.tests.test_factoring" name="test_outreach_generate_contains_personal_data" time="0.112" /><testcase classname="backend.tests.test_factoring" name="test_outreach_ai_polish_graceful" time="5.841" /><testcase classname="backend.tests.test_factoring" name="test_create_application_and_list" time="0.283" /><testcase classname="backend.tests.test_factoring" name="test_update_and_delete_application" time="0.195" /><testcase classname="backend.tests.test_factoring" name="test_create_submission_with_calc" time="0.102" /><testcase classname="backend.tests.test_factoring" name="test_update_submission_status_and_list" time="0.247" /><testcase classname="backend.tests.test_factoring" name="test_invalid_status_rejected" time="0.097" /><testcase classname="backend.tests.test_factoring" name="test_delete_submission_cleanup" time="0.120" /><testcase classname="backend.tests.test_factoring" name="test_dashboard_aggregates" time="0.107" /></testsuite></testsuites>