<?xml version="1.0" encoding="utf-8"?><testsuites name="pytest tests"><testsuite name="pytest" errors="0" failures="0" skipped="0" tests="21" time="2.170" timestamp="2026-05-16T17:28:31.336042+00:00" hostname="agent-env-76fe2d30-fcd7-45b5-8fb4-0ddf9ce5af8c"><testcase classname="backend.tests.test_iter22_bol_pod_qb" name="test_auth_me_ok" time="0.240" /><testcase classname="backend.tests.test_iter22_bol_pod_qb" name="test_list_bookings_shape" time="0.048" /><testcase classname="backend.tests.test_iter22_bol_pod_qb" name="test_set_booking_customer_persists" time="0.146" /><testcase classname="backend.tests.test_iter22_bol_pod_qb" name="test_set_customer_404_for_unknown" time="0.046" /><testcase classname="backend.tests.test_iter22_bol_pod_qb" name="test_bol_pdf_valid" time="0.178" /><testcase classname="backend.tests.test_iter22_bol_pod_qb" name="test_bol_stamps_bol_no" time="0.053" /><testcase classname="backend.tests.test_iter22_bol_pod_qb" name="test_pod_pdf_valid" time="0.140" /><testcase classname="backend.tests.test_iter22_bol_pod_qb" name="test_pod_email_dry_run" time="0.134" /><testcase classname="backend.tests.test_iter22_bol_pod_qb" name="test_pod_email_dry_run_updates_status_and_delivery" time="0.047" /><testcase classname="backend.tests.test_iter22_bol_pod_qb" name="test_pod_history" time="0.046" /><testcase classname="backend.tests.test_iter22_bol_pod_qb" name="test_pod_email_without_resend_creds_returns_400" time="0.183" /><testcase classname="backend.tests.test_iter22_bol_pod_qb" name="test_qb_oauth_start_missing_creds" time="0.103" /><testcase classname="backend.tests.test_iter22_bol_pod_qb" name="test_qb_oauth_start_with_creds" time="0.207" /><testcase classname="backend.tests.test_iter22_bol_pod_qb" name="test_regression_get_endpoints[/api/brokerage/dashboard]" time="0.052" /><testcase classname="backend.tests.test_iter22_bol_pod_qb" name="test_regression_get_endpoints[/api/brokerage/boards]" time="0.047" /><testcase classname="backend.tests.test_iter22_bol_pod_qb" name="test_regression_get_endpoints[/api/brokerage/margins]" time="0.059" /><testcase classname="backend.tests.test_iter22_bol_pod_qb" name="test_regression_get_endpoints[/api/brokerage/factoring/status]" time="0.056" /><testcase classname="backend.tests.test_iter22_bol_pod_qb" name="test_regression_get_endpoints[/api/brokerage/business-plan]" time="0.048" /><testcase classname="backend.tests.test_iter22_bol_pod_qb" name="test_regression_get_endpoints[/api/brokerage/cost-analysis]" time="0.048" /><testcase classname="backend.tests.test_iter22_bol_pod_qb" name="test_regression_investor_pitch_preview" time="0.091" /><testcase classname="backend.tests.test_iter22_bol_pod_qb" name="test_regression_book_and_settle" time="0.139" /></testsuite></testsuites>