<?xml version="1.0" encoding="utf-8"?><testsuites name="pytest tests"><testsuite name="pytest" errors="0" failures="0" skipped="0" tests="15" time="5.708" timestamp="2026-06-18T00:01:30.922235+00:00" hostname="agent-env-76fe2d30-fcd7-45b5-8fb4-0ddf9ce5af8c"><testcase classname="backend.tests.test_orisei_workflow" name="test_workflow_stages" time="0.167" /><testcase classname="backend.tests.test_orisei_workflow" name="test_checklist_shape" time="0.213" /><testcase classname="backend.tests.test_orisei_workflow" name="test_mark_stage_increments_progress" time="0.327" /><testcase classname="backend.tests.test_orisei_workflow" name="test_mark_stage_unknown" time="0.109" /><testcase classname="backend.tests.test_orisei_workflow" name="test_quick_margin" time="0.226" /><testcase classname="backend.tests.test_orisei_workflow" name="test_invite_default_seeded" time="0.111" /><testcase classname="backend.tests.test_orisei_workflow" name="test_invite_template_crud_and_preview" time="0.479" /><testcase classname="backend.tests.test_orisei_workflow" name="test_invite_cannot_delete_default" time="0.229" /><testcase classname="backend.tests.test_orisei_workflow" name="test_invoice_list_contains" time="0.365" /><testcase classname="backend.tests.test_orisei_workflow" name="test_invoice_pdf_renders" time="2.481" /><testcase classname="backend.tests.test_orisei_workflow" name="test_doc_overrides_and_pdf_embed" time="0.400" /><testcase classname="backend.tests.test_orisei_workflow" name="test_invoice_inline_edit" time="0.119" /><testcase classname="backend.tests.test_orisei_workflow" name="test_domain_get_set" time="0.226" /><testcase classname="backend.tests.test_orisei_workflow" name="test_broker_promo_video_http" time="0.094" /><testcase classname="backend.tests.test_orisei_workflow" name="test_marketing_site_references_broker_promo" time="0.112" /></testsuite></testsuites>