<?xml version="1.0" encoding="utf-8"?><testsuites name="pytest tests"><testsuite name="pytest" errors="0" failures="0" skipped="0" tests="37" time="5.750" timestamp="2026-05-11T07:27:47.945478+00:00" hostname="agent-env-76fe2d30-fcd7-45b5-8fb4-0ddf9ce5af8c"><testcase classname="backend.tests.backend_test.TestHealth" name="test_root" time="0.240" /><testcase classname="backend.tests.backend_test.TestAuth" name="test_me_unauthenticated" time="0.165" /><testcase classname="backend.tests.backend_test.TestAuth" name="test_me_authenticated" time="0.536" /><testcase classname="backend.tests.backend_test.TestAuth" name="test_invalid_token" time="0.137" /><testcase classname="backend.tests.backend_test.TestSeed" name="test_seed_force" time="0.070" /><testcase classname="backend.tests.backend_test.TestFacilities" name="test_list" time="0.064" /><testcase classname="backend.tests.backend_test.TestFacilities" name="test_requires_auth" time="0.120" /><testcase classname="backend.tests.backend_test.TestShipments" name="test_list" time="0.072" /><testcase classname="backend.tests.backend_test.TestShipments" name="test_filter_mode" time="0.062" /><testcase classname="backend.tests.backend_test.TestShipments" name="test_filter_status" time="0.061" /><testcase classname="backend.tests.backend_test.TestShipments" name="test_get_specific" time="0.135" /><testcase classname="backend.tests.backend_test.TestShipments" name="test_get_notfound" time="0.064" /><testcase classname="backend.tests.backend_test.TestShipments" name="test_create_shipment" time="0.125" /><testcase classname="backend.tests.backend_test.TestKPIs" name="test_kpis" time="0.065" /><testcase classname="backend.tests.backend_test.TestFeeds" name="test_weather" time="0.800" /><testcase classname="backend.tests.backend_test.TestFeeds" name="test_news" time="0.068" /><testcase classname="backend.tests.backend_test.TestFeeds" name="test_traffic" time="0.063" /><testcase classname="backend.tests.backend_test.TestFeeds" name="test_integrations" time="0.061" /><testcase classname="backend.tests.backend_test.TestRef" name="test_trailers" time="0.062" /><testcase classname="backend.tests.backend_test.TestRef" name="test_hs_lookup_search" time="0.062" /><testcase classname="backend.tests.backend_test.TestRef" name="test_hs_lookup_all" time="0.065" /><testcase classname="backend.tests.backend_test.TestRef" name="test_links" time="0.062" /><testcase classname="backend.tests.backend_test.TestChat" name="test_channels" time="0.062" /><testcase classname="backend.tests.backend_test.TestChat" name="test_messages" time="0.062" /><testcase classname="backend.tests.backend_test.TestChat" name="test_websocket" time="0.255" /><testcase classname="backend.tests.backend_test.TestFreightBills" name="test_list" time="0.067" /><testcase classname="backend.tests.backend_test.TestFreightBills" name="test_summary" time="0.063" /><testcase classname="backend.tests.backend_test.TestFreightBills" name="test_filter" time="0.064" /><testcase classname="backend.tests.backend_test.TestFreightBills" name="test_approve_pay_dispute" time="0.318" /><testcase classname="backend.tests.backend_test.TestCarrierOnboarding" name="test_list" time="0.112" /><testcase classname="backend.tests.backend_test.TestCarrierOnboarding" name="test_create_and_decide" time="0.435" /><testcase classname="backend.tests.backend_test.TestDriver" name="test_get_shipment_no_auth" time="0.199" /><testcase classname="backend.tests.backend_test.TestDriver" name="test_get_shipment_notfound" time="0.137" /><testcase classname="backend.tests.backend_test.TestDriver" name="test_checkin_no_auth_updates_shipment" time="0.299" /><testcase classname="backend.tests.backend_test.TestDriver" name="test_checkin_invalid_shipment" time="0.162" /><testcase classname="backend.tests.backend_test.TestDriver" name="test_list_checkins_requires_auth" time="0.215" /><testcase classname="backend.tests.backend_test.TestLogout" name="test_logout_ok" time="0.063" /></testsuite></testsuites>