<?xml version="1.0" encoding="utf-8"?><testsuites name="pytest tests"><testsuite name="pytest" errors="0" failures="0" skipped="0" tests="64" time="12.887" timestamp="2026-05-11T08:03:24.815927+00:00" hostname="agent-env-76fe2d30-fcd7-45b5-8fb4-0ddf9ce5af8c"><testcase classname="backend.tests.backend_test.TestHealth" name="test_root" time="0.155" /><testcase classname="backend.tests.backend_test.TestAuth" name="test_me_unauthenticated" time="0.110" /><testcase classname="backend.tests.backend_test.TestAuth" name="test_me_authenticated" time="0.528" /><testcase classname="backend.tests.backend_test.TestAuth" name="test_invalid_token" time="0.106" /><testcase classname="backend.tests.backend_test.TestSeed" name="test_seed_force" time="0.059" /><testcase classname="backend.tests.backend_test.TestFacilities" name="test_list" time="0.059" /><testcase classname="backend.tests.backend_test.TestFacilities" name="test_requires_auth" time="0.137" /><testcase classname="backend.tests.backend_test.TestShipments" name="test_list" time="0.056" /><testcase classname="backend.tests.backend_test.TestShipments" name="test_filter_mode" time="0.052" /><testcase classname="backend.tests.backend_test.TestShipments" name="test_filter_status" time="0.052" /><testcase classname="backend.tests.backend_test.TestShipments" name="test_get_specific" time="0.105" /><testcase classname="backend.tests.backend_test.TestShipments" name="test_get_notfound" time="0.054" /><testcase classname="backend.tests.backend_test.TestShipments" name="test_create_shipment" time="0.103" /><testcase classname="backend.tests.backend_test.TestKPIs" name="test_kpis" time="0.056" /><testcase classname="backend.tests.backend_test.TestFeeds" name="test_weather" time="0.795" /><testcase classname="backend.tests.backend_test.TestFeeds" name="test_news" time="0.053" /><testcase classname="backend.tests.backend_test.TestFeeds" name="test_traffic" time="0.048" /><testcase classname="backend.tests.backend_test.TestFeeds" name="test_integrations" time="0.053" /><testcase classname="backend.tests.backend_test.TestRef" name="test_trailers" time="0.050" /><testcase classname="backend.tests.backend_test.TestRef" name="test_hs_lookup_search" time="0.052" /><testcase classname="backend.tests.backend_test.TestRef" name="test_hs_lookup_all" time="0.049" /><testcase classname="backend.tests.backend_test.TestRef" name="test_links" time="0.051" /><testcase classname="backend.tests.backend_test.TestChat" name="test_channels" time="0.049" /><testcase classname="backend.tests.backend_test.TestChat" name="test_messages" time="0.051" /><testcase classname="backend.tests.backend_test.TestChat" name="test_websocket" time="0.236" /><testcase classname="backend.tests.backend_test.TestFreightBills" name="test_list" time="0.065" /><testcase classname="backend.tests.backend_test.TestFreightBills" name="test_summary" time="0.053" /><testcase classname="backend.tests.backend_test.TestFreightBills" name="test_filter" time="0.051" /><testcase classname="backend.tests.backend_test.TestFreightBills" name="test_approve_pay_dispute" time="0.933" /><testcase classname="backend.tests.backend_test.TestFreightBills" name="test_freight_404_on_missing" time="0.160" /><testcase classname="backend.tests.backend_test.TestCarrierOnboarding" name="test_list" time="0.054" /><testcase classname="backend.tests.backend_test.TestCarrierOnboarding" name="test_create_and_decide" time="0.941" /><testcase classname="backend.tests.backend_test.TestDriver" name="test_get_shipment_no_auth" time="0.179" /><testcase classname="backend.tests.backend_test.TestDriver" name="test_get_shipment_notfound" time="0.120" /><testcase classname="backend.tests.backend_test.TestDriver" name="test_checkin_no_auth_updates_shipment" time="0.319" /><testcase classname="backend.tests.backend_test.TestDriver" name="test_checkin_invalid_shipment" time="0.114" /><testcase classname="backend.tests.backend_test.TestDriver" name="test_list_checkins_requires_auth" time="0.169" /><testcase classname="backend.tests.backend_test.TestLogout" name="test_logout_ok" time="0.046" /><testcase classname="backend.tests.test_iter234.TestDocumentPDF" name="test_pdf_requires_auth" time="0.138" /><testcase classname="backend.tests.test_iter234.TestDocumentPDF" name="test_pdf_404_on_missing" time="0.052" /><testcase classname="backend.tests.test_iter234.TestDocumentPDF" name="test_pdf_renders_all_doc_types" time="0.680" /><testcase classname="backend.tests.test_iter234.TestAdminRBAC" name="test_list_users_admin_only" time="0.218" /><testcase classname="backend.tests.test_iter234.TestAdminRBAC" name="test_seed_team_admin_only_and_idempotent" time="0.145" /><testcase classname="backend.tests.test_iter234.TestAdminRBAC" name="test_change_role" time="0.197" /><testcase classname="backend.tests.test_iter234.TestAdminRBAC" name="test_change_role_unknown_user" time="0.047" /><testcase classname="backend.tests.test_iter234.TestSAP" name="test_config" time="0.049" /><testcase classname="backend.tests.test_iter234.TestSAP" name="test_sales_orders_and_plant_filter" time="0.105" /><testcase classname="backend.tests.test_iter234.TestSAP" name="test_purchase_orders_only_imports" time="0.058" /><testcase classname="backend.tests.test_iter234.TestSAP" name="test_sync_rbac_and_logs" time="0.201" /><testcase classname="backend.tests.test_iter234.TestAIAssistant" name="test_chat_single_message" time="2.726" /><testcase classname="backend.tests.test_iter234.TestAIAssistant" name="test_history_user_scoped" time="0.050" /><testcase classname="backend.tests.test_iter234.TestAIAssistant" name="test_delete_history" time="0.104" /><testcase classname="backend.tests.test_iter234.TestWebex" name="test_endpoints_require_auth" time="0.478" /><testcase classname="backend.tests.test_iter234.TestWebex" name="test_static_collections" time="0.148" /><testcase classname="backend.tests.test_iter234.TestWebex" name="test_notify_writes_log" time="0.106" /><testcase classname="backend.tests.test_iter234.TestWebex" name="test_schedule_creates_meeting" time="0.055" /><testcase classname="backend.tests.test_iter234.TestWorkbook" name="test_tabs_autoseed_13" time="0.054" /><testcase classname="backend.tests.test_iter234.TestWorkbook" name="test_tabs_require_auth" time="0.098" /><testcase classname="backend.tests.test_iter234.TestWorkbook" name="test_create_unknown_kind_rejected" time="0.055" /><testcase classname="backend.tests.test_iter234.TestWorkbook" name="test_create_rename_delete_tab" time="0.309" /><testcase classname="backend.tests.test_iter234.TestWorkbook" name="test_rows_projection_nested_keys" time="0.110" /><testcase classname="backend.tests.test_iter234.TestWorkbook" name="test_rows_404_on_missing_tab" time="0.051" /><testcase classname="backend.tests.test_iter234.TestWorkbook" name="test_export_tab_xlsx" time="0.122" /><testcase classname="backend.tests.test_iter234.TestWorkbook" name="test_export_all_xlsx" time="0.091" /></testsuite></testsuites>