<?xml version="1.0" encoding="utf-8"?><testsuites name="pytest tests"><testsuite name="pytest" errors="0" failures="0" skipped="2" tests="18" time="3.622" timestamp="2026-05-11T11:00:00.432112+00:00" hostname="agent-env-76fe2d30-fcd7-45b5-8fb4-0ddf9ce5af8c"><testcase classname="backend.tests.test_v15.TestShipmentsV15" name="test_list" time="0.577" /><testcase classname="backend.tests.test_v15.TestShipmentsV15" name="test_update_and_soft_delete" time="0.239" /><testcase classname="backend.tests.test_v15.TestShipmentsV15" name="test_update_404" time="0.046" /><testcase classname="backend.tests.test_v15.TestShipmentsV15" name="test_delete_404" time="0.046" /><testcase classname="backend.tests.test_v15.TestShipmentsV15" name="test_bol_upload_and_retrieve" time="0.325" /><testcase classname="backend.tests.test_v15.TestReports" name="test_weekly_weights" time="0.049" /><testcase classname="backend.tests.test_v15.TestReports" name="test_kpis_pdf" time="0.048"><skipped type="pytest.skip" message="KPI PDF endpoint not present">/app/backend/tests/test_v15.py:95: KPI PDF endpoint not present</skipped></testcase><testcase classname="backend.tests.test_v15.TestTradeCompliance" name="test_get" time="0.046" /><testcase classname="backend.tests.test_v15.TestArcade" name="test_leaderboard" time="0.047" /><testcase classname="backend.tests.test_v15.TestMachines" name="test_list" time="0.048" /><testcase classname="backend.tests.test_v15.TestSuppliers" name="test_list" time="0.046" /><testcase classname="backend.tests.test_v15.TestClaims" name="test_list_and_create" time="0.097" /><testcase classname="backend.tests.test_v15.TestVault" name="test_list_files" time="0.054" /><testcase classname="backend.tests.test_v15.TestCarriers" name="test_list" time="0.044"><skipped type="pytest.skip" message="carriers endpoint not present">/app/backend/tests/test_v15.py:180: carriers endpoint not present</skipped></testcase><testcase classname="backend.tests.test_v15.TestManual" name="test_download" time="0.345" /><testcase classname="backend.tests.test_v15.TestAdminAllowList" name="test_test_admin_session_regression" time="0.157" /><testcase classname="backend.tests.test_v15.TestAdminAllowList" name="test_admin_emails_env_set" time="0.000" /><testcase classname="backend.tests.test_v15.TestAdminAllowList" name="test_allow_listed_user_promoted_on_relogin" time="1.361" /></testsuite></testsuites>